{"D:\\Документы\\Programming\\RollingScopesSchool\\REACT\\REACT2025Q3\\src\\index.tsx": {"path":"D:\\Документы\\Programming\\RollingScopesSchool\\REACT\\REACT2025Q3\\src\\index.tsx","all":true,"statementMap":{"0":{"start":{"line":1,"column":0},"end":{"line":1,"column":40}},"1":{"start":{"line":2,"column":0},"end":{"line":2,"column":60}},"2":{"start":{"line":3,"column":0},"end":{"line":3,"column":39}},"3":{"start":{"line":4,"column":0},"end":{"line":4,"column":32}},"4":{"start":{"line":5,"column":0},"end":{"line":5,"column":52}},"5":{"start":{"line":6,"column":0},"end":{"line":6,"column":73}},"6":{"start":{"line":7,"column":0},"end":{"line":7,"column":53}},"7":{"start":{"line":8,"column":0},"end":{"line":8,"column":56}},"8":{"start":{"line":9,"column":0},"end":{"line":9,"column":65}},"9":{"start":{"line":10,"column":0},"end":{"line":10,"column":22}},"10":{"start":{"line":11,"column":0},"end":{"line":11,"column":0}},"11":{"start":{"line":12,"column":0},"end":{"line":12,"column":69}},"12":{"start":{"line":13,"column":0},"end":{"line":13,"column":0}},"13":{"start":{"line":14,"column":0},"end":{"line":14,"column":42}},"14":{"start":{"line":15,"column":0},"end":{"line":15,"column":19}},"15":{"start":{"line":16,"column":0},"end":{"line":16,"column":30}},"16":{"start":{"line":17,"column":0},"end":{"line":17,"column":20}},"17":{"start":{"line":18,"column":0},"end":{"line":18,"column":25}},"18":{"start":{"line":19,"column":0},"end":{"line":19,"column":20}},"19":{"start":{"line":20,"column":0},"end":{"line":20,"column":55}},"20":{"start":{"line":21,"column":0},"end":{"line":21,"column":62}},"21":{"start":{"line":22,"column":0},"end":{"line":22,"column":61}},"22":{"start":{"line":23,"column":0},"end":{"line":23,"column":59}},"23":{"start":{"line":24,"column":0},"end":{"line":24,"column":21}},"24":{"start":{"line":25,"column":0},"end":{"line":25,"column":26}},"25":{"start":{"line":26,"column":0},"end":{"line":26,"column":21}},"26":{"start":{"line":27,"column":0},"end":{"line":27,"column":17}},"27":{"start":{"line":28,"column":0},"end":{"line":28,"column":20}},"28":{"start":{"line":29,"column":0},"end":{"line":29,"column":2}}},"s":{"0":0,"1":0,"2":0,"3":0,"4":0,"5":0,"6":0,"7":0,"8":0,"9":0,"10":0,"11":0,"12":0,"13":0,"14":0,"15":0,"16":0,"17":0,"18":0,"19":0,"20":0,"21":0,"22":0,"23":0,"24":0,"25":0,"26":0,"27":0,"28":0},"branchMap":{"0":{"type":"branch","line":1,"loc":{"start":{"line":1,"column":0},"end":{"line":29,"column":2}},"locations":[{"start":{"line":1,"column":0},"end":{"line":29,"column":2}}]}},"b":{"0":[0]},"fnMap":{"0":{"name":"(empty-report)","decl":{"start":{"line":1,"column":0},"end":{"line":29,"column":2}},"loc":{"start":{"line":1,"column":0},"end":{"line":29,"column":2}},"line":1}},"f":{"0":0}}
,"D:\\Документы\\Programming\\RollingScopesSchool\\REACT\\REACT2025Q3\\src\\store.ts": {"path":"D:\\Документы\\Programming\\RollingScopesSchool\\REACT\\REACT2025Q3\\src\\store.ts","all":false,"statementMap":{"0":{"start":{"line":1,"column":0},"end":{"line":1,"column":50}},"1":{"start":{"line":2,"column":0},"end":{"line":2,"column":61}},"3":{"start":{"line":4,"column":0},"end":{"line":4,"column":37}},"4":{"start":{"line":5,"column":0},"end":{"line":5,"column":12}},"5":{"start":{"line":6,"column":0},"end":{"line":6,"column":38}},"6":{"start":{"line":7,"column":0},"end":{"line":7,"column":4}},"7":{"start":{"line":8,"column":0},"end":{"line":8,"column":3}}},"s":{"0":1,"1":1,"3":1,"4":1,"5":1,"6":1,"7":1},"branchMap":{},"b":{},"fnMap":{},"f":{}}
,"D:\\Документы\\Programming\\RollingScopesSchool\\REACT\\REACT2025Q3\\src\\components\\Button\\Button.tsx": {"path":"D:\\Документы\\Programming\\RollingScopesSchool\\REACT\\REACT2025Q3\\src\\components\\Button\\Button.tsx","all":false,"statementMap":{"1":{"start":{"line":2,"column":0},"end":{"line":2,"column":23}},"10":{"start":{"line":11,"column":0},"end":{"line":11,"column":47}},"11":{"start":{"line":12,"column":0},"end":{"line":12,"column":11}},"12":{"start":{"line":13,"column":0},"end":{"line":13,"column":16}},"13":{"start":{"line":14,"column":0},"end":{"line":14,"column":21}},"14":{"start":{"line":15,"column":0},"end":{"line":15,"column":26}},"15":{"start":{"line":16,"column":0},"end":{"line":16,"column":7}},"16":{"start":{"line":17,"column":0},"end":{"line":17,"column":10}},"17":{"start":{"line":18,"column":0},"end":{"line":18,"column":11}},"18":{"start":{"line":19,"column":0},"end":{"line":19,"column":71}},"19":{"start":{"line":20,"column":0},"end":{"line":20,"column":27}},"20":{"start":{"line":21,"column":0},"end":{"line":21,"column":29}},"22":{"start":{"line":23,"column":0},"end":{"line":23,"column":16}},"23":{"start":{"line":24,"column":0},"end":{"line":24,"column":13}},"25":{"start":{"line":26,"column":0},"end":{"line":26,"column":2}}},"s":{"1":1,"10":1,"11":48,"12":48,"13":48,"14":48,"15":48,"16":48,"17":48,"18":48,"19":48,"20":48,"22":48,"23":48,"25":48},"branchMap":{"0":{"type":"branch","line":11,"loc":{"start":{"line":11,"column":45},"end":{"line":26,"column":2}},"locations":[{"start":{"line":11,"column":45},"end":{"line":26,"column":2}}]},"1":{"type":"branch","line":19,"loc":{"start":{"line":19,"column":17},"end":{"line":19,"column":62}},"locations":[{"start":{"line":19,"column":17},"end":{"line":19,"column":62}}]},"2":{"type":"branch","line":19,"loc":{"start":{"line":19,"column":35},"end":{"line":19,"column":71}},"locations":[{"start":{"line":19,"column":35},"end":{"line":19,"column":71}}]}},"b":{"0":[48],"1":[3],"2":[45]},"fnMap":{"0":{"name":"Button","decl":{"start":{"line":11,"column":45},"end":{"line":26,"column":2}},"loc":{"start":{"line":11,"column":45},"end":{"line":26,"column":2}},"line":11}},"f":{"0":48}}
,"D:\\Документы\\Programming\\RollingScopesSchool\\REACT\\REACT2025Q3\\src\\components\\Card\\Card.tsx": {"path":"D:\\Документы\\Programming\\RollingScopesSchool\\REACT\\REACT2025Q3\\src\\components\\Card\\Card.tsx","all":false,"statementMap":{"1":{"start":{"line":2,"column":0},"end":{"line":2,"column":51}},"2":{"start":{"line":3,"column":0},"end":{"line":3,"column":55}},"3":{"start":{"line":4,"column":0},"end":{"line":4,"column":94}},"5":{"start":{"line":6,"column":0},"end":{"line":6,"column":48}},"6":{"start":{"line":7,"column":0},"end":{"line":7,"column":21}},"20":{"start":{"line":21,"column":0},"end":{"line":21,"column":43}},"21":{"start":{"line":22,"column":0},"end":{"line":22,"column":6}},"22":{"start":{"line":23,"column":0},"end":{"line":23,"column":10}},"23":{"start":{"line":24,"column":0},"end":{"line":24,"column":7}},"24":{"start":{"line":25,"column":0},"end":{"line":25,"column":11}},"25":{"start":{"line":26,"column":0},"end":{"line":26,"column":9}},"26":{"start":{"line":27,"column":0},"end":{"line":27,"column":13}},"27":{"start":{"line":28,"column":0},"end":{"line":28,"column":12}},"28":{"start":{"line":29,"column":0},"end":{"line":29,"column":8}},"29":{"start":{"line":30,"column":0},"end":{"line":30,"column":11}},"30":{"start":{"line":31,"column":0},"end":{"line":31,"column":7}},"31":{"start":{"line":32,"column":0},"end":{"line":32,"column":60}},"32":{"start":{"line":33,"column":0},"end":{"line":33,"column":33}},"33":{"start":{"line":34,"column":0},"end":{"line":34,"column":89}},"34":{"start":{"line":35,"column":0},"end":{"line":35,"column":66}},"36":{"start":{"line":37,"column":0},"end":{"line":37,"column":29}},"37":{"start":{"line":38,"column":0},"end":{"line":38,"column":62}},"39":{"start":{"line":40,"column":0},"end":{"line":40,"column":55}},"40":{"start":{"line":41,"column":0},"end":{"line":41,"column":37}},"41":{"start":{"line":42,"column":0},"end":{"line":42,"column":3}},"43":{"start":{"line":44,"column":0},"end":{"line":44,"column":60}},"44":{"start":{"line":45,"column":0},"end":{"line":45,"column":28}},"46":{"start":{"line":47,"column":0},"end":{"line":47,"column":21}},"47":{"start":{"line":48,"column":0},"end":{"line":48,"column":32}},"48":{"start":{"line":49,"column":0},"end":{"line":49,"column":13}},"49":{"start":{"line":50,"column":0},"end":{"line":50,"column":5}},"51":{"start":{"line":52,"column":0},"end":{"line":52,"column":22}},"52":{"start":{"line":53,"column":0},"end":{"line":53,"column":10}},"53":{"start":{"line":54,"column":0},"end":{"line":54,"column":14}},"54":{"start":{"line":55,"column":0},"end":{"line":55,"column":11}},"55":{"start":{"line":56,"column":0},"end":{"line":56,"column":15}},"56":{"start":{"line":57,"column":0},"end":{"line":57,"column":13}},"57":{"start":{"line":58,"column":0},"end":{"line":58,"column":17}},"58":{"start":{"line":59,"column":0},"end":{"line":59,"column":16}},"59":{"start":{"line":60,"column":0},"end":{"line":60,"column":12}},"60":{"start":{"line":61,"column":0},"end":{"line":61,"column":15}},"61":{"start":{"line":62,"column":0},"end":{"line":62,"column":8}},"62":{"start":{"line":63,"column":0},"end":{"line":63,"column":3}},"64":{"start":{"line":65,"column":0},"end":{"line":65,"column":10}},"65":{"start":{"line":66,"column":0},"end":{"line":66,"column":48}},"66":{"start":{"line":67,"column":0},"end":{"line":67,"column":35}},"67":{"start":{"line":68,"column":0},"end":{"line":68,"column":90}},"68":{"start":{"line":69,"column":0},"end":{"line":69,"column":48}},"69":{"start":{"line":70,"column":0},"end":{"line":70,"column":12}},"70":{"start":{"line":71,"column":0},"end":{"line":71,"column":40}},"71":{"start":{"line":72,"column":0},"end":{"line":72,"column":39}},"72":{"start":{"line":73,"column":0},"end":{"line":73,"column":32}},"73":{"start":{"line":74,"column":0},"end":{"line":74,"column":33}},"74":{"start":{"line":75,"column":0},"end":{"line":75,"column":13}},"75":{"start":{"line":76,"column":0},"end":{"line":76,"column":39}},"76":{"start":{"line":77,"column":0},"end":{"line":77,"column":30}},"77":{"start":{"line":78,"column":0},"end":{"line":78,"column":31}},"78":{"start":{"line":79,"column":0},"end":{"line":79,"column":13}},"79":{"start":{"line":80,"column":0},"end":{"line":80,"column":39}},"80":{"start":{"line":81,"column":0},"end":{"line":81,"column":35}},"81":{"start":{"line":82,"column":0},"end":{"line":82,"column":35}},"82":{"start":{"line":83,"column":0},"end":{"line":83,"column":13}},"83":{"start":{"line":84,"column":0},"end":{"line":84,"column":39}},"84":{"start":{"line":85,"column":0},"end":{"line":85,"column":29}},"85":{"start":{"line":86,"column":0},"end":{"line":86,"column":34}},"86":{"start":{"line":87,"column":0},"end":{"line":87,"column":13}},"87":{"start":{"line":88,"column":0},"end":{"line":88,"column":39}},"88":{"start":{"line":89,"column":0},"end":{"line":89,"column":29}},"89":{"start":{"line":90,"column":0},"end":{"line":90,"column":30}},"90":{"start":{"line":91,"column":0},"end":{"line":91,"column":13}},"91":{"start":{"line":92,"column":0},"end":{"line":92,"column":39}},"92":{"start":{"line":93,"column":0},"end":{"line":93,"column":32}},"93":{"start":{"line":94,"column":0},"end":{"line":94,"column":33}},"94":{"start":{"line":95,"column":0},"end":{"line":95,"column":13}},"95":{"start":{"line":96,"column":0},"end":{"line":96,"column":11}},"96":{"start":{"line":97,"column":0},"end":{"line":97,"column":10}},"98":{"start":{"line":99,"column":0},"end":{"line":99,"column":2}}},"s":{"1":1,"2":1,"3":1,"5":1,"6":1,"20":1,"21":4,"22":4,"23":4,"24":4,"25":4,"26":4,"27":4,"28":4,"29":4,"30":4,"31":4,"32":4,"33":4,"34":4,"36":4,"37":0,"39":0,"40":0,"41":0,"43":4,"44":0,"46":0,"47":0,"48":0,"49":0,"51":0,"52":0,"53":0,"54":0,"55":0,"56":0,"57":0,"58":0,"59":0,"60":0,"61":0,"62":0,"64":4,"65":4,"66":4,"67":4,"68":4,"69":4,"70":4,"71":4,"72":4,"73":4,"74":4,"75":4,"76":4,"77":4,"78":4,"79":4,"80":4,"81":4,"82":4,"83":4,"84":4,"85":4,"86":4,"87":4,"88":4,"89":4,"90":4,"91":4,"92":4,"93":4,"94":4,"95":4,"96":4,"98":4},"branchMap":{"0":{"type":"branch","line":21,"loc":{"start":{"line":21,"column":41},"end":{"line":99,"column":2}},"locations":[{"start":{"line":21,"column":41},"end":{"line":99,"column":2}}]},"1":{"type":"branch","line":34,"loc":{"start":{"line":34,"column":36},"end":{"line":34,"column":87}},"locations":[{"start":{"line":34,"column":36},"end":{"line":34,"column":87}}]}},"b":{"0":[4],"1":[8]},"fnMap":{"0":{"name":"Card","decl":{"start":{"line":21,"column":41},"end":{"line":99,"column":2}},"loc":{"start":{"line":21,"column":41},"end":{"line":99,"column":2}},"line":21},"1":{"name":"handleClick","decl":{"start":{"line":37,"column":22},"end":{"line":42,"column":3}},"loc":{"start":{"line":37,"column":22},"end":{"line":42,"column":3}},"line":37},"2":{"name":"handleCheckboxClick","decl":{"start":{"line":44,"column":30},"end":{"line":63,"column":3}},"loc":{"start":{"line":44,"column":30},"end":{"line":63,"column":3}},"line":44}},"f":{"0":4,"1":0,"2":0}}
,"D:\\Документы\\Programming\\RollingScopesSchool\\REACT\\REACT2025Q3\\src\\components\\CardsContainer\\CardsContainer.tsx": {"path":"D:\\Документы\\Programming\\RollingScopesSchool\\REACT\\REACT2025Q3\\src\\components\\CardsContainer\\CardsContainer.tsx","all":false,"statementMap":{"1":{"start":{"line":2,"column":0},"end":{"line":2,"column":36}},"3":{"start":{"line":4,"column":0},"end":{"line":4,"column":69}},"4":{"start":{"line":5,"column":0},"end":{"line":5,"column":31}},"10":{"start":{"line":11,"column":0},"end":{"line":11,"column":77}},"11":{"start":{"line":12,"column":0},"end":{"line":12,"column":37}},"12":{"start":{"line":13,"column":0},"end":{"line":13,"column":9}},"13":{"start":{"line":14,"column":0},"end":{"line":14,"column":20}},"14":{"start":{"line":15,"column":0},"end":{"line":15,"column":20}},"15":{"start":{"line":16,"column":0},"end":{"line":16,"column":41}},"16":{"start":{"line":17,"column":0},"end":{"line":17,"column":47}},"17":{"start":{"line":18,"column":0},"end":{"line":18,"column":55}},"18":{"start":{"line":19,"column":0},"end":{"line":19,"column":51}},"19":{"start":{"line":20,"column":0},"end":{"line":20,"column":59}},"20":{"start":{"line":21,"column":0},"end":{"line":21,"column":69}},"21":{"start":{"line":22,"column":0},"end":{"line":22,"column":55}},"22":{"start":{"line":23,"column":0},"end":{"line":23,"column":61}},"23":{"start":{"line":24,"column":0},"end":{"line":24,"column":6}},"24":{"start":{"line":25,"column":0},"end":{"line":25,"column":5}},"26":{"start":{"line":27,"column":0},"end":{"line":27,"column":56}},"27":{"start":{"line":28,"column":0},"end":{"line":28,"column":2}}},"s":{"1":1,"3":1,"4":1,"10":1,"11":1,"12":2,"13":2,"14":2,"15":2,"16":2,"17":2,"18":2,"19":2,"20":2,"21":2,"22":2,"23":2,"24":1,"26":1,"27":1},"branchMap":{"0":{"type":"branch","line":11,"loc":{"start":{"line":11,"column":61},"end":{"line":28,"column":2}},"locations":[{"start":{"line":11,"column":61},"end":{"line":28,"column":2}}]},"1":{"type":"branch","line":12,"loc":{"start":{"line":12,"column":26},"end":{"line":24,"column":6}},"locations":[{"start":{"line":12,"column":26},"end":{"line":24,"column":6}}]},"2":{"type":"branch","line":16,"loc":{"start":{"line":16,"column":20},"end":{"line":16,"column":41}},"locations":[{"start":{"line":16,"column":20},"end":{"line":16,"column":41}}]},"3":{"type":"branch","line":17,"loc":{"start":{"line":17,"column":32},"end":{"line":17,"column":47}},"locations":[{"start":{"line":17,"column":32},"end":{"line":17,"column":47}}]},"4":{"type":"branch","line":18,"loc":{"start":{"line":18,"column":40},"end":{"line":18,"column":55}},"locations":[{"start":{"line":18,"column":40},"end":{"line":18,"column":55}}]},"5":{"type":"branch","line":19,"loc":{"start":{"line":19,"column":36},"end":{"line":19,"column":51}},"locations":[{"start":{"line":19,"column":36},"end":{"line":19,"column":51}}]},"6":{"type":"branch","line":20,"loc":{"start":{"line":20,"column":44},"end":{"line":20,"column":59}},"locations":[{"start":{"line":20,"column":44},"end":{"line":20,"column":59}}]},"7":{"type":"branch","line":21,"loc":{"start":{"line":21,"column":33},"end":{"line":21,"column":54}},"locations":[{"start":{"line":21,"column":33},"end":{"line":21,"column":54}}]},"8":{"type":"branch","line":21,"loc":{"start":{"line":21,"column":54},"end":{"line":21,"column":69}},"locations":[{"start":{"line":21,"column":54},"end":{"line":21,"column":69}}]},"9":{"type":"branch","line":22,"loc":{"start":{"line":22,"column":29},"end":{"line":22,"column":40}},"locations":[{"start":{"line":22,"column":29},"end":{"line":22,"column":40}}]},"10":{"type":"branch","line":22,"loc":{"start":{"line":22,"column":40},"end":{"line":22,"column":55}},"locations":[{"start":{"line":22,"column":40},"end":{"line":22,"column":55}}]},"11":{"type":"branch","line":23,"loc":{"start":{"line":23,"column":32},"end":{"line":23,"column":46}},"locations":[{"start":{"line":23,"column":32},"end":{"line":23,"column":46}}]},"12":{"type":"branch","line":23,"loc":{"start":{"line":23,"column":46},"end":{"line":23,"column":61}},"locations":[{"start":{"line":23,"column":46},"end":{"line":23,"column":61}}]}},"b":{"0":[1],"1":[2],"2":[1],"3":[0],"4":[1],"5":[1],"6":[1],"7":[1],"8":[1],"9":[1],"10":[1],"11":[1],"12":[1]},"fnMap":{"0":{"name":"CardsContainer","decl":{"start":{"line":11,"column":61},"end":{"line":28,"column":2}},"loc":{"start":{"line":11,"column":61},"end":{"line":28,"column":2}},"line":11}},"f":{"0":1}}
,"D:\\Документы\\Programming\\RollingScopesSchool\\REACT\\REACT2025Q3\\src\\components\\Checkbox\\Checkbox.tsx": {"path":"D:\\Документы\\Programming\\RollingScopesSchool\\REACT\\REACT2025Q3\\src\\components\\Checkbox\\Checkbox.tsx","all":false,"statementMap":{"1":{"start":{"line":2,"column":0},"end":{"line":2,"column":25}},"8":{"start":{"line":9,"column":0},"end":{"line":9,"column":84}},"9":{"start":{"line":10,"column":0},"end":{"line":10,"column":10}},"10":{"start":{"line":11,"column":0},"end":{"line":11,"column":115}},"12":{"start":{"line":13,"column":0},"end":{"line":13,"column":2}}},"s":{"1":1,"8":1,"9":8,"10":8,"12":8},"branchMap":{"0":{"type":"branch","line":9,"loc":{"start":{"line":9,"column":49},"end":{"line":13,"column":2}},"locations":[{"start":{"line":9,"column":49},"end":{"line":13,"column":2}}]},"1":{"type":"branch","line":11,"loc":{"start":{"line":11,"column":104},"end":{"line":11,"column":113}},"locations":[{"start":{"line":11,"column":104},"end":{"line":11,"column":113}}]}},"b":{"0":[8],"1":[1]},"fnMap":{"0":{"name":"Checkbox","decl":{"start":{"line":9,"column":49},"end":{"line":13,"column":2}},"loc":{"start":{"line":9,"column":49},"end":{"line":13,"column":2}},"line":9},"1":{"name":"onChange","decl":{"start":{"line":11,"column":104},"end":{"line":11,"column":113}},"loc":{"start":{"line":11,"column":104},"end":{"line":11,"column":113}},"line":11}},"f":{"0":8,"1":1}}
,"D:\\Документы\\Programming\\RollingScopesSchool\\REACT\\REACT2025Q3\\src\\components\\ErrorBoundary\\ErrorBoundary.tsx": {"path":"D:\\Документы\\Programming\\RollingScopesSchool\\REACT\\REACT2025Q3\\src\\components\\ErrorBoundary\\ErrorBoundary.tsx","all":false,"statementMap":{"0":{"start":{"line":1,"column":0},"end":{"line":1,"column":45}},"1":{"start":{"line":2,"column":0},"end":{"line":2,"column":30}},"11":{"start":{"line":12,"column":0},"end":{"line":12,"column":66}},"12":{"start":{"line":13,"column":0},"end":{"line":13,"column":43}},"14":{"start":{"line":15,"column":0},"end":{"line":15,"column":37}},"15":{"start":{"line":16,"column":0},"end":{"line":16,"column":30}},"16":{"start":{"line":17,"column":0},"end":{"line":17,"column":3}},"18":{"start":{"line":19,"column":0},"end":{"line":19,"column":12}},"19":{"start":{"line":20,"column":0},"end":{"line":20,"column":30}},"20":{"start":{"line":21,"column":0},"end":{"line":21,"column":14}},"21":{"start":{"line":22,"column":0},"end":{"line":22,"column":39}},"23":{"start":{"line":24,"column":0},"end":{"line":24,"column":15}},"25":{"start":{"line":26,"column":0},"end":{"line":26,"column":88}},"27":{"start":{"line":28,"column":0},"end":{"line":28,"column":16}},"29":{"start":{"line":30,"column":0},"end":{"line":30,"column":16}},"30":{"start":{"line":31,"column":0},"end":{"line":31,"column":14}},"32":{"start":{"line":33,"column":0},"end":{"line":33,"column":5}},"34":{"start":{"line":35,"column":0},"end":{"line":35,"column":31}},"35":{"start":{"line":36,"column":0},"end":{"line":36,"column":3}},"36":{"start":{"line":37,"column":0},"end":{"line":37,"column":1}}},"s":{"0":1,"1":1,"11":1,"12":3,"14":3,"15":2,"16":2,"18":3,"19":5,"20":2,"21":2,"23":2,"25":2,"27":2,"29":2,"30":2,"32":2,"34":3,"35":5,"36":3},"branchMap":{"0":{"type":"branch","line":12,"loc":{"start":{"line":12,"column":65},"end":{"line":37,"column":1}},"locations":[{"start":{"line":12,"column":65},"end":{"line":37,"column":1}}]},"1":{"type":"branch","line":15,"loc":{"start":{"line":15,"column":9},"end":{"line":17,"column":3}},"locations":[{"start":{"line":15,"column":9},"end":{"line":17,"column":3}}]},"2":{"type":"branch","line":19,"loc":{"start":{"line":19,"column":2},"end":{"line":36,"column":3}},"locations":[{"start":{"line":19,"column":2},"end":{"line":36,"column":3}}]},"3":{"type":"branch","line":20,"loc":{"start":{"line":20,"column":29},"end":{"line":33,"column":5}},"locations":[{"start":{"line":20,"column":29},"end":{"line":33,"column":5}}]},"4":{"type":"branch","line":33,"loc":{"start":{"line":33,"column":4},"end":{"line":35,"column":31}},"locations":[{"start":{"line":33,"column":4},"end":{"line":35,"column":31}}]}},"b":{"0":[3],"1":[2],"2":[5],"3":[2],"4":[3]},"fnMap":{"0":{"name":"<instance_members_initializer>","decl":{"start":{"line":12,"column":65},"end":{"line":37,"column":1}},"loc":{"start":{"line":12,"column":65},"end":{"line":37,"column":1}},"line":12},"1":{"name":"getDerivedStateFromError","decl":{"start":{"line":15,"column":9},"end":{"line":17,"column":3}},"loc":{"start":{"line":15,"column":9},"end":{"line":17,"column":3}},"line":15},"2":{"name":"render","decl":{"start":{"line":19,"column":2},"end":{"line":36,"column":3}},"loc":{"start":{"line":19,"column":2},"end":{"line":36,"column":3}},"line":19},"3":{"name":"onClick","decl":{"start":{"line":26,"column":24},"end":{"line":26,"column":56}},"loc":{"start":{"line":26,"column":24},"end":{"line":26,"column":56}},"line":26}},"f":{"0":3,"1":2,"2":5,"3":0}}
,"D:\\Документы\\Programming\\RollingScopesSchool\\REACT\\REACT2025Q3\\src\\components\\Form\\Form.tsx": {"path":"D:\\Документы\\Programming\\RollingScopesSchool\\REACT\\REACT2025Q3\\src\\components\\Form\\Form.tsx","all":false,"statementMap":{"1":{"start":{"line":2,"column":0},"end":{"line":2,"column":39}},"2":{"start":{"line":3,"column":0},"end":{"line":3,"column":42}},"3":{"start":{"line":4,"column":0},"end":{"line":4,"column":21}},"11":{"start":{"line":12,"column":0},"end":{"line":12,"column":43}},"12":{"start":{"line":13,"column":0},"end":{"line":13,"column":13}},"13":{"start":{"line":14,"column":0},"end":{"line":14,"column":16}},"14":{"start":{"line":15,"column":0},"end":{"line":15,"column":11}},"15":{"start":{"line":16,"column":0},"end":{"line":16,"column":7}},"16":{"start":{"line":17,"column":0},"end":{"line":17,"column":10}},"17":{"start":{"line":18,"column":0},"end":{"line":18,"column":26}},"18":{"start":{"line":19,"column":0},"end":{"line":19,"column":12}},"19":{"start":{"line":20,"column":0},"end":{"line":20,"column":31}},"20":{"start":{"line":21,"column":0},"end":{"line":21,"column":37}},"21":{"start":{"line":22,"column":0},"end":{"line":22,"column":27}},"22":{"start":{"line":23,"column":0},"end":{"line":23,"column":8}},"23":{"start":{"line":24,"column":0},"end":{"line":24,"column":54}},"24":{"start":{"line":25,"column":0},"end":{"line":25,"column":10}},"26":{"start":{"line":27,"column":0},"end":{"line":27,"column":2}}},"s":{"1":1,"2":1,"3":1,"11":1,"12":5,"13":5,"14":5,"15":5,"16":5,"17":5,"18":5,"19":5,"20":5,"21":5,"22":5,"23":5,"24":5,"26":5},"branchMap":{"0":{"type":"branch","line":12,"loc":{"start":{"line":12,"column":41},"end":{"line":27,"column":2}},"locations":[{"start":{"line":12,"column":41},"end":{"line":27,"column":2}}]}},"b":{"0":[5]},"fnMap":{"0":{"name":"Form","decl":{"start":{"line":12,"column":41},"end":{"line":27,"column":2}},"loc":{"start":{"line":12,"column":41},"end":{"line":27,"column":2}},"line":12}},"f":{"0":5}}
,"D:\\Документы\\Programming\\RollingScopesSchool\\REACT\\REACT2025Q3\\src\\components\\Header\\Header.tsx": {"path":"D:\\Документы\\Programming\\RollingScopesSchool\\REACT\\REACT2025Q3\\src\\components\\Header\\Header.tsx","all":false,"statementMap":{"0":{"start":{"line":1,"column":0},"end":{"line":1,"column":52}},"1":{"start":{"line":2,"column":0},"end":{"line":2,"column":62}},"2":{"start":{"line":3,"column":0},"end":{"line":3,"column":42}},"3":{"start":{"line":4,"column":0},"end":{"line":4,"column":86}},"4":{"start":{"line":5,"column":0},"end":{"line":5,"column":78}},"5":{"start":{"line":6,"column":0},"end":{"line":6,"column":23}},"11":{"start":{"line":12,"column":0},"end":{"line":12,"column":64}},"12":{"start":{"line":13,"column":0},"end":{"line":13,"column":50}},"13":{"start":{"line":14,"column":0},"end":{"line":14,"column":33}},"14":{"start":{"line":15,"column":0},"end":{"line":15,"column":68}},"16":{"start":{"line":17,"column":0},"end":{"line":17,"column":34}},"17":{"start":{"line":18,"column":0},"end":{"line":18,"column":67}},"19":{"start":{"line":20,"column":0},"end":{"line":20,"column":33}},"20":{"start":{"line":21,"column":0},"end":{"line":21,"column":33}},"22":{"start":{"line":23,"column":0},"end":{"line":23,"column":59}},"23":{"start":{"line":24,"column":0},"end":{"line":24,"column":4}},"25":{"start":{"line":26,"column":0},"end":{"line":26,"column":29}},"26":{"start":{"line":27,"column":0},"end":{"line":27,"column":22}},"27":{"start":{"line":28,"column":0},"end":{"line":28,"column":4}},"29":{"start":{"line":30,"column":0},"end":{"line":30,"column":17}},"30":{"start":{"line":31,"column":0},"end":{"line":31,"column":36}},"31":{"start":{"line":32,"column":0},"end":{"line":32,"column":3}},"33":{"start":{"line":34,"column":0},"end":{"line":34,"column":10}},"34":{"start":{"line":35,"column":0},"end":{"line":35,"column":31}},"35":{"start":{"line":36,"column":0},"end":{"line":36,"column":40}},"36":{"start":{"line":37,"column":0},"end":{"line":37,"column":69}},"37":{"start":{"line":38,"column":0},"end":{"line":38,"column":93}},"38":{"start":{"line":39,"column":0},"end":{"line":39,"column":12}},"39":{"start":{"line":40,"column":0},"end":{"line":40,"column":41}},"40":{"start":{"line":41,"column":0},"end":{"line":41,"column":18}},"41":{"start":{"line":42,"column":0},"end":{"line":42,"column":62}},"42":{"start":{"line":43,"column":0},"end":{"line":43,"column":43}},"43":{"start":{"line":44,"column":0},"end":{"line":44,"column":69}},"45":{"start":{"line":46,"column":0},"end":{"line":46,"column":78}},"47":{"start":{"line":48,"column":0},"end":{"line":48,"column":12}},"48":{"start":{"line":49,"column":0},"end":{"line":49,"column":13}},"50":{"start":{"line":51,"column":0},"end":{"line":51,"column":2}}},"s":{"0":1,"1":1,"2":1,"3":1,"4":1,"5":1,"11":1,"12":6,"13":6,"14":6,"16":6,"17":0,"19":0,"20":0,"22":0,"23":0,"25":6,"26":0,"27":0,"29":6,"30":0,"31":0,"33":6,"34":6,"35":6,"36":6,"37":6,"38":6,"39":6,"40":6,"41":6,"42":6,"43":1,"45":5,"47":6,"48":6,"50":6},"branchMap":{"0":{"type":"branch","line":12,"loc":{"start":{"line":12,"column":45},"end":{"line":51,"column":2}},"locations":[{"start":{"line":12,"column":45},"end":{"line":51,"column":2}}]},"1":{"type":"branch","line":30,"loc":{"start":{"line":30,"column":16},"end":{"line":32,"column":3}},"locations":[{"start":{"line":30,"column":16},"end":{"line":32,"column":3}}]},"2":{"type":"branch","line":38,"loc":{"start":{"line":38,"column":74},"end":{"line":38,"column":84}},"locations":[{"start":{"line":38,"column":74},"end":{"line":38,"column":84}}]},"3":{"type":"branch","line":43,"loc":{"start":{"line":43,"column":31},"end":{"line":44,"column":69}},"locations":[{"start":{"line":43,"column":31},"end":{"line":44,"column":69}}]},"4":{"type":"branch","line":44,"loc":{"start":{"line":44,"column":59},"end":{"line":46,"column":78}},"locations":[{"start":{"line":44,"column":59},"end":{"line":46,"column":78}}]}},"b":{"0":[6],"1":[0],"2":[0],"3":[1],"4":[5]},"fnMap":{"0":{"name":"Header","decl":{"start":{"line":12,"column":45},"end":{"line":51,"column":2}},"loc":{"start":{"line":12,"column":45},"end":{"line":51,"column":2}},"line":12},"1":{"name":"changeColorTheme","decl":{"start":{"line":17,"column":27},"end":{"line":24,"column":4}},"loc":{"start":{"line":17,"column":27},"end":{"line":24,"column":4}},"line":17},"2":{"name":"handleError","decl":{"start":{"line":26,"column":22},"end":{"line":28,"column":4}},"loc":{"start":{"line":26,"column":22},"end":{"line":28,"column":4}},"line":26}},"f":{"0":6,"1":0,"2":0}}
,"D:\\Документы\\Programming\\RollingScopesSchool\\REACT\\REACT2025Q3\\src\\components\\Input\\Input.tsx": {"path":"D:\\Документы\\Programming\\RollingScopesSchool\\REACT\\REACT2025Q3\\src\\components\\Input\\Input.tsx","all":false,"statementMap":{"1":{"start":{"line":2,"column":0},"end":{"line":2,"column":22}},"9":{"start":{"line":10,"column":0},"end":{"line":10,"column":45}},"10":{"start":{"line":11,"column":0},"end":{"line":11,"column":13}},"11":{"start":{"line":12,"column":0},"end":{"line":12,"column":16}},"12":{"start":{"line":13,"column":0},"end":{"line":13,"column":11}},"13":{"start":{"line":14,"column":0},"end":{"line":14,"column":7}},"14":{"start":{"line":15,"column":0},"end":{"line":15,"column":80}},"15":{"start":{"line":16,"column":0},"end":{"line":16,"column":32}},"16":{"start":{"line":17,"column":0},"end":{"line":17,"column":17}},"17":{"start":{"line":18,"column":0},"end":{"line":18,"column":5}},"18":{"start":{"line":19,"column":0},"end":{"line":19,"column":4}},"20":{"start":{"line":21,"column":0},"end":{"line":21,"column":10}},"21":{"start":{"line":22,"column":0},"end":{"line":22,"column":10}},"22":{"start":{"line":23,"column":0},"end":{"line":23,"column":23}},"23":{"start":{"line":24,"column":0},"end":{"line":24,"column":29}},"24":{"start":{"line":25,"column":0},"end":{"line":25,"column":24}},"25":{"start":{"line":26,"column":0},"end":{"line":26,"column":30}},"26":{"start":{"line":27,"column":0},"end":{"line":27,"column":36}},"27":{"start":{"line":28,"column":0},"end":{"line":28,"column":6}},"29":{"start":{"line":30,"column":0},"end":{"line":30,"column":2}}},"s":{"1":1,"9":1,"10":8,"11":8,"12":8,"13":8,"14":8,"15":8,"16":2,"17":2,"18":8,"20":8,"21":8,"22":8,"23":8,"24":8,"25":8,"26":8,"27":8,"29":8},"branchMap":{"0":{"type":"branch","line":10,"loc":{"start":{"line":10,"column":43},"end":{"line":30,"column":2}},"locations":[{"start":{"line":10,"column":43},"end":{"line":30,"column":2}}]},"1":{"type":"branch","line":15,"loc":{"start":{"line":15,"column":29},"end":{"line":19,"column":4}},"locations":[{"start":{"line":15,"column":29},"end":{"line":19,"column":4}}]},"2":{"type":"branch","line":16,"loc":{"start":{"line":16,"column":31},"end":{"line":18,"column":5}},"locations":[{"start":{"line":16,"column":31},"end":{"line":18,"column":5}}]}},"b":{"0":[8],"1":[8],"2":[2]},"fnMap":{"0":{"name":"Input","decl":{"start":{"line":10,"column":43},"end":{"line":30,"column":2}},"loc":{"start":{"line":10,"column":43},"end":{"line":30,"column":2}},"line":10},"1":{"name":"handleEnterKeyDown","decl":{"start":{"line":15,"column":29},"end":{"line":19,"column":4}},"loc":{"start":{"line":15,"column":29},"end":{"line":19,"column":4}},"line":15}},"f":{"0":8,"1":8}}
,"D:\\Документы\\Programming\\RollingScopesSchool\\REACT\\REACT2025Q3\\src\\components\\Pagination\\Pagination.tsx": {"path":"D:\\Документы\\Programming\\RollingScopesSchool\\REACT\\REACT2025Q3\\src\\components\\Pagination\\Pagination.tsx","all":false,"statementMap":{"0":{"start":{"line":1,"column":0},"end":{"line":1,"column":51}},"1":{"start":{"line":2,"column":0},"end":{"line":2,"column":42}},"2":{"start":{"line":3,"column":0},"end":{"line":3,"column":27}},"3":{"start":{"line":4,"column":0},"end":{"line":4,"column":64}},"9":{"start":{"line":10,"column":0},"end":{"line":10,"column":73}},"10":{"start":{"line":11,"column":0},"end":{"line":11,"column":78}},"11":{"start":{"line":12,"column":0},"end":{"line":12,"column":65}},"12":{"start":{"line":13,"column":0},"end":{"line":13,"column":47}},"13":{"start":{"line":14,"column":0},"end":{"line":14,"column":33}},"14":{"start":{"line":15,"column":0},"end":{"line":15,"column":39}},"16":{"start":{"line":17,"column":0},"end":{"line":17,"column":19}},"17":{"start":{"line":18,"column":0},"end":{"line":18,"column":74}},"18":{"start":{"line":19,"column":0},"end":{"line":19,"column":36}},"19":{"start":{"line":20,"column":0},"end":{"line":20,"column":13}},"20":{"start":{"line":21,"column":0},"end":{"line":21,"column":5}},"22":{"start":{"line":23,"column":0},"end":{"line":23,"column":40}},"24":{"start":{"line":25,"column":0},"end":{"line":25,"column":25}},"25":{"start":{"line":26,"column":0},"end":{"line":26,"column":74}},"26":{"start":{"line":27,"column":0},"end":{"line":27,"column":13}},"27":{"start":{"line":28,"column":0},"end":{"line":28,"column":5}},"29":{"start":{"line":30,"column":0},"end":{"line":30,"column":42}},"30":{"start":{"line":31,"column":0},"end":{"line":31,"column":76}},"31":{"start":{"line":32,"column":0},"end":{"line":32,"column":13}},"32":{"start":{"line":33,"column":0},"end":{"line":33,"column":5}},"34":{"start":{"line":35,"column":0},"end":{"line":35,"column":34}},"35":{"start":{"line":36,"column":0},"end":{"line":36,"column":119}},"37":{"start":{"line":38,"column":0},"end":{"line":38,"column":39}},"38":{"start":{"line":39,"column":0},"end":{"line":39,"column":55}},"39":{"start":{"line":40,"column":0},"end":{"line":40,"column":7}},"41":{"start":{"line":42,"column":0},"end":{"line":42,"column":39}},"42":{"start":{"line":43,"column":0},"end":{"line":43,"column":55}},"43":{"start":{"line":44,"column":0},"end":{"line":44,"column":7}},"45":{"start":{"line":46,"column":0},"end":{"line":46,"column":29}},"46":{"start":{"line":47,"column":0},"end":{"line":47,"column":7}},"47":{"start":{"line":48,"column":0},"end":{"line":48,"column":41}},"49":{"start":{"line":50,"column":0},"end":{"line":50,"column":29}},"50":{"start":{"line":51,"column":0},"end":{"line":51,"column":52}},"51":{"start":{"line":52,"column":0},"end":{"line":52,"column":3}},"53":{"start":{"line":54,"column":0},"end":{"line":54,"column":10}},"54":{"start":{"line":55,"column":0},"end":{"line":55,"column":35}},"55":{"start":{"line":56,"column":0},"end":{"line":56,"column":72}},"56":{"start":{"line":57,"column":0},"end":{"line":57,"column":47}},"58":{"start":{"line":59,"column":0},"end":{"line":59,"column":17}},"59":{"start":{"line":60,"column":0},"end":{"line":60,"column":13}},"60":{"start":{"line":61,"column":0},"end":{"line":61,"column":41}},"61":{"start":{"line":62,"column":0},"end":{"line":62,"column":41}},"62":{"start":{"line":63,"column":0},"end":{"line":63,"column":88}},"63":{"start":{"line":64,"column":0},"end":{"line":64,"column":65}},"64":{"start":{"line":65,"column":0},"end":{"line":65,"column":26}},"65":{"start":{"line":66,"column":0},"end":{"line":66,"column":21}},"66":{"start":{"line":67,"column":0},"end":{"line":67,"column":17}},"67":{"start":{"line":68,"column":0},"end":{"line":68,"column":11}},"68":{"start":{"line":69,"column":0},"end":{"line":69,"column":12}},"69":{"start":{"line":70,"column":0},"end":{"line":70,"column":72}},"70":{"start":{"line":71,"column":0},"end":{"line":71,"column":55}},"72":{"start":{"line":73,"column":0},"end":{"line":73,"column":17}},"73":{"start":{"line":74,"column":0},"end":{"line":74,"column":13}},"74":{"start":{"line":75,"column":0},"end":{"line":75,"column":13}},"76":{"start":{"line":77,"column":0},"end":{"line":77,"column":1}}},"s":{"0":1,"1":1,"2":1,"3":1,"9":1,"10":6,"11":6,"12":6,"13":6,"14":6,"16":6,"17":3,"18":0,"19":0,"20":0,"22":3,"24":3,"25":1,"26":1,"27":1,"29":3,"30":2,"31":2,"32":2,"34":0,"35":0,"37":0,"38":0,"39":0,"41":0,"42":0,"43":0,"45":0,"46":0,"47":6,"49":6,"50":2,"51":2,"53":4,"54":4,"55":4,"56":4,"58":4,"59":4,"60":4,"61":4,"62":8,"63":8,"64":8,"65":8,"66":8,"67":4,"68":4,"69":4,"70":4,"72":4,"73":4,"74":4,"76":4},"branchMap":{"0":{"type":"branch","line":10,"loc":{"start":{"line":10,"column":53},"end":{"line":77,"column":1}},"locations":[{"start":{"line":10,"column":53},"end":{"line":77,"column":1}}]},"1":{"type":"branch","line":15,"loc":{"start":{"line":15,"column":22},"end":{"line":15,"column":37}},"locations":[{"start":{"line":15,"column":22},"end":{"line":15,"column":37}}]},"2":{"type":"branch","line":15,"loc":{"start":{"line":15,"column":30},"end":{"line":15,"column":39}},"locations":[{"start":{"line":15,"column":30},"end":{"line":15,"column":39}}]},"3":{"type":"branch","line":50,"loc":{"start":{"line":50,"column":28},"end":{"line":52,"column":3}},"locations":[{"start":{"line":50,"column":28},"end":{"line":52,"column":3}}]},"4":{"type":"branch","line":52,"loc":{"start":{"line":52,"column":2},"end":{"line":77,"column":1}},"locations":[{"start":{"line":52,"column":2},"end":{"line":77,"column":1}}]},"5":{"type":"branch","line":17,"loc":{"start":{"line":17,"column":12},"end":{"line":48,"column":5}},"locations":[{"start":{"line":17,"column":12},"end":{"line":48,"column":5}}]},"6":{"type":"branch","line":18,"loc":{"start":{"line":18,"column":42},"end":{"line":18,"column":73}},"locations":[{"start":{"line":18,"column":42},"end":{"line":18,"column":73}}]},"7":{"type":"branch","line":18,"loc":{"start":{"line":18,"column":73},"end":{"line":21,"column":5}},"locations":[{"start":{"line":18,"column":73},"end":{"line":21,"column":5}}]},"8":{"type":"branch","line":25,"loc":{"start":{"line":25,"column":24},"end":{"line":28,"column":5}},"locations":[{"start":{"line":25,"column":24},"end":{"line":28,"column":5}}]},"9":{"type":"branch","line":28,"loc":{"start":{"line":28,"column":4},"end":{"line":30,"column":41}},"locations":[{"start":{"line":28,"column":4},"end":{"line":30,"column":41}}]},"10":{"type":"branch","line":30,"loc":{"start":{"line":30,"column":18},"end":{"line":30,"column":41}},"locations":[{"start":{"line":30,"column":18},"end":{"line":30,"column":41}}]},"11":{"type":"branch","line":30,"loc":{"start":{"line":30,"column":41},"end":{"line":47,"column":7}},"locations":[{"start":{"line":30,"column":41},"end":{"line":47,"column":7}}]},"12":{"type":"branch","line":33,"loc":{"start":{"line":33,"column":4},"end":{"line":47,"column":7}},"locations":[{"start":{"line":33,"column":4},"end":{"line":47,"column":7}}]},"13":{"type":"branch","line":31,"loc":{"start":{"line":31,"column":48},"end":{"line":31,"column":73}},"locations":[{"start":{"line":31,"column":48},"end":{"line":31,"column":73}}]},"14":{"type":"branch","line":62,"loc":{"start":{"line":62,"column":26},"end":{"line":67,"column":17}},"locations":[{"start":{"line":62,"column":26},"end":{"line":67,"column":17}}]}},"b":{"0":[6],"1":[2],"2":[4],"3":[2],"4":[4],"5":[3],"6":[1],"7":[0],"8":[1],"9":[2],"10":[0],"11":[2],"12":[0],"13":[8],"14":[8]},"fnMap":{"0":{"name":"Pagination","decl":{"start":{"line":10,"column":53},"end":{"line":77,"column":1}},"loc":{"start":{"line":10,"column":53},"end":{"line":77,"column":1}},"line":10}},"f":{"0":6}}
,"D:\\Документы\\Programming\\RollingScopesSchool\\REACT\\REACT2025Q3\\src\\context\\colorThemeContext\\ColorThemeContext.tsx": {"path":"D:\\Документы\\Programming\\RollingScopesSchool\\REACT\\REACT2025Q3\\src\\context\\colorThemeContext\\ColorThemeContext.tsx","all":false,"statementMap":{"0":{"start":{"line":1,"column":0},"end":{"line":1,"column":45}},"2":{"start":{"line":3,"column":0},"end":{"line":3,"column":104}},"3":{"start":{"line":4,"column":0},"end":{"line":4,"column":9}},"4":{"start":{"line":5,"column":0},"end":{"line":5,"column":10}},"5":{"start":{"line":6,"column":0},"end":{"line":6,"column":3}}},"s":{"0":1,"2":1,"3":1,"4":1,"5":1},"branchMap":{},"b":{},"fnMap":{},"f":{}}
,"D:\\Документы\\Programming\\RollingScopesSchool\\REACT\\REACT2025Q3\\src\\controllers\\deleteTags\\deleteTags.ts": {"path":"D:\\Документы\\Programming\\RollingScopesSchool\\REACT\\REACT2025Q3\\src\\controllers\\deleteTags\\deleteTags.ts","all":false,"statementMap":{"0":{"start":{"line":1,"column":0},"end":{"line":1,"column":62}},"1":{"start":{"line":2,"column":0},"end":{"line":2,"column":26}},"3":{"start":{"line":4,"column":0},"end":{"line":4,"column":15}},"4":{"start":{"line":5,"column":0},"end":{"line":5,"column":14}},"5":{"start":{"line":6,"column":0},"end":{"line":6,"column":3}},"7":{"start":{"line":8,"column":0},"end":{"line":8,"column":46}},"8":{"start":{"line":9,"column":0},"end":{"line":9,"column":1}}},"s":{"0":1,"1":22,"3":22,"4":9,"5":9,"7":13,"8":13},"branchMap":{"0":{"type":"branch","line":1,"loc":{"start":{"line":1,"column":7},"end":{"line":9,"column":1}},"locations":[{"start":{"line":1,"column":7},"end":{"line":9,"column":1}}]},"1":{"type":"branch","line":4,"loc":{"start":{"line":4,"column":14},"end":{"line":6,"column":3}},"locations":[{"start":{"line":4,"column":14},"end":{"line":6,"column":3}}]},"2":{"type":"branch","line":6,"loc":{"start":{"line":6,"column":2},"end":{"line":9,"column":1}},"locations":[{"start":{"line":6,"column":2},"end":{"line":9,"column":1}}]}},"b":{"0":[22],"1":[9],"2":[13]},"fnMap":{"0":{"name":"deleteTags","decl":{"start":{"line":1,"column":7},"end":{"line":9,"column":1}},"loc":{"start":{"line":1,"column":7},"end":{"line":9,"column":1}},"line":1}},"f":{"0":22}}
,"D:\\Документы\\Programming\\RollingScopesSchool\\REACT\\REACT2025Q3\\src\\controllers\\getShipClass\\getShipClass.ts": {"path":"D:\\Документы\\Programming\\RollingScopesSchool\\REACT\\REACT2025Q3\\src\\controllers\\getShipClass\\getShipClass.ts","all":false,"statementMap":{"0":{"start":{"line":1,"column":0},"end":{"line":1,"column":49}},"1":{"start":{"line":2,"column":0},"end":{"line":2,"column":73}},"2":{"start":{"line":3,"column":0},"end":{"line":3,"column":37}},"4":{"start":{"line":5,"column":0},"end":{"line":5,"column":7}},"5":{"start":{"line":6,"column":0},"end":{"line":6,"column":62}},"6":{"start":{"line":7,"column":0},"end":{"line":7,"column":39}},"8":{"start":{"line":9,"column":0},"end":{"line":9,"column":16}},"9":{"start":{"line":10,"column":0},"end":{"line":10,"column":19}},"10":{"start":{"line":11,"column":0},"end":{"line":11,"column":33}},"11":{"start":{"line":12,"column":0},"end":{"line":12,"column":18}},"12":{"start":{"line":13,"column":0},"end":{"line":13,"column":5}},"13":{"start":{"line":14,"column":0},"end":{"line":14,"column":3}},"14":{"start":{"line":15,"column":0},"end":{"line":15,"column":1}}},"s":{"0":5,"1":5,"2":5,"4":5,"5":5,"6":4,"8":3,"9":5,"10":2,"11":2,"12":2,"13":2,"14":5},"branchMap":{"0":{"type":"branch","line":1,"loc":{"start":{"line":1,"column":0},"end":{"line":15,"column":1}},"locations":[{"start":{"line":1,"column":0},"end":{"line":15,"column":1}}]},"1":{"type":"branch","line":6,"loc":{"start":{"line":6,"column":60},"end":{"line":7,"column":39}},"locations":[{"start":{"line":6,"column":60},"end":{"line":7,"column":39}}]},"2":{"type":"branch","line":7,"loc":{"start":{"line":7,"column":37},"end":{"line":10,"column":11}},"locations":[{"start":{"line":7,"column":37},"end":{"line":10,"column":11}}]},"3":{"type":"branch","line":10,"loc":{"start":{"line":10,"column":2},"end":{"line":14,"column":3}},"locations":[{"start":{"line":10,"column":2},"end":{"line":14,"column":3}}]}},"b":{"0":[5],"1":[4],"2":[3],"3":[2]},"fnMap":{"0":{"name":"getShipClass","decl":{"start":{"line":1,"column":0},"end":{"line":15,"column":1}},"loc":{"start":{"line":1,"column":0},"end":{"line":15,"column":1}},"line":1}},"f":{"0":5}}
,"D:\\Документы\\Programming\\RollingScopesSchool\\REACT\\REACT2025Q3\\src\\controllers\\getShips\\getShips.ts": {"path":"D:\\Документы\\Programming\\RollingScopesSchool\\REACT\\REACT2025Q3\\src\\controllers\\getShips\\getShips.ts","all":false,"statementMap":{"0":{"start":{"line":1,"column":0},"end":{"line":1,"column":88}},"1":{"start":{"line":2,"column":0},"end":{"line":2,"column":31}},"2":{"start":{"line":3,"column":0},"end":{"line":3,"column":75}},"4":{"start":{"line":5,"column":0},"end":{"line":5,"column":67}},"5":{"start":{"line":6,"column":0},"end":{"line":6,"column":64}},"6":{"start":{"line":7,"column":0},"end":{"line":7,"column":26}},"7":{"start":{"line":8,"column":0},"end":{"line":8,"column":19}},"8":{"start":{"line":9,"column":0},"end":{"line":9,"column":14}},"9":{"start":{"line":10,"column":0},"end":{"line":10,"column":58}},"10":{"start":{"line":11,"column":0},"end":{"line":11,"column":6}},"11":{"start":{"line":12,"column":0},"end":{"line":12,"column":22}},"12":{"start":{"line":13,"column":0},"end":{"line":13,"column":31}},"13":{"start":{"line":14,"column":0},"end":{"line":14,"column":4}},"15":{"start":{"line":16,"column":0},"end":{"line":16,"column":48}},"17":{"start":{"line":18,"column":0},"end":{"line":18,"column":7}},"18":{"start":{"line":19,"column":0},"end":{"line":19,"column":78}},"19":{"start":{"line":20,"column":0},"end":{"line":20,"column":39}},"21":{"start":{"line":22,"column":0},"end":{"line":22,"column":12}},"22":{"start":{"line":23,"column":0},"end":{"line":23,"column":38}},"23":{"start":{"line":24,"column":0},"end":{"line":24,"column":41}},"24":{"start":{"line":25,"column":0},"end":{"line":25,"column":6}},"25":{"start":{"line":26,"column":0},"end":{"line":26,"column":19}},"26":{"start":{"line":27,"column":0},"end":{"line":27,"column":33}},"27":{"start":{"line":28,"column":0},"end":{"line":28,"column":18}},"28":{"start":{"line":29,"column":0},"end":{"line":29,"column":5}},"29":{"start":{"line":30,"column":0},"end":{"line":30,"column":3}},"30":{"start":{"line":31,"column":0},"end":{"line":31,"column":1}}},"s":{"0":7,"1":7,"2":7,"4":7,"5":7,"6":7,"7":7,"8":7,"9":7,"10":7,"11":7,"12":7,"13":7,"15":7,"17":7,"18":7,"19":6,"21":6,"22":6,"23":6,"24":6,"25":7,"26":1,"27":1,"28":1,"29":1,"30":7},"branchMap":{"0":{"type":"branch","line":1,"loc":{"start":{"line":1,"column":0},"end":{"line":31,"column":1}},"locations":[{"start":{"line":1,"column":0},"end":{"line":31,"column":1}}]},"1":{"type":"branch","line":19,"loc":{"start":{"line":19,"column":76},"end":{"line":26,"column":11}},"locations":[{"start":{"line":19,"column":76},"end":{"line":26,"column":11}}]},"2":{"type":"branch","line":26,"loc":{"start":{"line":26,"column":2},"end":{"line":30,"column":3}},"locations":[{"start":{"line":26,"column":2},"end":{"line":30,"column":3}}]}},"b":{"0":[7],"1":[6],"2":[1]},"fnMap":{"0":{"name":"getShips","decl":{"start":{"line":1,"column":0},"end":{"line":31,"column":1}},"loc":{"start":{"line":1,"column":0},"end":{"line":31,"column":1}},"line":1}},"f":{"0":7}}
,"D:\\Документы\\Programming\\RollingScopesSchool\\REACT\\REACT2025Q3\\src\\controllers\\setRootColors\\setRootColors.ts": {"path":"D:\\Документы\\Programming\\RollingScopesSchool\\REACT\\REACT2025Q3\\src\\controllers\\setRootColors\\setRootColors.ts","all":false,"statementMap":{"0":{"start":{"line":1,"column":0},"end":{"line":1,"column":54}},"1":{"start":{"line":2,"column":0},"end":{"line":2,"column":24}},"2":{"start":{"line":3,"column":0},"end":{"line":3,"column":12}},"3":{"start":{"line":4,"column":0},"end":{"line":4,"column":32}},"4":{"start":{"line":5,"column":0},"end":{"line":5,"column":26}},"5":{"start":{"line":6,"column":0},"end":{"line":6,"column":32}},"6":{"start":{"line":7,"column":0},"end":{"line":7,"column":6}},"7":{"start":{"line":8,"column":0},"end":{"line":8,"column":11}},"8":{"start":{"line":9,"column":0},"end":{"line":9,"column":32}},"9":{"start":{"line":10,"column":0},"end":{"line":10,"column":26}},"10":{"start":{"line":11,"column":0},"end":{"line":11,"column":32}},"11":{"start":{"line":12,"column":0},"end":{"line":12,"column":6}},"12":{"start":{"line":13,"column":0},"end":{"line":13,"column":4}},"14":{"start":{"line":15,"column":0},"end":{"line":15,"column":40}},"15":{"start":{"line":16,"column":0},"end":{"line":16,"column":76}},"17":{"start":{"line":18,"column":0},"end":{"line":18,"column":20}},"18":{"start":{"line":19,"column":0},"end":{"line":19,"column":59}},"19":{"start":{"line":20,"column":0},"end":{"line":20,"column":41}},"20":{"start":{"line":21,"column":0},"end":{"line":21,"column":7}},"21":{"start":{"line":22,"column":0},"end":{"line":22,"column":3}},"22":{"start":{"line":23,"column":0},"end":{"line":23,"column":2}}},"s":{"0":1,"1":3,"2":3,"3":3,"4":3,"5":3,"6":3,"7":3,"8":3,"9":3,"10":3,"11":3,"12":3,"14":3,"15":3,"17":3,"18":2,"19":6,"20":2,"21":2,"22":3},"branchMap":{"0":{"type":"branch","line":1,"loc":{"start":{"line":1,"column":29},"end":{"line":23,"column":2}},"locations":[{"start":{"line":1,"column":29},"end":{"line":23,"column":2}}]},"1":{"type":"branch","line":18,"loc":{"start":{"line":18,"column":19},"end":{"line":22,"column":3}},"locations":[{"start":{"line":18,"column":19},"end":{"line":22,"column":3}}]},"2":{"type":"branch","line":19,"loc":{"start":{"line":19,"column":40},"end":{"line":21,"column":5}},"locations":[{"start":{"line":19,"column":40},"end":{"line":21,"column":5}}]}},"b":{"0":[3],"1":[2],"2":[6]},"fnMap":{"0":{"name":"setRootColors","decl":{"start":{"line":1,"column":29},"end":{"line":23,"column":2}},"loc":{"start":{"line":1,"column":29},"end":{"line":23,"column":2}},"line":1}},"f":{"0":3}}
,"D:\\Документы\\Programming\\RollingScopesSchool\\REACT\\REACT2025Q3\\src\\hooks\\useShipClassLoader\\useShipClassLoader.ts": {"path":"D:\\Документы\\Programming\\RollingScopesSchool\\REACT\\REACT2025Q3\\src\\hooks\\useShipClassLoader\\useShipClassLoader.ts","all":false,"statementMap":{"0":{"start":{"line":1,"column":0},"end":{"line":1,"column":44}},"1":{"start":{"line":2,"column":0},"end":{"line":2,"column":51}},"2":{"start":{"line":3,"column":0},"end":{"line":3,"column":75}},"3":{"start":{"line":4,"column":0},"end":{"line":4,"column":69}},"6":{"start":{"line":7,"column":0},"end":{"line":7,"column":38}},"7":{"start":{"line":8,"column":0},"end":{"line":8,"column":66}},"8":{"start":{"line":9,"column":0},"end":{"line":9,"column":61}},"9":{"start":{"line":10,"column":0},"end":{"line":10,"column":52}},"10":{"start":{"line":11,"column":0},"end":{"line":11,"column":61}},"11":{"start":{"line":12,"column":0},"end":{"line":12,"column":22}},"12":{"start":{"line":13,"column":0},"end":{"line":13,"column":20}},"13":{"start":{"line":14,"column":0},"end":{"line":14,"column":25}},"14":{"start":{"line":15,"column":0},"end":{"line":15,"column":19}},"15":{"start":{"line":16,"column":0},"end":{"line":16,"column":17}},"16":{"start":{"line":17,"column":0},"end":{"line":17,"column":16}},"17":{"start":{"line":18,"column":0},"end":{"line":18,"column":20}},"18":{"start":{"line":19,"column":0},"end":{"line":19,"column":5}},"19":{"start":{"line":20,"column":0},"end":{"line":20,"column":60}},"21":{"start":{"line":22,"column":0},"end":{"line":22,"column":19}},"22":{"start":{"line":23,"column":0},"end":{"line":23,"column":36}},"23":{"start":{"line":24,"column":0},"end":{"line":24,"column":59}},"24":{"start":{"line":25,"column":0},"end":{"line":25,"column":46}},"26":{"start":{"line":27,"column":0},"end":{"line":27,"column":36}},"28":{"start":{"line":29,"column":0},"end":{"line":29,"column":41}},"29":{"start":{"line":30,"column":0},"end":{"line":30,"column":32}},"30":{"start":{"line":31,"column":0},"end":{"line":31,"column":15}},"31":{"start":{"line":32,"column":0},"end":{"line":32,"column":7}},"33":{"start":{"line":34,"column":0},"end":{"line":34,"column":31}},"34":{"start":{"line":35,"column":0},"end":{"line":35,"column":25}},"36":{"start":{"line":37,"column":0},"end":{"line":37,"column":61}},"37":{"start":{"line":38,"column":0},"end":{"line":38,"column":22}},"38":{"start":{"line":39,"column":0},"end":{"line":39,"column":88}},"39":{"start":{"line":40,"column":0},"end":{"line":40,"column":84}},"40":{"start":{"line":41,"column":0},"end":{"line":41,"column":94}},"41":{"start":{"line":42,"column":0},"end":{"line":42,"column":82}},"42":{"start":{"line":43,"column":0},"end":{"line":43,"column":78}},"43":{"start":{"line":44,"column":0},"end":{"line":44,"column":82}},"44":{"start":{"line":45,"column":0},"end":{"line":45,"column":90}},"45":{"start":{"line":46,"column":0},"end":{"line":46,"column":9}},"47":{"start":{"line":48,"column":0},"end":{"line":48,"column":26}},"48":{"start":{"line":49,"column":0},"end":{"line":49,"column":5}},"50":{"start":{"line":51,"column":0},"end":{"line":51,"column":20}},"51":{"start":{"line":52,"column":0},"end":{"line":52,"column":21}},"53":{"start":{"line":54,"column":0},"end":{"line":54,"column":35}},"54":{"start":{"line":55,"column":0},"end":{"line":55,"column":62}},"56":{"start":{"line":57,"column":0},"end":{"line":57,"column":38}},"57":{"start":{"line":58,"column":0},"end":{"line":58,"column":37}},"59":{"start":{"line":60,"column":0},"end":{"line":60,"column":31}},"60":{"start":{"line":61,"column":0},"end":{"line":61,"column":3}},"62":{"start":{"line":63,"column":0},"end":{"line":63,"column":10}},"63":{"start":{"line":64,"column":0},"end":{"line":64,"column":21}},"64":{"start":{"line":65,"column":0},"end":{"line":65,"column":19}},"65":{"start":{"line":66,"column":0},"end":{"line":66,"column":14}},"66":{"start":{"line":67,"column":0},"end":{"line":67,"column":16}},"67":{"start":{"line":68,"column":0},"end":{"line":68,"column":22}},"68":{"start":{"line":69,"column":0},"end":{"line":69,"column":3}},"69":{"start":{"line":70,"column":0},"end":{"line":70,"column":1}}},"s":{"0":1,"1":1,"2":1,"3":1,"6":1,"7":16,"8":16,"9":16,"10":16,"11":16,"12":16,"13":16,"14":16,"15":16,"16":16,"17":16,"18":16,"19":16,"21":16,"22":7,"23":7,"24":7,"26":7,"28":6,"29":1,"30":1,"31":1,"33":4,"34":4,"36":4,"37":4,"38":6,"39":7,"40":7,"41":7,"42":7,"43":7,"44":7,"45":7,"47":7,"48":7,"50":7,"51":16,"53":16,"54":1,"56":1,"57":1,"59":1,"60":1,"62":16,"63":16,"64":16,"65":16,"66":16,"67":16,"68":16,"69":16},"branchMap":{"0":{"type":"branch","line":7,"loc":{"start":{"line":7,"column":7},"end":{"line":70,"column":1}},"locations":[{"start":{"line":7,"column":7},"end":{"line":70,"column":1}}]},"1":{"type":"branch","line":22,"loc":{"start":{"line":22,"column":12},"end":{"line":52,"column":5}},"locations":[{"start":{"line":22,"column":12},"end":{"line":52,"column":5}}]},"2":{"type":"branch","line":23,"loc":{"start":{"line":23,"column":4},"end":{"line":49,"column":5}},"locations":[{"start":{"line":23,"column":4},"end":{"line":49,"column":5}}]},"3":{"type":"branch","line":27,"loc":{"start":{"line":27,"column":29},"end":{"line":27,"column":36}},"locations":[{"start":{"line":27,"column":29},"end":{"line":27,"column":36}}]},"4":{"type":"branch","line":27,"loc":{"start":{"line":27,"column":29},"end":{"line":39,"column":88}},"locations":[{"start":{"line":27,"column":29},"end":{"line":39,"column":88}}]},"5":{"type":"branch","line":27,"loc":{"start":{"line":27,"column":29},"end":{"line":29,"column":40}},"locations":[{"start":{"line":27,"column":29},"end":{"line":29,"column":40}}]},"6":{"type":"branch","line":29,"loc":{"start":{"line":29,"column":40},"end":{"line":32,"column":7}},"locations":[{"start":{"line":29,"column":40},"end":{"line":32,"column":7}}]},"7":{"type":"branch","line":32,"loc":{"start":{"line":32,"column":6},"end":{"line":39,"column":78}},"locations":[{"start":{"line":32,"column":6},"end":{"line":39,"column":78}}]},"8":{"type":"branch","line":39,"loc":{"start":{"line":39,"column":73},"end":{"line":39,"column":88}},"locations":[{"start":{"line":39,"column":73},"end":{"line":39,"column":88}}]},"9":{"type":"branch","line":40,"loc":{"start":{"line":40,"column":69},"end":{"line":40,"column":84}},"locations":[{"start":{"line":40,"column":69},"end":{"line":40,"column":84}}]},"10":{"type":"branch","line":41,"loc":{"start":{"line":41,"column":79},"end":{"line":41,"column":94}},"locations":[{"start":{"line":41,"column":79},"end":{"line":41,"column":94}}]},"11":{"type":"branch","line":42,"loc":{"start":{"line":42,"column":67},"end":{"line":42,"column":82}},"locations":[{"start":{"line":42,"column":67},"end":{"line":42,"column":82}}]},"12":{"type":"branch","line":43,"loc":{"start":{"line":43,"column":63},"end":{"line":43,"column":78}},"locations":[{"start":{"line":43,"column":63},"end":{"line":43,"column":78}}]},"13":{"type":"branch","line":44,"loc":{"start":{"line":44,"column":54},"end":{"line":44,"column":67}},"locations":[{"start":{"line":44,"column":54},"end":{"line":44,"column":67}}]},"14":{"type":"branch","line":44,"loc":{"start":{"line":44,"column":67},"end":{"line":44,"column":82}},"locations":[{"start":{"line":44,"column":67},"end":{"line":44,"column":82}}]},"15":{"type":"branch","line":45,"loc":{"start":{"line":45,"column":58},"end":{"line":45,"column":75}},"locations":[{"start":{"line":45,"column":58},"end":{"line":45,"column":75}}]},"16":{"type":"branch","line":45,"loc":{"start":{"line":45,"column":75},"end":{"line":45,"column":90}},"locations":[{"start":{"line":45,"column":75},"end":{"line":45,"column":90}}]},"17":{"type":"branch","line":54,"loc":{"start":{"line":54,"column":28},"end":{"line":61,"column":3}},"locations":[{"start":{"line":54,"column":28},"end":{"line":61,"column":3}}]}},"b":{"0":[16],"1":[7],"2":[7],"3":[2],"4":[6],"5":[5],"6":[1],"7":[4],"8":[1],"9":[1],"10":[1],"11":[1],"12":[1],"13":[3],"14":[1],"15":[4],"16":[1],"17":[1]},"fnMap":{"0":{"name":"useShipClassLoader","decl":{"start":{"line":7,"column":7},"end":{"line":70,"column":1}},"loc":{"start":{"line":7,"column":7},"end":{"line":70,"column":1}},"line":7},"1":{"name":"toggleDetails","decl":{"start":{"line":23,"column":4},"end":{"line":49,"column":5}},"loc":{"start":{"line":23,"column":4},"end":{"line":49,"column":5}},"line":23},"2":{"name":"handleHideDetails","decl":{"start":{"line":54,"column":28},"end":{"line":61,"column":3}},"loc":{"start":{"line":54,"column":28},"end":{"line":61,"column":3}},"line":54}},"f":{"0":16,"1":7,"2":1}}
,"D:\\Документы\\Programming\\RollingScopesSchool\\REACT\\REACT2025Q3\\src\\hooks\\useShipLoader\\useShipLoader.ts": {"path":"D:\\Документы\\Programming\\RollingScopesSchool\\REACT\\REACT2025Q3\\src\\hooks\\useShipLoader\\useShipLoader.ts","all":false,"statementMap":{"0":{"start":{"line":1,"column":0},"end":{"line":1,"column":52}},"1":{"start":{"line":2,"column":0},"end":{"line":2,"column":47}},"2":{"start":{"line":3,"column":0},"end":{"line":3,"column":63}},"5":{"start":{"line":6,"column":0},"end":{"line":6,"column":52}},"6":{"start":{"line":7,"column":0},"end":{"line":7,"column":51}},"7":{"start":{"line":8,"column":0},"end":{"line":8,"column":56}},"8":{"start":{"line":9,"column":0},"end":{"line":9,"column":48}},"9":{"start":{"line":10,"column":0},"end":{"line":10,"column":52}},"10":{"start":{"line":11,"column":0},"end":{"line":11,"column":66}},"11":{"start":{"line":12,"column":0},"end":{"line":12,"column":33}},"13":{"start":{"line":14,"column":0},"end":{"line":14,"column":19}},"14":{"start":{"line":15,"column":0},"end":{"line":15,"column":43}},"15":{"start":{"line":16,"column":0},"end":{"line":16,"column":42}},"17":{"start":{"line":18,"column":0},"end":{"line":18,"column":46}},"18":{"start":{"line":19,"column":0},"end":{"line":19,"column":23}},"20":{"start":{"line":21,"column":0},"end":{"line":21,"column":9}},"21":{"start":{"line":22,"column":0},"end":{"line":22,"column":77}},"22":{"start":{"line":23,"column":0},"end":{"line":23,"column":39}},"23":{"start":{"line":24,"column":0},"end":{"line":24,"column":46}},"24":{"start":{"line":25,"column":0},"end":{"line":25,"column":43}},"25":{"start":{"line":26,"column":0},"end":{"line":26,"column":7}},"26":{"start":{"line":27,"column":0},"end":{"line":27,"column":21}},"27":{"start":{"line":28,"column":0},"end":{"line":28,"column":65}},"28":{"start":{"line":29,"column":0},"end":{"line":29,"column":23}},"29":{"start":{"line":30,"column":0},"end":{"line":30,"column":7}},"30":{"start":{"line":31,"column":0},"end":{"line":31,"column":15}},"31":{"start":{"line":32,"column":0},"end":{"line":32,"column":39}},"32":{"start":{"line":33,"column":0},"end":{"line":33,"column":28}},"33":{"start":{"line":34,"column":0},"end":{"line":34,"column":7}},"34":{"start":{"line":35,"column":0},"end":{"line":35,"column":5}},"35":{"start":{"line":36,"column":0},"end":{"line":36,"column":4}},"37":{"start":{"line":38,"column":0},"end":{"line":38,"column":69}},"39":{"start":{"line":40,"column":0},"end":{"line":40,"column":29}},"40":{"start":{"line":41,"column":0},"end":{"line":41,"column":25}},"42":{"start":{"line":43,"column":0},"end":{"line":43,"column":16}},"43":{"start":{"line":44,"column":0},"end":{"line":44,"column":54}},"44":{"start":{"line":45,"column":0},"end":{"line":45,"column":42}},"45":{"start":{"line":46,"column":0},"end":{"line":46,"column":5}},"46":{"start":{"line":47,"column":0},"end":{"line":47,"column":4}},"47":{"start":{"line":48,"column":0},"end":{"line":48,"column":18}},"49":{"start":{"line":50,"column":0},"end":{"line":50,"column":68}},"50":{"start":{"line":51,"column":0},"end":{"line":51,"column":37}},"51":{"start":{"line":52,"column":0},"end":{"line":52,"column":41}},"52":{"start":{"line":53,"column":0},"end":{"line":53,"column":5}},"54":{"start":{"line":55,"column":0},"end":{"line":55,"column":19}},"55":{"start":{"line":56,"column":0},"end":{"line":56,"column":23}},"57":{"start":{"line":58,"column":0},"end":{"line":58,"column":45}},"58":{"start":{"line":59,"column":0},"end":{"line":59,"column":44}},"60":{"start":{"line":61,"column":0},"end":{"line":61,"column":88}},"61":{"start":{"line":62,"column":0},"end":{"line":62,"column":42}},"62":{"start":{"line":63,"column":0},"end":{"line":63,"column":39}},"64":{"start":{"line":65,"column":0},"end":{"line":65,"column":24}},"65":{"start":{"line":66,"column":0},"end":{"line":66,"column":4}},"67":{"start":{"line":68,"column":0},"end":{"line":68,"column":77}},"68":{"start":{"line":69,"column":0},"end":{"line":69,"column":38}},"69":{"start":{"line":70,"column":0},"end":{"line":70,"column":4}},"71":{"start":{"line":72,"column":0},"end":{"line":72,"column":10}},"72":{"start":{"line":73,"column":0},"end":{"line":73,"column":15}},"73":{"start":{"line":74,"column":0},"end":{"line":74,"column":14}},"74":{"start":{"line":75,"column":0},"end":{"line":75,"column":10}},"75":{"start":{"line":76,"column":0},"end":{"line":76,"column":14}},"76":{"start":{"line":77,"column":0},"end":{"line":77,"column":22}},"77":{"start":{"line":78,"column":0},"end":{"line":78,"column":17}},"78":{"start":{"line":79,"column":0},"end":{"line":79,"column":4}},"79":{"start":{"line":80,"column":0},"end":{"line":80,"column":1}}},"s":{"0":1,"1":1,"2":1,"5":1,"6":10,"7":10,"8":10,"9":10,"10":10,"11":10,"13":10,"14":3,"15":3,"17":3,"18":3,"20":3,"21":3,"22":3,"23":2,"24":2,"25":2,"26":3,"27":0,"28":0,"29":0,"30":3,"31":3,"32":2,"33":2,"34":3,"35":3,"37":3,"39":3,"40":3,"42":3,"43":3,"44":3,"45":3,"46":3,"47":10,"49":10,"50":1,"51":1,"52":1,"54":1,"55":1,"57":1,"58":1,"60":1,"61":1,"62":1,"64":1,"65":1,"67":10,"68":1,"69":1,"71":10,"72":10,"73":10,"74":10,"75":10,"76":10,"77":10,"78":10,"79":10},"branchMap":{"0":{"type":"branch","line":6,"loc":{"start":{"line":6,"column":7},"end":{"line":80,"column":1}},"locations":[{"start":{"line":6,"column":7},"end":{"line":80,"column":1}}]},"1":{"type":"branch","line":14,"loc":{"start":{"line":14,"column":12},"end":{"line":48,"column":3}},"locations":[{"start":{"line":14,"column":12},"end":{"line":48,"column":3}}]},"2":{"type":"branch","line":38,"loc":{"start":{"line":38,"column":61},"end":{"line":38,"column":69}},"locations":[{"start":{"line":38,"column":61},"end":{"line":38,"column":69}}]},"3":{"type":"branch","line":18,"loc":{"start":{"line":18,"column":20},"end":{"line":36,"column":4}},"locations":[{"start":{"line":18,"column":20},"end":{"line":36,"column":4}}]},"4":{"type":"branch","line":23,"loc":{"start":{"line":23,"column":38},"end":{"line":26,"column":7}},"locations":[{"start":{"line":23,"column":38},"end":{"line":26,"column":7}}]},"5":{"type":"branch","line":27,"loc":{"start":{"line":27,"column":4},"end":{"line":31,"column":6}},"locations":[{"start":{"line":27,"column":4},"end":{"line":31,"column":6}}]},"6":{"type":"branch","line":32,"loc":{"start":{"line":32,"column":38},"end":{"line":34,"column":7}},"locations":[{"start":{"line":32,"column":38},"end":{"line":34,"column":7}}]},"7":{"type":"branch","line":43,"loc":{"start":{"line":43,"column":9},"end":{"line":47,"column":4}},"locations":[{"start":{"line":43,"column":9},"end":{"line":47,"column":4}}]},"8":{"type":"branch","line":50,"loc":{"start":{"line":50,"column":23},"end":{"line":66,"column":4}},"locations":[{"start":{"line":50,"column":23},"end":{"line":66,"column":4}}]},"9":{"type":"branch","line":68,"loc":{"start":{"line":68,"column":28},"end":{"line":70,"column":4}},"locations":[{"start":{"line":68,"column":28},"end":{"line":70,"column":4}}]}},"b":{"0":[10],"1":[3],"2":[2],"3":[3],"4":[2],"5":[0],"6":[2],"7":[3],"8":[1],"9":[1]},"fnMap":{"0":{"name":"useShipLoader","decl":{"start":{"line":6,"column":7},"end":{"line":80,"column":1}},"loc":{"start":{"line":6,"column":7},"end":{"line":80,"column":1}},"line":6},"1":{"name":"loadCards","decl":{"start":{"line":18,"column":20},"end":{"line":36,"column":4}},"loc":{"start":{"line":18,"column":20},"end":{"line":36,"column":4}},"line":18},"2":{"name":"handleSearch","decl":{"start":{"line":50,"column":23},"end":{"line":66,"column":4}},"loc":{"start":{"line":50,"column":23},"end":{"line":66,"column":4}},"line":50},"3":{"name":"handleInputChange","decl":{"start":{"line":68,"column":28},"end":{"line":70,"column":4}},"loc":{"start":{"line":68,"column":28},"end":{"line":70,"column":4}},"line":68}},"f":{"0":10,"1":3,"2":1,"3":1}}
,"D:\\Документы\\Programming\\RollingScopesSchool\\REACT\\REACT2025Q3\\src\\layouts\\DetailsLayout\\DetailsLayout.tsx": {"path":"D:\\Документы\\Programming\\RollingScopesSchool\\REACT\\REACT2025Q3\\src\\layouts\\DetailsLayout\\DetailsLayout.tsx","all":false,"statementMap":{"1":{"start":{"line":2,"column":0},"end":{"line":2,"column":38}},"2":{"start":{"line":3,"column":0},"end":{"line":3,"column":87}},"3":{"start":{"line":4,"column":0},"end":{"line":4,"column":30}},"4":{"start":{"line":5,"column":0},"end":{"line":5,"column":55}},"6":{"start":{"line":7,"column":0},"end":{"line":7,"column":46}},"7":{"start":{"line":8,"column":0},"end":{"line":8,"column":9}},"8":{"start":{"line":9,"column":0},"end":{"line":9,"column":21}},"9":{"start":{"line":10,"column":0},"end":{"line":10,"column":19}},"10":{"start":{"line":11,"column":0},"end":{"line":11,"column":14}},"11":{"start":{"line":12,"column":0},"end":{"line":12,"column":16}},"12":{"start":{"line":13,"column":0},"end":{"line":13,"column":22}},"13":{"start":{"line":14,"column":0},"end":{"line":14,"column":27}},"15":{"start":{"line":16,"column":0},"end":{"line":16,"column":14}},"17":{"start":{"line":18,"column":0},"end":{"line":18,"column":23}},"18":{"start":{"line":19,"column":0},"end":{"line":19,"column":15}},"19":{"start":{"line":20,"column":0},"end":{"line":20,"column":53}},"21":{"start":{"line":22,"column":0},"end":{"line":22,"column":25}},"22":{"start":{"line":23,"column":0},"end":{"line":23,"column":15}},"23":{"start":{"line":24,"column":0},"end":{"line":24,"column":40}},"24":{"start":{"line":25,"column":0},"end":{"line":25,"column":51}},"25":{"start":{"line":26,"column":0},"end":{"line":26,"column":12}},"27":{"start":{"line":28,"column":0},"end":{"line":28,"column":10}},"28":{"start":{"line":29,"column":0},"end":{"line":29,"column":15}},"29":{"start":{"line":30,"column":0},"end":{"line":30,"column":36}},"30":{"start":{"line":31,"column":0},"end":{"line":31,"column":42}},"31":{"start":{"line":32,"column":0},"end":{"line":32,"column":39}},"32":{"start":{"line":33,"column":0},"end":{"line":33,"column":50}},"33":{"start":{"line":34,"column":0},"end":{"line":34,"column":13}},"34":{"start":{"line":35,"column":0},"end":{"line":35,"column":42}},"35":{"start":{"line":36,"column":0},"end":{"line":36,"column":36}},"36":{"start":{"line":37,"column":0},"end":{"line":37,"column":48}},"37":{"start":{"line":38,"column":0},"end":{"line":38,"column":13}},"38":{"start":{"line":39,"column":0},"end":{"line":39,"column":42}},"39":{"start":{"line":40,"column":0},"end":{"line":40,"column":41}},"40":{"start":{"line":41,"column":0},"end":{"line":41,"column":53}},"41":{"start":{"line":42,"column":0},"end":{"line":42,"column":13}},"42":{"start":{"line":43,"column":0},"end":{"line":43,"column":42}},"43":{"start":{"line":44,"column":0},"end":{"line":44,"column":35}},"44":{"start":{"line":45,"column":0},"end":{"line":45,"column":47}},"45":{"start":{"line":46,"column":0},"end":{"line":46,"column":13}},"46":{"start":{"line":47,"column":0},"end":{"line":47,"column":42}},"47":{"start":{"line":48,"column":0},"end":{"line":48,"column":33}},"48":{"start":{"line":49,"column":0},"end":{"line":49,"column":45}},"49":{"start":{"line":50,"column":0},"end":{"line":50,"column":13}},"50":{"start":{"line":51,"column":0},"end":{"line":51,"column":42}},"51":{"start":{"line":52,"column":0},"end":{"line":52,"column":31}},"52":{"start":{"line":53,"column":0},"end":{"line":53,"column":44}},"53":{"start":{"line":54,"column":0},"end":{"line":54,"column":13}},"54":{"start":{"line":55,"column":0},"end":{"line":55,"column":42}},"55":{"start":{"line":56,"column":0},"end":{"line":56,"column":35}},"56":{"start":{"line":57,"column":0},"end":{"line":57,"column":48}},"57":{"start":{"line":58,"column":0},"end":{"line":58,"column":13}},"58":{"start":{"line":59,"column":0},"end":{"line":59,"column":11}},"60":{"start":{"line":61,"column":0},"end":{"line":61,"column":3}},"62":{"start":{"line":63,"column":0},"end":{"line":63,"column":10}},"63":{"start":{"line":64,"column":0},"end":{"line":64,"column":27}},"64":{"start":{"line":65,"column":0},"end":{"line":65,"column":16}},"65":{"start":{"line":66,"column":0},"end":{"line":66,"column":82}},"66":{"start":{"line":67,"column":0},"end":{"line":67,"column":80}},"67":{"start":{"line":68,"column":0},"end":{"line":68,"column":44}},"68":{"start":{"line":69,"column":0},"end":{"line":69,"column":58}},"69":{"start":{"line":70,"column":0},"end":{"line":70,"column":19}},"70":{"start":{"line":71,"column":0},"end":{"line":71,"column":14}},"71":{"start":{"line":72,"column":0},"end":{"line":72,"column":14}},"72":{"start":{"line":73,"column":0},"end":{"line":73,"column":11}},"74":{"start":{"line":75,"column":0},"end":{"line":75,"column":2}}},"s":{"1":1,"2":1,"3":1,"4":1,"6":1,"7":8,"8":8,"9":8,"10":8,"11":8,"12":8,"13":8,"15":8,"17":8,"18":2,"19":2,"21":8,"22":1,"23":1,"24":1,"25":1,"27":6,"28":5,"29":5,"30":5,"31":5,"32":5,"33":5,"34":5,"35":5,"36":5,"37":5,"38":5,"39":5,"40":5,"41":5,"42":5,"43":5,"44":5,"45":5,"46":5,"47":5,"48":5,"49":5,"50":5,"51":5,"52":5,"53":5,"54":5,"55":5,"56":5,"57":5,"58":5,"60":5,"62":8,"63":8,"64":8,"65":8,"66":8,"67":8,"68":8,"69":8,"70":8,"71":8,"72":8,"74":8},"branchMap":{"0":{"type":"branch","line":7,"loc":{"start":{"line":7,"column":39},"end":{"line":75,"column":2}},"locations":[{"start":{"line":7,"column":39},"end":{"line":75,"column":2}}]},"1":{"type":"branch","line":18,"loc":{"start":{"line":18,"column":22},"end":{"line":22,"column":13}},"locations":[{"start":{"line":18,"column":22},"end":{"line":22,"column":13}}]},"2":{"type":"branch","line":22,"loc":{"start":{"line":22,"column":2},"end":{"line":61,"column":3}},"locations":[{"start":{"line":22,"column":2},"end":{"line":61,"column":3}}]},"3":{"type":"branch","line":22,"loc":{"start":{"line":22,"column":24},"end":{"line":28,"column":9}},"locations":[{"start":{"line":22,"column":24},"end":{"line":28,"column":9}}]},"4":{"type":"branch","line":28,"loc":{"start":{"line":28,"column":2},"end":{"line":61,"column":3}},"locations":[{"start":{"line":28,"column":2},"end":{"line":61,"column":3}}]},"5":{"type":"branch","line":66,"loc":{"start":{"line":66,"column":24},"end":{"line":66,"column":71}},"locations":[{"start":{"line":66,"column":24},"end":{"line":66,"column":71}}]},"6":{"type":"branch","line":66,"loc":{"start":{"line":66,"column":43},"end":{"line":66,"column":82}},"locations":[{"start":{"line":66,"column":43},"end":{"line":66,"column":82}}]}},"b":{"0":[8],"1":[2],"2":[6],"3":[1],"4":[5],"5":[6],"6":[2]},"fnMap":{"0":{"name":"DetailsLayout","decl":{"start":{"line":7,"column":39},"end":{"line":75,"column":2}},"loc":{"start":{"line":7,"column":39},"end":{"line":75,"column":2}},"line":7}},"f":{"0":8}}
,"D:\\Документы\\Programming\\RollingScopesSchool\\REACT\\REACT2025Q3\\src\\layouts\\SelectedPanelLayout\\SelectedPanelLayout.tsx": {"path":"D:\\Документы\\Programming\\RollingScopesSchool\\REACT\\REACT2025Q3\\src\\layouts\\SelectedPanelLayout\\SelectedPanelLayout.tsx","all":false,"statementMap":{"1":{"start":{"line":2,"column":0},"end":{"line":2,"column":38}},"2":{"start":{"line":3,"column":0},"end":{"line":3,"column":55}},"3":{"start":{"line":4,"column":0},"end":{"line":4,"column":85}},"5":{"start":{"line":6,"column":0},"end":{"line":6,"column":56}},"6":{"start":{"line":7,"column":0},"end":{"line":7,"column":36}},"8":{"start":{"line":9,"column":0},"end":{"line":9,"column":52}},"9":{"start":{"line":10,"column":0},"end":{"line":10,"column":33}},"10":{"start":{"line":11,"column":0},"end":{"line":11,"column":89}},"11":{"start":{"line":12,"column":0},"end":{"line":12,"column":50}},"13":{"start":{"line":14,"column":0},"end":{"line":14,"column":39}},"14":{"start":{"line":15,"column":0},"end":{"line":15,"column":99}},"15":{"start":{"line":16,"column":0},"end":{"line":16,"column":62}},"16":{"start":{"line":17,"column":0},"end":{"line":17,"column":148}},"17":{"start":{"line":18,"column":0},"end":{"line":18,"column":17}},"19":{"start":{"line":20,"column":0},"end":{"line":20,"column":77}},"21":{"start":{"line":22,"column":0},"end":{"line":22,"column":45}},"22":{"start":{"line":23,"column":0},"end":{"line":23,"column":42}},"23":{"start":{"line":24,"column":0},"end":{"line":24,"column":78}},"25":{"start":{"line":26,"column":0},"end":{"line":26,"column":36}},"26":{"start":{"line":27,"column":0},"end":{"line":27,"column":17}},"27":{"start":{"line":28,"column":0},"end":{"line":28,"column":36}},"28":{"start":{"line":29,"column":0},"end":{"line":29,"column":3}},"30":{"start":{"line":31,"column":0},"end":{"line":31,"column":10}},"31":{"start":{"line":32,"column":0},"end":{"line":32,"column":6}},"32":{"start":{"line":33,"column":0},"end":{"line":33,"column":16}},"33":{"start":{"line":34,"column":0},"end":{"line":34,"column":103}},"34":{"start":{"line":35,"column":0},"end":{"line":35,"column":91}},"35":{"start":{"line":36,"column":0},"end":{"line":36,"column":87}},"36":{"start":{"line":37,"column":0},"end":{"line":37,"column":71}},"37":{"start":{"line":38,"column":0},"end":{"line":38,"column":12}},"38":{"start":{"line":39,"column":0},"end":{"line":39,"column":7}},"40":{"start":{"line":41,"column":0},"end":{"line":41,"column":1}}},"s":{"1":1,"2":1,"3":1,"5":1,"6":1,"8":1,"9":4,"10":4,"11":4,"13":4,"14":1,"15":1,"16":2,"17":1,"19":1,"21":1,"22":1,"23":1,"25":1,"26":1,"27":1,"28":1,"30":4,"31":4,"32":4,"33":4,"34":4,"35":4,"36":4,"37":4,"38":4,"40":4},"branchMap":{"0":{"type":"branch","line":9,"loc":{"start":{"line":9,"column":45},"end":{"line":41,"column":1}},"locations":[{"start":{"line":9,"column":45},"end":{"line":41,"column":1}}]},"1":{"type":"branch","line":34,"loc":{"start":{"line":34,"column":43},"end":{"line":34,"column":103}},"locations":[{"start":{"line":34,"column":43},"end":{"line":34,"column":103}}]},"2":{"type":"branch","line":14,"loc":{"start":{"line":14,"column":32},"end":{"line":29,"column":3}},"locations":[{"start":{"line":14,"column":32},"end":{"line":29,"column":3}}]},"3":{"type":"branch","line":16,"loc":{"start":{"line":16,"column":54},"end":{"line":17,"column":148}},"locations":[{"start":{"line":16,"column":54},"end":{"line":17,"column":148}}]},"4":{"type":"branch","line":36,"loc":{"start":{"line":36,"column":31},"end":{"line":36,"column":63}},"locations":[{"start":{"line":36,"column":31},"end":{"line":36,"column":63}}]}},"b":{"0":[4],"1":[0],"2":[1],"3":[2],"4":[1]},"fnMap":{"0":{"name":"SelectedPanelLayout","decl":{"start":{"line":9,"column":45},"end":{"line":41,"column":1}},"loc":{"start":{"line":9,"column":45},"end":{"line":41,"column":1}},"line":9},"1":{"name":"downloadSelectedCards","decl":{"start":{"line":14,"column":32},"end":{"line":29,"column":3}},"loc":{"start":{"line":14,"column":32},"end":{"line":29,"column":3}},"line":14},"2":{"name":"onButtonClick","decl":{"start":{"line":36,"column":31},"end":{"line":36,"column":63}},"loc":{"start":{"line":36,"column":31},"end":{"line":36,"column":63}},"line":36}},"f":{"0":4,"1":1,"2":1}}
,"D:\\Документы\\Programming\\RollingScopesSchool\\REACT\\REACT2025Q3\\src\\models\\Ship.ts": {"path":"D:\\Документы\\Programming\\RollingScopesSchool\\REACT\\REACT2025Q3\\src\\models\\Ship.ts","all":true,"statementMap":{"0":{"start":{"line":1,"column":0},"end":{"line":1,"column":23}},"1":{"start":{"line":2,"column":0},"end":{"line":2,"column":14}},"2":{"start":{"line":3,"column":0},"end":{"line":3,"column":15}},"3":{"start":{"line":4,"column":0},"end":{"line":4,"column":26}},"4":{"start":{"line":5,"column":0},"end":{"line":5,"column":24}},"5":{"start":{"line":6,"column":0},"end":{"line":6,"column":28}},"6":{"start":{"line":7,"column":0},"end":{"line":7,"column":45}},"7":{"start":{"line":8,"column":0},"end":{"line":8,"column":35}},"8":{"start":{"line":9,"column":0},"end":{"line":9,"column":38}},"9":{"start":{"line":10,"column":0},"end":{"line":10,"column":1}},"10":{"start":{"line":11,"column":0},"end":{"line":11,"column":0}},"11":{"start":{"line":12,"column":0},"end":{"line":12,"column":37}},"12":{"start":{"line":13,"column":0},"end":{"line":13,"column":14}},"13":{"start":{"line":14,"column":0},"end":{"line":14,"column":15}},"14":{"start":{"line":15,"column":0},"end":{"line":15,"column":1}},"15":{"start":{"line":16,"column":0},"end":{"line":16,"column":0}},"16":{"start":{"line":17,"column":0},"end":{"line":17,"column":35}},"17":{"start":{"line":18,"column":0},"end":{"line":18,"column":22}},"18":{"start":{"line":19,"column":0},"end":{"line":19,"column":1}}},"s":{"0":0,"1":0,"2":0,"3":0,"4":0,"5":0,"6":0,"7":0,"8":0,"9":0,"10":0,"11":0,"12":0,"13":0,"14":0,"15":0,"16":0,"17":0,"18":0},"branchMap":{"0":{"type":"branch","line":1,"loc":{"start":{"line":1,"column":0},"end":{"line":19,"column":1}},"locations":[{"start":{"line":1,"column":0},"end":{"line":19,"column":1}}]}},"b":{"0":[0]},"fnMap":{"0":{"name":"(empty-report)","decl":{"start":{"line":1,"column":0},"end":{"line":19,"column":1}},"loc":{"start":{"line":1,"column":0},"end":{"line":19,"column":1}},"line":1}},"f":{"0":0}}
,"D:\\Документы\\Programming\\RollingScopesSchool\\REACT\\REACT2025Q3\\src\\models\\ShipClass.ts": {"path":"D:\\Документы\\Programming\\RollingScopesSchool\\REACT\\REACT2025Q3\\src\\models\\ShipClass.ts","all":true,"statementMap":{"0":{"start":{"line":1,"column":0},"end":{"line":1,"column":28}},"1":{"start":{"line":2,"column":0},"end":{"line":2,"column":24}},"2":{"start":{"line":3,"column":0},"end":{"line":3,"column":22}},"3":{"start":{"line":4,"column":0},"end":{"line":4,"column":27}},"4":{"start":{"line":5,"column":0},"end":{"line":5,"column":21}},"5":{"start":{"line":6,"column":0},"end":{"line":6,"column":19}},"6":{"start":{"line":7,"column":0},"end":{"line":7,"column":18}},"7":{"start":{"line":8,"column":0},"end":{"line":8,"column":21}},"8":{"start":{"line":9,"column":0},"end":{"line":9,"column":1}}},"s":{"0":0,"1":0,"2":0,"3":0,"4":0,"5":0,"6":0,"7":0,"8":0},"branchMap":{"0":{"type":"branch","line":1,"loc":{"start":{"line":1,"column":0},"end":{"line":9,"column":1}},"locations":[{"start":{"line":1,"column":0},"end":{"line":9,"column":1}}]}},"b":{"0":[0]},"fnMap":{"0":{"name":"(empty-report)","decl":{"start":{"line":1,"column":0},"end":{"line":9,"column":1}},"loc":{"start":{"line":1,"column":0},"end":{"line":9,"column":1}},"line":1}},"f":{"0":0}}
[...]
,"D:\\Документы\\Programming\\RollingScopesSchool\\REACT\\REACT2025Q3\\src\\pages\\MainPage\\MainPage.tsx": {"path":"D:\\Документы\\Programming\\RollingScopesSchool\\REACT\\REACT2025Q3\\src\\pages\\MainPage\\MainPage.tsx","all":false,"statementMap":{"1":{"start":{"line":2,"column":0},"end":{"line":2,"column":83}},"2":{"start":{"line":3,"column":0},"end":{"line":3,"column":72}},"3":{"start":{"line":4,"column":0},"end":{"line":4,"column":74}},"4":{"start":{"line":5,"column":0},"end":{"line":5,"column":92}},"5":{"start":{"line":6,"column":0},"end":{"line":6,"column":56}},"6":{"start":{"line":7,"column":0},"end":{"line":7,"column":50}},"7":{"start":{"line":8,"column":0},"end":{"line":8,"column":80}},"8":{"start":{"line":9,"column":0},"end":{"line":9,"column":68}},"9":{"start":{"line":10,"column":0},"end":{"line":10,"column":60}},"10":{"start":{"line":11,"column":0},"end":{"line":11,"column":25}},"11":{"start":{"line":12,"column":0},"end":{"line":12,"column":55}},"13":{"start":{"line":14,"column":0},"end":{"line":14,"column":41}},"14":{"start":{"line":15,"column":0},"end":{"line":15,"column":47}},"15":{"start":{"line":16,"column":0},"end":{"line":16,"column":39}},"17":{"start":{"line":18,"column":0},"end":{"line":18,"column":9}},"18":{"start":{"line":19,"column":0},"end":{"line":19,"column":15}},"19":{"start":{"line":20,"column":0},"end":{"line":20,"column":14}},"20":{"start":{"line":21,"column":0},"end":{"line":21,"column":10}},"21":{"start":{"line":22,"column":0},"end":{"line":22,"column":14}},"22":{"start":{"line":23,"column":0},"end":{"line":23,"column":22}},"23":{"start":{"line":24,"column":0},"end":{"line":24,"column":17}},"24":{"start":{"line":25,"column":0},"end":{"line":25,"column":33}},"26":{"start":{"line":27,"column":0},"end":{"line":27,"column":33}},"27":{"start":{"line":28,"column":0},"end":{"line":28,"column":65}},"29":{"start":{"line":30,"column":0},"end":{"line":30,"column":53}},"30":{"start":{"line":31,"column":0},"end":{"line":31,"column":27}},"31":{"start":{"line":32,"column":0},"end":{"line":32,"column":3}},"33":{"start":{"line":34,"column":0},"end":{"line":34,"column":14}},"34":{"start":{"line":35,"column":0},"end":{"line":35,"column":39}},"35":{"start":{"line":36,"column":0},"end":{"line":36,"column":3}},"37":{"start":{"line":38,"column":0},"end":{"line":38,"column":10}},"38":{"start":{"line":39,"column":0},"end":{"line":39,"column":26}},"39":{"start":{"line":40,"column":0},"end":{"line":40,"column":14}},"40":{"start":{"line":41,"column":0},"end":{"line":41,"column":13}},"41":{"start":{"line":42,"column":0},"end":{"line":42,"column":33}},"42":{"start":{"line":43,"column":0},"end":{"line":43,"column":43}},"43":{"start":{"line":44,"column":0},"end":{"line":44,"column":41}},"44":{"start":{"line":45,"column":0},"end":{"line":45,"column":10}},"45":{"start":{"line":46,"column":0},"end":{"line":46,"column":15}},"47":{"start":{"line":48,"column":0},"end":{"line":48,"column":14}},"48":{"start":{"line":49,"column":0},"end":{"line":49,"column":52}},"49":{"start":{"line":50,"column":0},"end":{"line":50,"column":51}},"50":{"start":{"line":51,"column":0},"end":{"line":51,"column":34}},"51":{"start":{"line":52,"column":0},"end":{"line":52,"column":16}},"52":{"start":{"line":53,"column":0},"end":{"line":53,"column":48}},"53":{"start":{"line":54,"column":0},"end":{"line":54,"column":49}},"54":{"start":{"line":55,"column":0},"end":{"line":55,"column":63}},"55":{"start":{"line":56,"column":0},"end":{"line":56,"column":24}},"56":{"start":{"line":57,"column":0},"end":{"line":57,"column":36}},"57":{"start":{"line":58,"column":0},"end":{"line":58,"column":50}},"59":{"start":{"line":60,"column":0},"end":{"line":60,"column":77}},"61":{"start":{"line":62,"column":0},"end":{"line":62,"column":17}},"62":{"start":{"line":63,"column":0},"end":{"line":63,"column":15}},"63":{"start":{"line":64,"column":0},"end":{"line":64,"column":18}},"64":{"start":{"line":65,"column":0},"end":{"line":65,"column":16}},"65":{"start":{"line":66,"column":0},"end":{"line":66,"column":15}},"67":{"start":{"line":68,"column":0},"end":{"line":68,"column":42}},"68":{"start":{"line":69,"column":0},"end":{"line":69,"column":10}},"70":{"start":{"line":71,"column":0},"end":{"line":71,"column":2}}},"s":{"1":1,"2":1,"3":1,"4":1,"5":1,"6":1,"7":1,"8":1,"9":1,"10":1,"11":1,"13":1,"14":3,"15":3,"17":3,"18":3,"19":3,"20":3,"21":3,"22":3,"23":3,"24":3,"26":3,"27":3,"29":3,"30":1,"31":1,"33":3,"34":1,"35":1,"37":1,"38":1,"39":1,"40":1,"41":1,"42":1,"43":1,"44":1,"45":1,"47":1,"48":1,"49":1,"50":1,"51":1,"52":1,"53":0,"54":0,"55":0,"56":1,"57":0,"59":1,"61":3,"62":3,"63":3,"64":3,"65":3,"67":3,"68":3,"70":3},"branchMap":{"0":{"type":"branch","line":14,"loc":{"start":{"line":14,"column":34},"end":{"line":71,"column":2}},"locations":[{"start":{"line":14,"column":34},"end":{"line":71,"column":2}}]},"1":{"type":"branch","line":16,"loc":{"start":{"line":16,"column":22},"end":{"line":16,"column":37}},"locations":[{"start":{"line":16,"column":22},"end":{"line":16,"column":37}}]},"2":{"type":"branch","line":16,"loc":{"start":{"line":16,"column":30},"end":{"line":16,"column":39}},"locations":[{"start":{"line":16,"column":30},"end":{"line":16,"column":39}}]},"3":{"type":"branch","line":30,"loc":{"start":{"line":30,"column":23},"end":{"line":30,"column":52}},"locations":[{"start":{"line":30,"column":23},"end":{"line":30,"column":52}}]},"4":{"type":"branch","line":30,"loc":{"start":{"line":30,"column":52},"end":{"line":32,"column":3}},"locations":[{"start":{"line":30,"column":52},"end":{"line":32,"column":3}}]},"5":{"type":"branch","line":32,"loc":{"start":{"line":32,"column":2},"end":{"line":34,"column":13}},"locations":[{"start":{"line":32,"column":2},"end":{"line":34,"column":13}}]},"6":{"type":"branch","line":34,"loc":{"start":{"line":34,"column":13},"end":{"line":53,"column":48}},"locations":[{"start":{"line":34,"column":13},"end":{"line":53,"column":48}}]},"7":{"type":"branch","line":53,"loc":{"start":{"line":53,"column":40},"end":{"line":56,"column":24}},"locations":[{"start":{"line":53,"column":40},"end":{"line":56,"column":24}}]},"8":{"type":"branch","line":56,"loc":{"start":{"line":56,"column":18},"end":{"line":60,"column":77}},"locations":[{"start":{"line":56,"column":18},"end":{"line":60,"column":77}}]},"9":{"type":"branch","line":57,"loc":{"start":{"line":57,"column":26},"end":{"line":58,"column":50}},"locations":[{"start":{"line":57,"column":26},"end":{"line":58,"column":50}}]}},"b":{"0":[3],"1":[2],"2":[1],"3":[2],"4":[1],"5":[2],"6":[1],"7":[0],"8":[1],"9":[0]},"fnMap":{"0":{"name":"MainPage","decl":{"start":{"line":14,"column":34},"end":{"line":71,"column":2}},"loc":{"start":{"line":14,"column":34},"end":{"line":71,"column":2}},"line":14},"1":{"name":"onSearch","decl":{"start":{"line":44,"column":20},"end":{"line":44,"column":41}},"loc":{"start":{"line":44,"column":20},"end":{"line":44,"column":41}},"line":44}},"f":{"0":3,"1":0}}
,"D:\\Документы\\Programming\\RollingScopesSchool\\REACT\\REACT2025Q3\\src\\pages\\NotFoundPage\\NotFoundPage.tsx": {"path":"D:\\Документы\\Programming\\RollingScopesSchool\\REACT\\REACT2025Q3\\src\\pages\\NotFoundPage\\NotFoundPage.tsx","all":false,"statementMap":{"1":{"start":{"line":2,"column":0},"end":{"line":2,"column":40}},"2":{"start":{"line":3,"column":0},"end":{"line":3,"column":29}},"3":{"start":{"line":4,"column":0},"end":{"line":4,"column":60}},"5":{"start":{"line":6,"column":0},"end":{"line":6,"column":45}},"6":{"start":{"line":7,"column":0},"end":{"line":7,"column":10}},"7":{"start":{"line":8,"column":0},"end":{"line":8,"column":31}},"8":{"start":{"line":9,"column":0},"end":{"line":9,"column":77}},"9":{"start":{"line":10,"column":0},"end":{"line":10,"column":40}},"11":{"start":{"line":12,"column":0},"end":{"line":12,"column":14}},"12":{"start":{"line":13,"column":0},"end":{"line":13,"column":13}},"14":{"start":{"line":15,"column":0},"end":{"line":15,"column":51}},"16":{"start":{"line":17,"column":0},"end":{"line":17,"column":17}},"17":{"start":{"line":18,"column":0},"end":{"line":18,"column":14}},"18":{"start":{"line":19,"column":0},"end":{"line":19,"column":12}},"19":{"start":{"line":20,"column":0},"end":{"line":20,"column":10}},"21":{"start":{"line":22,"column":0},"end":{"line":22,"column":2}}},"s":{"1":1,"2":1,"3":1,"5":1,"6":2,"7":2,"8":2,"9":2,"11":2,"12":2,"14":2,"16":2,"17":2,"18":2,"19":2,"21":2},"branchMap":{"0":{"type":"branch","line":6,"loc":{"start":{"line":6,"column":38},"end":{"line":22,"column":2}},"locations":[{"start":{"line":6,"column":38},"end":{"line":22,"column":2}}]}},"b":{"0":[2]},"fnMap":{"0":{"name":"NotFoundPage","decl":{"start":{"line":6,"column":38},"end":{"line":22,"column":2}},"loc":{"start":{"line":6,"column":38},"end":{"line":22,"column":2}},"line":6}},"f":{"0":2}}
,"D:\\Документы\\Programming\\RollingScopesSchool\\REACT\\REACT2025Q3\\src\\providers\\ColorTheme.tsx": {"path":"D:\\Документы\\Programming\\RollingScopesSchool\\REACT\\REACT2025Q3\\src\\providers\\ColorTheme.tsx","all":true,"statementMap":{"0":{"start":{"line":1,"column":0},"end":{"line":1,"column":51}},"1":{"start":{"line":2,"column":0},"end":{"line":2,"column":83}},"2":{"start":{"line":3,"column":0},"end":{"line":3,"column":75}},"3":{"start":{"line":4,"column":0},"end":{"line":4,"column":0}},"4":{"start":{"line":5,"column":0},"end":{"line":5,"column":27}},"5":{"start":{"line":6,"column":0},"end":{"line":6,"column":29}},"6":{"start":{"line":7,"column":0},"end":{"line":7,"column":1}},"7":{"start":{"line":8,"column":0},"end":{"line":8,"column":0}},"8":{"start":{"line":9,"column":0},"end":{"line":9,"column":72}},"9":{"start":{"line":10,"column":0},"end":{"line":10,"column":98}},"10":{"start":{"line":11,"column":0},"end":{"line":11,"column":0}},"11":{"start":{"line":12,"column":0},"end":{"line":12,"column":19}},"12":{"start":{"line":13,"column":0},"end":{"line":13,"column":30}},"13":{"start":{"line":14,"column":0},"end":{"line":14,"column":19}},"14":{"start":{"line":15,"column":0},"end":{"line":15,"column":0}},"15":{"start":{"line":16,"column":0},"end":{"line":16,"column":10}},"16":{"start":{"line":17,"column":0},"end":{"line":17,"column":70}},"17":{"start":{"line":18,"column":0},"end":{"line":18,"column":16}},"18":{"start":{"line":19,"column":0},"end":{"line":19,"column":33}},"19":{"start":{"line":20,"column":0},"end":{"line":20,"column":4}},"20":{"start":{"line":21,"column":0},"end":{"line":21,"column":2}}},"s":{"0":0,"1":0,"2":0,"3":0,"4":0,"5":0,"6":0,"7":0,"8":0,"9":0,"10":0,"11":0,"12":0,"13":0,"14":0,"15":0,"16":0,"17":0,"18":0,"19":0,"20":0},"branchMap":{"0":{"type":"branch","line":1,"loc":{"start":{"line":1,"column":0},"end":{"line":21,"column":2}},"locations":[{"start":{"line":1,"column":0},"end":{"line":21,"column":2}}]}},"b":{"0":[0]},"fnMap":{"0":{"name":"(empty-report)","decl":{"start":{"line":1,"column":0},"end":{"line":21,"column":2}},"loc":{"start":{"line":1,"column":0},"end":{"line":21,"column":2}},"line":1}},"f":{"0":0}}
,"D:\\Документы\\Programming\\RollingScopesSchool\\REACT\\REACT2025Q3\\src\\slices\\selectedCardsSlice.ts": {"path":"D:\\Документы\\Programming\\RollingScopesSchool\\REACT\\REACT2025Q3\\src\\slices\\selectedCardsSlice.ts","all":false,"statementMap":{"0":{"start":{"line":1,"column":0},"end":{"line":1,"column":62}},"7":{"start":{"line":8,"column":0},"end":{"line":8,"column":42}},"8":{"start":{"line":9,"column":0},"end":{"line":9,"column":20}},"9":{"start":{"line":10,"column":0},"end":{"line":10,"column":2}},"12":{"start":{"line":13,"column":0},"end":{"line":13,"column":47}},"13":{"start":{"line":14,"column":0},"end":{"line":14,"column":24}},"14":{"start":{"line":15,"column":0},"end":{"line":15,"column":15}},"15":{"start":{"line":16,"column":0},"end":{"line":16,"column":14}},"16":{"start":{"line":17,"column":0},"end":{"line":17,"column":59}},"17":{"start":{"line":18,"column":0},"end":{"line":18,"column":4}},"18":{"start":{"line":19,"column":0},"end":{"line":19,"column":13}},"19":{"start":{"line":20,"column":0},"end":{"line":20,"column":59}},"20":{"start":{"line":21,"column":0},"end":{"line":21,"column":34}},"22":{"start":{"line":23,"column":0},"end":{"line":23,"column":79}},"23":{"start":{"line":24,"column":0},"end":{"line":24,"column":39}},"24":{"start":{"line":25,"column":0},"end":{"line":25,"column":7}},"25":{"start":{"line":26,"column":0},"end":{"line":26,"column":6}},"26":{"start":{"line":27,"column":0},"end":{"line":27,"column":59}},"27":{"start":{"line":28,"column":0},"end":{"line":28,"column":36}},"28":{"start":{"line":29,"column":0},"end":{"line":29,"column":84}},"29":{"start":{"line":30,"column":0},"end":{"line":30,"column":6}},"30":{"start":{"line":31,"column":0},"end":{"line":31,"column":28}},"31":{"start":{"line":32,"column":0},"end":{"line":32,"column":31}},"32":{"start":{"line":33,"column":0},"end":{"line":33,"column":6}},"33":{"start":{"line":34,"column":0},"end":{"line":34,"column":4}},"34":{"start":{"line":35,"column":0},"end":{"line":35,"column":3}},"36":{"start":{"line":37,"column":0},"end":{"line":37,"column":71}},"37":{"start":{"line":38,"column":0},"end":{"line":38,"column":78}},"39":{"start":{"line":40,"column":0},"end":{"line":40,"column":42}}},"s":{"0":1,"7":1,"8":1,"9":1,"12":1,"13":1,"14":1,"15":1,"16":1,"17":1,"18":1,"19":1,"20":0,"22":0,"23":0,"24":0,"25":0,"26":1,"27":0,"28":0,"29":0,"30":1,"31":0,"32":0,"33":1,"34":1,"36":1,"37":1,"39":1},"branchMap":{"0":{"type":"branch","line":17,"loc":{"start":{"line":17,"column":28},"end":{"line":17,"column":59}},"locations":[{"start":{"line":17,"column":28},"end":{"line":17,"column":59}}]}},"b":{"0":[8]},"fnMap":{"0":{"name":"selectAllSelectedCards","decl":{"start":{"line":17,"column":28},"end":{"line":17,"column":59}},"loc":{"start":{"line":17,"column":28},"end":{"line":17,"column":59}},"line":17},"1":{"name":"addCard","decl":{"start":{"line":20,"column":13},"end":{"line":26,"column":6}},"loc":{"start":{"line":20,"column":13},"end":{"line":26,"column":6}},"line":20},"2":{"name":"removeCard","decl":{"start":{"line":27,"column":16},"end":{"line":30,"column":6}},"loc":{"start":{"line":27,"column":16},"end":{"line":30,"column":6}},"line":27},"3":{"name":"clearCards","decl":{"start":{"line":31,"column":16},"end":{"line":33,"column":6}},"loc":{"start":{"line":31,"column":16},"end":{"line":33,"column":6}},"line":31}},"f":{"0":8,"1":0,"2":0,"3":0}}
,"D:\\Документы\\Programming\\RollingScopesSchool\\REACT\\REACT2025Q3\\src\\test-utils\\fetch-mocks.ts": {"path":"D:\\Документы\\Programming\\RollingScopesSchool\\REACT\\REACT2025Q3\\src\\test-utils\\fetch-mocks.ts","all":false,"statementMap":{"2":{"start":{"line":3,"column":0},"end":{"line":3,"column":34}},"3":{"start":{"line":4,"column":0},"end":{"line":4,"column":3}},"4":{"start":{"line":5,"column":0},"end":{"line":5,"column":13}},"5":{"start":{"line":6,"column":0},"end":{"line":6,"column":23}},"6":{"start":{"line":7,"column":0},"end":{"line":7,"column":25}},"7":{"start":{"line":8,"column":0},"end":{"line":8,"column":21}},"8":{"start":{"line":9,"column":0},"end":{"line":9,"column":29}},"9":{"start":{"line":10,"column":0},"end":{"line":10,"column":61}},"10":{"start":{"line":11,"column":0},"end":{"line":11,"column":48}},"11":{"start":{"line":12,"column":0},"end":{"line":12,"column":54}},"12":{"start":{"line":13,"column":0},"end":{"line":13,"column":4}},"13":{"start":{"line":14,"column":0},"end":{"line":14,"column":2}},"15":{"start":{"line":16,"column":0},"end":{"line":16,"column":32}},"16":{"start":{"line":17,"column":0},"end":{"line":17,"column":25}},"17":{"start":{"line":18,"column":0},"end":{"line":18,"column":16}},"18":{"start":{"line":19,"column":0},"end":{"line":19,"column":2}},"20":{"start":{"line":21,"column":0},"end":{"line":21,"column":30}},"21":{"start":{"line":22,"column":0},"end":{"line":22,"column":20}},"22":{"start":{"line":23,"column":0},"end":{"line":23,"column":31}},"23":{"start":{"line":24,"column":0},"end":{"line":24,"column":30}},"24":{"start":{"line":25,"column":0},"end":{"line":25,"column":34}},"25":{"start":{"line":26,"column":0},"end":{"line":26,"column":30}},"26":{"start":{"line":27,"column":0},"end":{"line":27,"column":28}},"27":{"start":{"line":28,"column":0},"end":{"line":28,"column":38}},"28":{"start":{"line":29,"column":0},"end":{"line":29,"column":46}},"29":{"start":{"line":30,"column":0},"end":{"line":30,"column":3}},"30":{"start":{"line":31,"column":0},"end":{"line":31,"column":2}},"32":{"start":{"line":33,"column":0},"end":{"line":33,"column":33}},"33":{"start":{"line":34,"column":0},"end":{"line":34,"column":15}},"34":{"start":{"line":35,"column":0},"end":{"line":35,"column":18}},"35":{"start":{"line":36,"column":0},"end":{"line":36,"column":18}},"36":{"start":{"line":37,"column":0},"end":{"line":37,"column":18}},"37":{"start":{"line":38,"column":0},"end":{"line":38,"column":15}},"38":{"start":{"line":39,"column":0},"end":{"line":39,"column":15}},"39":{"start":{"line":40,"column":0},"end":{"line":40,"column":16}},"40":{"start":{"line":41,"column":0},"end":{"line":41,"column":20}},"41":{"start":{"line":42,"column":0},"end":{"line":42,"column":19}},"42":{"start":{"line":43,"column":0},"end":{"line":43,"column":16}},"43":{"start":{"line":44,"column":0},"end":{"line":44,"column":18}},"44":{"start":{"line":45,"column":0},"end":{"line":45,"column":19}},"45":{"start":{"line":46,"column":0},"end":{"line":46,"column":10}},"46":{"start":{"line":47,"column":0},"end":{"line":47,"column":33}},"47":{"start":{"line":48,"column":0},"end":{"line":48,"column":47}},"48":{"start":{"line":49,"column":0},"end":{"line":49,"column":37}},"49":{"start":{"line":50,"column":0},"end":{"line":50,"column":4}},"50":{"start":{"line":51,"column":0},"end":{"line":51,"column":2}},"52":{"start":{"line":53,"column":0},"end":{"line":53,"column":43}},"54":{"start":{"line":55,"column":0},"end":{"line":55,"column":41}},"55":{"start":{"line":56,"column":0},"end":{"line":56,"column":20}},"56":{"start":{"line":57,"column":0},"end":{"line":57,"column":24}},"57":{"start":{"line":58,"column":0},"end":{"line":58,"column":27}},"58":{"start":{"line":59,"column":0},"end":{"line":59,"column":25}},"59":{"start":{"line":60,"column":0},"end":{"line":60,"column":26}},"60":{"start":{"line":61,"column":0},"end":{"line":61,"column":19}},"61":{"start":{"line":62,"column":0},"end":{"line":62,"column":18}},"62":{"start":{"line":63,"column":0},"end":{"line":63,"column":32}},"63":{"start":{"line":64,"column":0},"end":{"line":64,"column":3}},"64":{"start":{"line":65,"column":0},"end":{"line":65,"column":2}}},"s":{"2":1,"3":1,"4":1,"5":1,"6":1,"7":1,"8":1,"9":1,"10":1,"11":1,"12":1,"13":1,"15":1,"16":1,"17":1,"18":1,"20":1,"21":1,"22":1,"23":1,"24":1,"25":1,"26":1,"27":1,"28":1,"29":1,"30":1,"32":1,"33":1,"34":1,"35":1,"36":1,"37":1,"38":1,"39":1,"40":1,"41":1,"42":1,"43":1,"44":1,"45":1,"46":1,"47":1,"48":1,"49":1,"50":1,"52":1,"54":1,"55":1,"56":1,"57":1,"58":1,"59":1,"60":1,"61":1,"62":1,"63":1,"64":1},"branchMap":{"0":{"type":"branch","line":47,"loc":{"start":{"line":47,"column":21},"end":{"line":50,"column":4}},"locations":[{"start":{"line":47,"column":21},"end":{"line":50,"column":4}}]}},"b":{"0":[1]},"fnMap":{"0":{"name":"mockSearchParams","decl":{"start":{"line":47,"column":21},"end":{"line":50,"column":4}},"loc":{"start":{"line":47,"column":21},"end":{"line":50,"column":4}},"line":47}},"f":{"0":1}}
}
