{"D:\\Документы\\Programming\\RollingScopesSchool\\REACT\\REACT2025Q3\\src\\index.tsx": {"path":"D:\\Документы\\Programming\\RollingScopesSchool\\REACT\\REACT2025Q3\\src\\index.tsx","all":true,"statementMap":{"0":{"start":{"line":1,"column":0},"end":{"line":1,"column":40}},"1":{"start":{"line":2,"column":0},"end":{"line":2,"column":60}},"2":{"start":{"line":3,"column":0},"end":{"line":3,"column":39}},"3":{"start":{"line":4,"column":0},"end":{"line":4,"column":32}},"4":{"start":{"line":5,"column":0},"end":{"line":5,"column":52}},"5":{"start":{"line":6,"column":0},"end":{"line":6,"column":73}},"6":{"start":{"line":7,"column":0},"end":{"line":7,"column":53}},"7":{"start":{"line":8,"column":0},"end":{"line":8,"column":56}},"8":{"start":{"line":9,"column":0},"end":{"line":9,"column":65}},"9":{"start":{"line":10,"column":0},"end":{"line":10,"column":22}},"10":{"start":{"line":11,"column":0},"end":{"line":11,"column":0}},"11":{"start":{"line":12,"column":0},"end":{"line":12,"column":69}},"12":{"start":{"line":13,"column":0},"end":{"line":13,"column":0}},"13":{"start":{"line":14,"column":0},"end":{"line":14,"column":42}},"14":{"start":{"line":15,"column":0},"end":{"line":15,"column":19}},"15":{"start":{"line":16,"column":0},"end":{"line":16,"column":30}},"16":{"start":{"line":17,"column":0},"end":{"line":17,"column":20}},"17":{"start":{"line":18,"column":0},"end":{"line":18,"column":25}},"18":{"start":{"line":19,"column":0},"end":{"line":19,"column":20}},"19":{"start":{"line":20,"column":0},"end":{"line":20,"column":55}},"20":{"start":{"line":21,"column":0},"end":{"line":21,"column":62}},"21":{"start":{"line":22,"column":0},"end":{"line":22,"column":61}},"22":{"start":{"line":23,"column":0},"end":{"line":23,"column":59}},"23":{"start":{"line":24,"column":0},"end":{"line":24,"column":21}},"24":{"start":{"line":25,"column":0},"end":{"line":25,"column":26}},"25":{"start":{"line":26,"column":0},"end":{"line":26,"column":21}},"26":{"start":{"line":27,"column":0},"end":{"line":27,"column":17}},"27":{"start":{"line":28,"column":0},"end":{"line":28,"column":20}},"28":{"start":{"line":29,"column":0},"end":{"line":29,"column":2}}},"s":{"0":0,"1":0,"2":0,"3":0,"4":0,"5":0,"6":0,"7":0,"8":0,"9":0,"10":0,"11":0,"12":0,"13":0,"14":0,"15":0,"16":0,"17":0,"18":0,"19":0,"20":0,"21":0,"22":0,"23":0,"24":0,"25":0,"26":0,"27":0,"28":0},"branchMap":{"0":{"type":"branch","line":1,"loc":{"start":{"line":1,"column":0},"end":{"line":29,"column":2}},"locations":[{"start":{"line":1,"column":0},"end":{"line":29,"column":2}}]}},"b":{"0":[0]},"fnMap":{"0":{"name":"(empty-report)","decl":{"start":{"line":1,"column":0},"end":{"line":29,"column":2}},"loc":{"start":{"line":1,"column":0},"end":{"line":29,"column":2}},"line":1}},"f":{"0":0}}
,"D:\\Документы\\Programming\\RollingScopesSchool\\REACT\\REACT2025Q3\\src\\store.ts": {"path":"D:\\Документы\\Programming\\RollingScopesSchool\\REACT\\REACT2025Q3\\src\\store.ts","all":false,"statementMap":{"0":{"start":{"line":1,"column":0},"end":{"line":1,"column":50}},"1":{"start":{"line":2,"column":0},"end":{"line":2,"column":61}},"2":{"start":{"line":3,"column":0},"end":{"line":3,"column":40}},"4":{"start":{"line":5,"column":0},"end":{"line":5,"column":37}},"5":{"start":{"line":6,"column":0},"end":{"line":6,"column":12}},"6":{"start":{"line":7,"column":0},"end":{"line":7,"column":43}},"7":{"start":{"line":8,"column":0},"end":{"line":8,"column":38}},"8":{"start":{"line":9,"column":0},"end":{"line":9,"column":4}},"9":{"start":{"line":10,"column":0},"end":{"line":10,"column":90}},"10":{"start":{"line":11,"column":0},"end":{"line":11,"column":3}}},"s":{"0":1,"1":1,"2":1,"4":1,"5":1,"6":1,"7":1,"8":1,"9":1,"10":1},"branchMap":{"0":{"type":"branch","line":10,"loc":{"start":{"line":10,"column":14},"end":{"line":10,"column":90}},"locations":[{"start":{"line":10,"column":14},"end":{"line":10,"column":90}}]}},"b":{"0":[2]},"fnMap":{"0":{"name":"middleware","decl":{"start":{"line":10,"column":14},"end":{"line":10,"column":90}},"loc":{"start":{"line":10,"column":14},"end":{"line":10,"column":90}},"line":10}},"f":{"0":2}}
,"D:\\Документы\\Programming\\RollingScopesSchool\\REACT\\REACT2025Q3\\src\\api\\baseApi.ts": {"path":"D:\\Документы\\Programming\\RollingScopesSchool\\REACT\\REACT2025Q3\\src\\api\\baseApi.ts","all":false,"statementMap":{"0":{"start":{"line":1,"column":0},"end":{"line":1,"column":73}},"2":{"start":{"line":3,"column":0},"end":{"line":3,"column":48}},"4":{"start":{"line":5,"column":0},"end":{"line":5,"column":34}},"5":{"start":{"line":6,"column":0},"end":{"line":6,"column":25}},"6":{"start":{"line":7,"column":0},"end":{"line":7,"column":41}},"7":{"start":{"line":8,"column":0},"end":{"line":8,"column":35}},"8":{"start":{"line":9,"column":0},"end":{"line":9,"column":24}},"9":{"start":{"line":10,"column":0},"end":{"line":10,"column":3}}},"s":{"0":1,"2":1,"4":1,"5":1,"6":1,"7":1,"8":1,"9":1},"branchMap":{"0":{"type":"branch","line":9,"loc":{"start":{"line":9,"column":13},"end":{"line":9,"column":24}},"locations":[{"start":{"line":9,"column":13},"end":{"line":9,"column":24}}]}},"b":{"0":[10]},"fnMap":{"0":{"name":"endpoints","decl":{"start":{"line":9,"column":13},"end":{"line":9,"column":24}},"loc":{"start":{"line":9,"column":13},"end":{"line":9,"column":24}},"line":9}},"f":{"0":10}}
,"D:\\Документы\\Programming\\RollingScopesSchool\\REACT\\REACT2025Q3\\src\\api\\shipClassApi.ts": {"path":"D:\\Документы\\Programming\\RollingScopesSchool\\REACT\\REACT2025Q3\\src\\api\\shipClassApi.ts","all":false,"statementMap":{"1":{"start":{"line":2,"column":0},"end":{"line":2,"column":36}},"7":{"start":{"line":8,"column":0},"end":{"line":8,"column":53}},"8":{"start":{"line":9,"column":0},"end":{"line":9,"column":27}},"9":{"start":{"line":10,"column":0},"end":{"line":10,"column":31}},"12":{"start":{"line":13,"column":0},"end":{"line":13,"column":7}},"13":{"start":{"line":14,"column":0},"end":{"line":14,"column":28}},"14":{"start":{"line":15,"column":0},"end":{"line":15,"column":42}},"15":{"start":{"line":16,"column":0},"end":{"line":16,"column":9}},"16":{"start":{"line":17,"column":0},"end":{"line":17,"column":86}},"17":{"start":{"line":18,"column":0},"end":{"line":18,"column":34}},"18":{"start":{"line":19,"column":0},"end":{"line":19,"column":7}},"19":{"start":{"line":20,"column":0},"end":{"line":20,"column":5}},"20":{"start":{"line":21,"column":0},"end":{"line":21,"column":25}},"21":{"start":{"line":22,"column":0},"end":{"line":22,"column":3}},"23":{"start":{"line":24,"column":0},"end":{"line":24,"column":53}}},"s":{"1":1,"7":1,"8":1,"9":4,"12":4,"13":4,"14":2,"15":2,"16":4,"17":4,"18":4,"19":4,"20":1,"21":1,"23":1},"branchMap":{"0":{"type":"branch","line":9,"loc":{"start":{"line":9,"column":13},"end":{"line":20,"column":5}},"locations":[{"start":{"line":9,"column":13},"end":{"line":20,"column":5}}]},"1":{"type":"branch","line":14,"loc":{"start":{"line":14,"column":13},"end":{"line":16,"column":9}},"locations":[{"start":{"line":14,"column":13},"end":{"line":16,"column":9}}]},"2":{"type":"branch","line":17,"loc":{"start":{"line":17,"column":25},"end":{"line":17,"column":86}},"locations":[{"start":{"line":17,"column":25},"end":{"line":17,"column":86}}]}},"b":{"0":[4],"1":[2],"2":[1]},"fnMap":{"0":{"name":"endpoints","decl":{"start":{"line":9,"column":13},"end":{"line":20,"column":5}},"loc":{"start":{"line":9,"column":13},"end":{"line":20,"column":5}},"line":9},"1":{"name":"query","decl":{"start":{"line":14,"column":13},"end":{"line":16,"column":9}},"loc":{"start":{"line":14,"column":13},"end":{"line":16,"column":9}},"line":14},"2":{"name":"transformResponse","decl":{"start":{"line":17,"column":25},"end":{"line":17,"column":86}},"loc":{"start":{"line":17,"column":25},"end":{"line":17,"column":86}},"line":17}},"f":{"0":4,"1":2,"2":1}}
,"D:\\Документы\\Programming\\RollingScopesSchool\\REACT\\REACT2025Q3\\src\\api\\shipsApi.ts": {"path":"D:\\Документы\\Programming\\RollingScopesSchool\\REACT\\REACT2025Q3\\src\\api\\shipsApi.ts","all":false,"statementMap":{"1":{"start":{"line":2,"column":0},"end":{"line":2,"column":36}},"16":{"start":{"line":17,"column":0},"end":{"line":17,"column":29}},"18":{"start":{"line":19,"column":0},"end":{"line":19,"column":49}},"19":{"start":{"line":20,"column":0},"end":{"line":20,"column":27}},"20":{"start":{"line":21,"column":0},"end":{"line":21,"column":27}},"23":{"start":{"line":24,"column":0},"end":{"line":24,"column":7}},"24":{"start":{"line":25,"column":0},"end":{"line":25,"column":34}},"25":{"start":{"line":26,"column":0},"end":{"line":26,"column":74}},"26":{"start":{"line":27,"column":0},"end":{"line":27,"column":23}},"27":{"start":{"line":28,"column":0},"end":{"line":28,"column":18}},"28":{"start":{"line":29,"column":0},"end":{"line":29,"column":62}},"29":{"start":{"line":30,"column":0},"end":{"line":30,"column":10}},"30":{"start":{"line":31,"column":0},"end":{"line":31,"column":48}},"31":{"start":{"line":32,"column":0},"end":{"line":32,"column":9}},"32":{"start":{"line":33,"column":0},"end":{"line":33,"column":59}},"33":{"start":{"line":34,"column":0},"end":{"line":34,"column":42}},"34":{"start":{"line":35,"column":0},"end":{"line":35,"column":46}},"35":{"start":{"line":36,"column":0},"end":{"line":36,"column":9}},"36":{"start":{"line":37,"column":0},"end":{"line":37,"column":30}},"37":{"start":{"line":38,"column":0},"end":{"line":38,"column":7}},"38":{"start":{"line":39,"column":0},"end":{"line":39,"column":5}},"39":{"start":{"line":40,"column":0},"end":{"line":40,"column":25}},"40":{"start":{"line":41,"column":0},"end":{"line":41,"column":3}},"42":{"start":{"line":43,"column":0},"end":{"line":43,"column":45}}},"s":{"1":1,"16":1,"18":1,"19":1,"20":2,"23":2,"24":2,"25":2,"26":2,"27":2,"28":2,"29":2,"30":2,"31":2,"32":2,"33":2,"34":2,"35":2,"36":2,"37":2,"38":2,"39":1,"40":1,"42":1},"branchMap":{"0":{"type":"branch","line":20,"loc":{"start":{"line":20,"column":13},"end":{"line":39,"column":5}},"locations":[{"start":{"line":20,"column":13},"end":{"line":39,"column":5}}]},"1":{"type":"branch","line":25,"loc":{"start":{"line":25,"column":13},"end":{"line":32,"column":9}},"locations":[{"start":{"line":25,"column":13},"end":{"line":32,"column":9}}]},"2":{"type":"branch","line":33,"loc":{"start":{"line":33,"column":25},"end":{"line":36,"column":9}},"locations":[{"start":{"line":33,"column":25},"end":{"line":36,"column":9}}]}},"b":{"0":[2],"1":[2],"2":[2]},"fnMap":{"0":{"name":"endpoints","decl":{"start":{"line":20,"column":13},"end":{"line":39,"column":5}},"loc":{"start":{"line":20,"column":13},"end":{"line":39,"column":5}},"line":20},"1":{"name":"query","decl":{"start":{"line":25,"column":13},"end":{"line":32,"column":9}},"loc":{"start":{"line":25,"column":13},"end":{"line":32,"column":9}},"line":25},"2":{"name":"transformResponse","decl":{"start":{"line":33,"column":25},"end":{"line":36,"column":9}},"loc":{"start":{"line":33,"column":25},"end":{"line":36,"column":9}},"line":33}},"f":{"0":2,"1":2,"2":2}}
,"D:\\Документы\\Programming\\RollingScopesSchool\\REACT\\REACT2025Q3\\src\\components\\Button\\Button.tsx": {"path":"D:\\Документы\\Programming\\RollingScopesSchool\\REACT\\REACT2025Q3\\src\\components\\Button\\Button.tsx","all":false,"statementMap":{"1":{"start":{"line":2,"column":0},"end":{"line":2,"column":23}},"10":{"start":{"line":11,"column":0},"end":{"line":11,"column":47}},"11":{"start":{"line":12,"column":0},"end":{"line":12,"column":11}},"12":{"start":{"line":13,"column":0},"end":{"line":13,"column":16}},"13":{"start":{"line":14,"column":0},"end":{"line":14,"column":21}},"14":{"start":{"line":15,"column":0},"end":{"line":15,"column":26}},"15":{"start":{"line":16,"column":0},"end":{"line":16,"column":7}},"16":{"start":{"line":17,"column":0},"end":{"line":17,"column":10}},"17":{"start":{"line":18,"column":0},"end":{"line":18,"column":11}},"18":{"start":{"line":19,"column":0},"end":{"line":19,"column":71}},"19":{"start":{"line":20,"column":0},"end":{"line":20,"column":27}},"20":{"start":{"line":21,"column":0},"end":{"line":21,"column":29}},"22":{"start":{"line":23,"column":0},"end":{"line":23,"column":16}},"23":{"start":{"line":24,"column":0},"end":{"line":24,"column":13}},"25":{"start":{"line":26,"column":0},"end":{"line":26,"column":2}}},"s":{"1":1,"10":1,"11":71,"12":71,"13":71,"14":71,"15":71,"16":71,"17":71,"18":71,"19":71,"20":71,"22":71,"23":71,"25":71},"branchMap":{"0":{"type":"branch","line":11,"loc":{"start":{"line":11,"column":45},"end":{"line":26,"column":2}},"locations":[{"start":{"line":11,"column":45},"end":{"line":26,"column":2}}]},"1":{"type":"branch","line":19,"loc":{"start":{"line":19,"column":17},"end":{"line":19,"column":62}},"locations":[{"start":{"line":19,"column":17},"end":{"line":19,"column":62}}]},"2":{"type":"branch","line":19,"loc":{"start":{"line":19,"column":35},"end":{"line":19,"column":71}},"locations":[{"start":{"line":19,"column":35},"end":{"line":19,"column":71}}]}},"b":{"0":[71],"1":[3],"2":[68]},"fnMap":{"0":{"name":"Button","decl":{"start":{"line":11,"column":45},"end":{"line":26,"column":2}},"loc":{"start":{"line":11,"column":45},"end":{"line":26,"column":2}},"line":11}},"f":{"0":71}}
,"D:\\Документы\\Programming\\RollingScopesSchool\\REACT\\REACT2025Q3\\src\\components\\Card\\Card.tsx": {"path":"D:\\Документы\\Programming\\RollingScopesSchool\\REACT\\REACT2025Q3\\src\\components\\Card\\Card.tsx","all":false,"statementMap":{"1":{"start":{"line":2,"column":0},"end":{"line":2,"column":51}},"2":{"start":{"line":3,"column":0},"end":{"line":3,"column":55}},"3":{"start":{"line":4,"column":0},"end":{"line":4,"column":94}},"5":{"start":{"line":6,"column":0},"end":{"line":6,"column":48}},"6":{"start":{"line":7,"column":0},"end":{"line":7,"column":21}},"20":{"start":{"line":21,"column":0},"end":{"line":21,"column":43}},"21":{"start":{"line":22,"column":0},"end":{"line":22,"column":6}},"22":{"start":{"line":23,"column":0},"end":{"line":23,"column":10}},"23":{"start":{"line":24,"column":0},"end":{"line":24,"column":7}},"24":{"start":{"line":25,"column":0},"end":{"line":25,"column":11}},"25":{"start":{"line":26,"column":0},"end":{"line":26,"column":9}},"26":{"start":{"line":27,"column":0},"end":{"line":27,"column":13}},"27":{"start":{"line":28,"column":0},"end":{"line":28,"column":12}},"28":{"start":{"line":29,"column":0},"end":{"line":29,"column":8}},"29":{"start":{"line":30,"column":0},"end":{"line":30,"column":11}},"30":{"start":{"line":31,"column":0},"end":{"line":31,"column":7}},"31":{"start":{"line":32,"column":0},"end":{"line":32,"column":60}},"32":{"start":{"line":33,"column":0},"end":{"line":33,"column":33}},"33":{"start":{"line":34,"column":0},"end":{"line":34,"column":89}},"34":{"start":{"line":35,"column":0},"end":{"line":35,"column":66}},"36":{"start":{"line":37,"column":0},"end":{"line":37,"column":29}},"37":{"start":{"line":38,"column":0},"end":{"line":38,"column":62}},"39":{"start":{"line":40,"column":0},"end":{"line":40,"column":55}},"40":{"start":{"line":41,"column":0},"end":{"line":41,"column":37}},"41":{"start":{"line":42,"column":0},"end":{"line":42,"column":3}},"43":{"start":{"line":44,"column":0},"end":{"line":44,"column":60}},"44":{"start":{"line":45,"column":0},"end":{"line":45,"column":28}},"46":{"start":{"line":47,"column":0},"end":{"line":47,"column":21}},"47":{"start":{"line":48,"column":0},"end":{"line":48,"column":32}},"48":{"start":{"line":49,"column":0},"end":{"line":49,"column":13}},"49":{"start":{"line":50,"column":0},"end":{"line":50,"column":5}},"51":{"start":{"line":52,"column":0},"end":{"line":52,"column":22}},"52":{"start":{"line":53,"column":0},"end":{"line":53,"column":10}},"53":{"start":{"line":54,"column":0},"end":{"line":54,"column":14}},"54":{"start":{"line":55,"column":0},"end":{"line":55,"column":11}},"55":{"start":{"line":56,"column":0},"end":{"line":56,"column":15}},"56":{"start":{"line":57,"column":0},"end":{"line":57,"column":13}},"57":{"start":{"line":58,"column":0},"end":{"line":58,"column":17}},"58":{"start":{"line":59,"column":0},"end":{"line":59,"column":16}},"59":{"start":{"line":60,"column":0},"end":{"line":60,"column":12}},"60":{"start":{"line":61,"column":0},"end":{"line":61,"column":15}},"61":{"start":{"line":62,"column":0},"end":{"line":62,"column":8}},"62":{"start":{"line":63,"column":0},"end":{"line":63,"column":3}},"64":{"start":{"line":65,"column":0},"end":{"line":65,"column":10}},"65":{"start":{"line":66,"column":0},"end":{"line":66,"column":48}},"66":{"start":{"line":67,"column":0},"end":{"line":67,"column":35}},"67":{"start":{"line":68,"column":0},"end":{"line":68,"column":90}},"68":{"start":{"line":69,"column":0},"end":{"line":69,"column":48}},"69":{"start":{"line":70,"column":0},"end":{"line":70,"column":12}},"70":{"start":{"line":71,"column":0},"end":{"line":71,"column":40}},"71":{"start":{"line":72,"column":0},"end":{"line":72,"column":39}},"72":{"start":{"line":73,"column":0},"end":{"line":73,"column":32}},"73":{"start":{"line":74,"column":0},"end":{"line":74,"column":33}},"74":{"start":{"line":75,"column":0},"end":{"line":75,"column":13}},"75":{"start":{"line":76,"column":0},"end":{"line":76,"column":39}},"76":{"start":{"line":77,"column":0},"end":{"line":77,"column":30}},"77":{"start":{"line":78,"column":0},"end":{"line":78,"column":31}},"78":{"start":{"line":79,"column":0},"end":{"line":79,"column":13}},"79":{"start":{"line":80,"column":0},"end":{"line":80,"column":39}},"80":{"start":{"line":81,"column":0},"end":{"line":81,"column":35}},"81":{"start":{"line":82,"column":0},"end":{"line":82,"column":35}},"82":{"start":{"line":83,"column":0},"end":{"line":83,"column":13}},"83":{"start":{"line":84,"column":0},"end":{"line":84,"column":39}},"84":{"start":{"line":85,"column":0},"end":{"line":85,"column":29}},"85":{"start":{"line":86,"column":0},"end":{"line":86,"column":34}},"86":{"start":{"line":87,"column":0},"end":{"line":87,"column":13}},"87":{"start":{"line":88,"column":0},"end":{"line":88,"column":39}},"88":{"start":{"line":89,"column":0},"end":{"line":89,"column":29}},"89":{"start":{"line":90,"column":0},"end":{"line":90,"column":30}},"90":{"start":{"line":91,"column":0},"end":{"line":91,"column":13}},"91":{"start":{"line":92,"column":0},"end":{"line":92,"column":39}},"92":{"start":{"line":93,"column":0},"end":{"line":93,"column":32}},"93":{"start":{"line":94,"column":0},"end":{"line":94,"column":33}},"94":{"start":{"line":95,"column":0},"end":{"line":95,"column":13}},"95":{"start":{"line":96,"column":0},"end":{"line":96,"column":11}},"96":{"start":{"line":97,"column":0},"end":{"line":97,"column":10}},"98":{"start":{"line":99,"column":0},"end":{"line":99,"column":2}}},"s":{"1":1,"2":1,"3":1,"5":1,"6":1,"20":1,"21":6,"22":6,"23":6,"24":6,"25":6,"26":6,"27":6,"28":6,"29":6,"30":6,"31":6,"32":6,"33":6,"34":6,"36":6,"37":1,"39":1,"40":1,"41":1,"43":6,"44":2,"46":2,"47":1,"48":1,"49":1,"51":1,"52":1,"53":1,"54":1,"55":1,"56":1,"57":1,"58":1,"59":1,"60":1,"61":1,"62":2,"64":6,"65":6,"66":6,"67":6,"68":6,"69":6,"70":6,"71":6,"72":6,"73":6,"74":6,"75":6,"76":6,"77":6,"78":6,"79":6,"80":6,"81":6,"82":6,"83":6,"84":6,"85":6,"86":6,"87":6,"88":6,"89":6,"90":6,"91":6,"92":6,"93":6,"94":6,"95":6,"96":6,"98":6},"branchMap":{"0":{"type":"branch","line":21,"loc":{"start":{"line":21,"column":41},"end":{"line":99,"column":2}},"locations":[{"start":{"line":21,"column":41},"end":{"line":99,"column":2}}]},"1":{"type":"branch","line":34,"loc":{"start":{"line":34,"column":36},"end":{"line":34,"column":87}},"locations":[{"start":{"line":34,"column":36},"end":{"line":34,"column":87}}]},"2":{"type":"branch","line":35,"loc":{"start":{"line":35,"column":40},"end":{"line":35,"column":64}},"locations":[{"start":{"line":35,"column":40},"end":{"line":35,"column":64}}]},"3":{"type":"branch","line":37,"loc":{"start":{"line":37,"column":22},"end":{"line":42,"column":3}},"locations":[{"start":{"line":37,"column":22},"end":{"line":42,"column":3}}]},"4":{"type":"branch","line":40,"loc":{"start":{"line":40,"column":35},"end":{"line":40,"column":53}},"locations":[{"start":{"line":40,"column":35},"end":{"line":40,"column":53}}]},"5":{"type":"branch","line":44,"loc":{"start":{"line":44,"column":30},"end":{"line":63,"column":3}},"locations":[{"start":{"line":44,"column":30},"end":{"line":63,"column":3}}]},"6":{"type":"branch","line":47,"loc":{"start":{"line":47,"column":20},"end":{"line":62,"column":8}},"locations":[{"start":{"line":47,"column":20},"end":{"line":62,"column":8}}]}},"b":{"0":[6],"1":[8],"2":[1],"3":[1],"4":[0],"5":[2],"6":[1]},"fnMap":{"0":{"name":"Card","decl":{"start":{"line":21,"column":41},"end":{"line":99,"column":2}},"loc":{"start":{"line":21,"column":41},"end":{"line":99,"column":2}},"line":21},"1":{"name":"handleClick","decl":{"start":{"line":37,"column":22},"end":{"line":42,"column":3}},"loc":{"start":{"line":37,"column":22},"end":{"line":42,"column":3}},"line":37},"2":{"name":"handleCheckboxClick","decl":{"start":{"line":44,"column":30},"end":{"line":63,"column":3}},"loc":{"start":{"line":44,"column":30},"end":{"line":63,"column":3}},"line":44}},"f":{"0":6,"1":1,"2":2}}
,"D:\\Документы\\Programming\\RollingScopesSchool\\REACT\\REACT2025Q3\\src\\components\\CardsContainer\\CardsContainer.tsx": {"path":"D:\\Документы\\Programming\\RollingScopesSchool\\REACT\\REACT2025Q3\\src\\components\\CardsContainer\\CardsContainer.tsx","all":false,"statementMap":{"1":{"start":{"line":2,"column":0},"end":{"line":2,"column":36}},"3":{"start":{"line":4,"column":0},"end":{"line":4,"column":69}},"4":{"start":{"line":5,"column":0},"end":{"line":5,"column":31}},"10":{"start":{"line":11,"column":0},"end":{"line":11,"column":77}},"11":{"start":{"line":12,"column":0},"end":{"line":12,"column":37}},"12":{"start":{"line":13,"column":0},"end":{"line":13,"column":9}},"13":{"start":{"line":14,"column":0},"end":{"line":14,"column":20}},"14":{"start":{"line":15,"column":0},"end":{"line":15,"column":20}},"15":{"start":{"line":16,"column":0},"end":{"line":16,"column":41}},"16":{"start":{"line":17,"column":0},"end":{"line":17,"column":47}},"17":{"start":{"line":18,"column":0},"end":{"line":18,"column":55}},"18":{"start":{"line":19,"column":0},"end":{"line":19,"column":51}},"19":{"start":{"line":20,"column":0},"end":{"line":20,"column":59}},"20":{"start":{"line":21,"column":0},"end":{"line":21,"column":69}},"21":{"start":{"line":22,"column":0},"end":{"line":22,"column":55}},"22":{"start":{"line":23,"column":0},"end":{"line":23,"column":61}},"23":{"start":{"line":24,"column":0},"end":{"line":24,"column":6}},"24":{"start":{"line":25,"column":0},"end":{"line":25,"column":5}},"26":{"start":{"line":27,"column":0},"end":{"line":27,"column":56}},"27":{"start":{"line":28,"column":0},"end":{"line":28,"column":2}}},"s":{"1":1,"3":1,"4":1,"10":1,"11":1,"12":2,"13":2,"14":2,"15":2,"16":2,"17":2,"18":2,"19":2,"20":2,"21":2,"22":2,"23":2,"24":1,"26":1,"27":1},"branchMap":{"0":{"type":"branch","line":11,"loc":{"start":{"line":11,"column":61},"end":{"line":28,"column":2}},"locations":[{"start":{"line":11,"column":61},"end":{"line":28,"column":2}}]},"1":{"type":"branch","line":12,"loc":{"start":{"line":12,"column":26},"end":{"line":24,"column":6}},"locations":[{"start":{"line":12,"column":26},"end":{"line":24,"column":6}}]},"2":{"type":"branch","line":16,"loc":{"start":{"line":16,"column":20},"end":{"line":16,"column":41}},"locations":[{"start":{"line":16,"column":20},"end":{"line":16,"column":41}}]},"3":{"type":"branch","line":17,"loc":{"start":{"line":17,"column":32},"end":{"line":17,"column":47}},"locations":[{"start":{"line":17,"column":32},"end":{"line":17,"column":47}}]},"4":{"type":"branch","line":18,"loc":{"start":{"line":18,"column":40},"end":{"line":18,"column":55}},"locations":[{"start":{"line":18,"column":40},"end":{"line":18,"column":55}}]},"5":{"type":"branch","line":19,"loc":{"start":{"line":19,"column":36},"end":{"line":19,"column":51}},"locations":[{"start":{"line":19,"column":36},"end":{"line":19,"column":51}}]},"6":{"type":"branch","line":20,"loc":{"start":{"line":20,"column":44},"end":{"line":20,"column":59}},"locations":[{"start":{"line":20,"column":44},"end":{"line":20,"column":59}}]},"7":{"type":"branch","line":21,"loc":{"start":{"line":21,"column":33},"end":{"line":21,"column":54}},"locations":[{"start":{"line":21,"column":33},"end":{"line":21,"column":54}}]},"8":{"type":"branch","line":21,"loc":{"start":{"line":21,"column":54},"end":{"line":21,"column":69}},"locations":[{"start":{"line":21,"column":54},"end":{"line":21,"column":69}}]},"9":{"type":"branch","line":22,"loc":{"start":{"line":22,"column":29},"end":{"line":22,"column":40}},"locations":[{"start":{"line":22,"column":29},"end":{"line":22,"column":40}}]},"10":{"type":"branch","line":22,"loc":{"start":{"line":22,"column":40},"end":{"line":22,"column":55}},"locations":[{"start":{"line":22,"column":40},"end":{"line":22,"column":55}}]},"11":{"type":"branch","line":23,"loc":{"start":{"line":23,"column":32},"end":{"line":23,"column":46}},"locations":[{"start":{"line":23,"column":32},"end":{"line":23,"column":46}}]},"12":{"type":"branch","line":23,"loc":{"start":{"line":23,"column":46},"end":{"line":23,"column":61}},"locations":[{"start":{"line":23,"column":46},"end":{"line":23,"column":61}}]}},"b":{"0":[1],"1":[2],"2":[1],"3":[0],"4":[1],"5":[1],"6":[1],"7":[1],"8":[1],"9":[1],"10":[1],"11":[1],"12":[1]},"fnMap":{"0":{"name":"CardsContainer","decl":{"start":{"line":11,"column":61},"end":{"line":28,"column":2}},"loc":{"start":{"line":11,"column":61},"end":{"line":28,"column":2}},"line":11}},"f":{"0":1}}
,"D:\\Документы\\Programming\\RollingScopesSchool\\REACT\\REACT2025Q3\\src\\components\\Checkbox\\Checkbox.tsx": {"path":"D:\\Документы\\Programming\\RollingScopesSchool\\REACT\\REACT2025Q3\\src\\components\\Checkbox\\Checkbox.tsx","all":false,"statementMap":{"1":{"start":{"line":2,"column":0},"end":{"line":2,"column":25}},"8":{"start":{"line":9,"column":0},"end":{"line":9,"column":84}},"9":{"start":{"line":10,"column":0},"end":{"line":10,"column":10}},"10":{"start":{"line":11,"column":0},"end":{"line":11,"column":115}},"12":{"start":{"line":13,"column":0},"end":{"line":13,"column":2}}},"s":{"1":1,"8":1,"9":10,"10":10,"12":10},"branchMap":{"0":{"type":"branch","line":9,"loc":{"start":{"line":9,"column":49},"end":{"line":13,"column":2}},"locations":[{"start":{"line":9,"column":49},"end":{"line":13,"column":2}}]},"1":{"type":"branch","line":11,"loc":{"start":{"line":11,"column":104},"end":{"line":11,"column":113}},"locations":[{"start":{"line":11,"column":104},"end":{"line":11,"column":113}}]}},"b":{"0":[10],"1":[3]},"fnMap":{"0":{"name":"Checkbox","decl":{"start":{"line":9,"column":49},"end":{"line":13,"column":2}},"loc":{"start":{"line":9,"column":49},"end":{"line":13,"column":2}},"line":9},"1":{"name":"onChange","decl":{"start":{"line":11,"column":104},"end":{"line":11,"column":113}},"loc":{"start":{"line":11,"column":104},"end":{"line":11,"column":113}},"line":11}},"f":{"0":10,"1":3}}
,"D:\\Документы\\Programming\\RollingScopesSchool\\REACT\\REACT2025Q3\\src\\components\\ErrorBoundary\\ErrorBoundary.tsx": {"path":"D:\\Документы\\Programming\\RollingScopesSchool\\REACT\\REACT2025Q3\\src\\components\\ErrorBoundary\\ErrorBoundary.tsx","all":false,"statementMap":{"0":{"start":{"line":1,"column":0},"end":{"line":1,"column":45}},"1":{"start":{"line":2,"column":0},"end":{"line":2,"column":30}},"11":{"start":{"line":12,"column":0},"end":{"line":12,"column":66}},"12":{"start":{"line":13,"column":0},"end":{"line":13,"column":43}},"14":{"start":{"line":15,"column":0},"end":{"line":15,"column":37}},"15":{"start":{"line":16,"column":0},"end":{"line":16,"column":30}},"16":{"start":{"line":17,"column":0},"end":{"line":17,"column":3}},"18":{"start":{"line":19,"column":0},"end":{"line":19,"column":12}},"19":{"start":{"line":20,"column":0},"end":{"line":20,"column":30}},"20":{"start":{"line":21,"column":0},"end":{"line":21,"column":14}},"21":{"start":{"line":22,"column":0},"end":{"line":22,"column":39}},"23":{"start":{"line":24,"column":0},"end":{"line":24,"column":15}},"25":{"start":{"line":26,"column":0},"end":{"line":26,"column":88}},"27":{"start":{"line":28,"column":0},"end":{"line":28,"column":16}},"29":{"start":{"line":30,"column":0},"end":{"line":30,"column":16}},"30":{"start":{"line":31,"column":0},"end":{"line":31,"column":14}},"32":{"start":{"line":33,"column":0},"end":{"line":33,"column":5}},"34":{"start":{"line":35,"column":0},"end":{"line":35,"column":31}},"35":{"start":{"line":36,"column":0},"end":{"line":36,"column":3}},"36":{"start":{"line":37,"column":0},"end":{"line":37,"column":1}}},"s":{"0":1,"1":1,"11":1,"12":3,"14":3,"15":2,"16":2,"18":3,"19":5,"20":2,"21":2,"23":2,"25":2,"27":2,"29":2,"30":2,"32":2,"34":3,"35":5,"36":3},"branchMap":{"0":{"type":"branch","line":12,"loc":{"start":{"line":12,"column":65},"end":{"line":37,"column":1}},"locations":[{"start":{"line":12,"column":65},"end":{"line":37,"column":1}}]},"1":{"type":"branch","line":15,"loc":{"start":{"line":15,"column":9},"end":{"line":17,"column":3}},"locations":[{"start":{"line":15,"column":9},"end":{"line":17,"column":3}}]},"2":{"type":"branch","line":19,"loc":{"start":{"line":19,"column":2},"end":{"line":36,"column":3}},"locations":[{"start":{"line":19,"column":2},"end":{"line":36,"column":3}}]},"3":{"type":"branch","line":20,"loc":{"start":{"line":20,"column":29},"end":{"line":33,"column":5}},"locations":[{"start":{"line":20,"column":29},"end":{"line":33,"column":5}}]},"4":{"type":"branch","line":33,"loc":{"start":{"line":33,"column":4},"end":{"line":35,"column":31}},"locations":[{"start":{"line":33,"column":4},"end":{"line":35,"column":31}}]}},"b":{"0":[3],"1":[2],"2":[5],"3":[2],"4":[3]},"fnMap":{"0":{"name":"<instance_members_initializer>","decl":{"start":{"line":12,"column":65},"end":{"line":37,"column":1}},"loc":{"start":{"line":12,"column":65},"end":{"line":37,"column":1}},"line":12},"1":{"name":"getDerivedStateFromError","decl":{"start":{"line":15,"column":9},"end":{"line":17,"column":3}},"loc":{"start":{"line":15,"column":9},"end":{"line":17,"column":3}},"line":15},"2":{"name":"render","decl":{"start":{"line":19,"column":2},"end":{"line":36,"column":3}},"loc":{"start":{"line":19,"column":2},"end":{"line":36,"column":3}},"line":19},"3":{"name":"onClick","decl":{"start":{"line":26,"column":24},"end":{"line":26,"column":56}},"loc":{"start":{"line":26,"column":24},"end":{"line":26,"column":56}},"line":26}},"f":{"0":3,"1":2,"2":5,"3":0}}
,"D:\\Документы\\Programming\\RollingScopesSchool\\REACT\\REACT2025Q3\\src\\components\\Form\\Form.tsx": {"path":"D:\\Документы\\Programming\\RollingScopesSchool\\REACT\\REACT2025Q3\\src\\components\\Form\\Form.tsx","all":false,"statementMap":{"1":{"start":{"line":2,"column":0},"end":{"line":2,"column":39}},"2":{"start":{"line":3,"column":0},"end":{"line":3,"column":42}},"3":{"start":{"line":4,"column":0},"end":{"line":4,"column":21}},"11":{"start":{"line":12,"column":0},"end":{"line":12,"column":43}},"12":{"start":{"line":13,"column":0},"end":{"line":13,"column":13}},"13":{"start":{"line":14,"column":0},"end":{"line":14,"column":16}},"14":{"start":{"line":15,"column":0},"end":{"line":15,"column":11}},"15":{"start":{"line":16,"column":0},"end":{"line":16,"column":7}},"16":{"start":{"line":17,"column":0},"end":{"line":17,"column":10}},"17":{"start":{"line":18,"column":0},"end":{"line":18,"column":26}},"18":{"start":{"line":19,"column":0},"end":{"line":19,"column":12}},"19":{"start":{"line":20,"column":0},"end":{"line":20,"column":31}},"20":{"start":{"line":21,"column":0},"end":{"line":21,"column":37}},"21":{"start":{"line":22,"column":0},"end":{"line":22,"column":27}},"22":{"start":{"line":23,"column":0},"end":{"line":23,"column":8}},"23":{"start":{"line":24,"column":0},"end":{"line":24,"column":54}},"24":{"start":{"line":25,"column":0},"end":{"line":25,"column":10}},"26":{"start":{"line":27,"column":0},"end":{"line":27,"column":2}}},"s":{"1":1,"2":1,"3":1,"11":1,"12":5,"13":5,"14":5,"15":5,"16":5,"17":5,"18":5,"19":5,"20":5,"21":5,"22":5,"23":5,"24":5,"26":5},"branchMap":{"0":{"type":"branch","line":12,"loc":{"start":{"line":12,"column":41},"end":{"line":27,"column":2}},"locations":[{"start":{"line":12,"column":41},"end":{"line":27,"column":2}}]}},"b":{"0":[5]},"fnMap":{"0":{"name":"Form","decl":{"start":{"line":12,"column":41},"end":{"line":27,"column":2}},"loc":{"start":{"line":12,"column":41},"end":{"line":27,"column":2}},"line":12}},"f":{"0":5}}
,"D:\\Документы\\Programming\\RollingScopesSchool\\REACT\\REACT2025Q3\\src\\components\\Header\\Header.tsx": {"path":"D:\\Документы\\Programming\\RollingScopesSchool\\REACT\\REACT2025Q3\\src\\components\\Header\\Header.tsx","all":false,"statementMap":{"0":{"start":{"line":1,"column":0},"end":{"line":1,"column":52}},"1":{"start":{"line":2,"column":0},"end":{"line":2,"column":62}},"2":{"start":{"line":3,"column":0},"end":{"line":3,"column":42}},"3":{"start":{"line":4,"column":0},"end":{"line":4,"column":44}},"4":{"start":{"line":5,"column":0},"end":{"line":5,"column":42}},"5":{"start":{"line":6,"column":0},"end":{"line":6,"column":86}},"6":{"start":{"line":7,"column":0},"end":{"line":7,"column":78}},"7":{"start":{"line":8,"column":0},"end":{"line":8,"column":23}},"8":{"start":{"line":9,"column":0},"end":{"line":9,"column":51}},"14":{"start":{"line":15,"column":0},"end":{"line":15,"column":64}},"15":{"start":{"line":16,"column":0},"end":{"line":16,"column":50}},"16":{"start":{"line":17,"column":0},"end":{"line":17,"column":54}},"17":{"start":{"line":18,"column":0},"end":{"line":18,"column":33}},"18":{"start":{"line":19,"column":0},"end":{"line":19,"column":68}},"20":{"start":{"line":21,"column":0},"end":{"line":21,"column":33}},"22":{"start":{"line":23,"column":0},"end":{"line":23,"column":34}},"23":{"start":{"line":24,"column":0},"end":{"line":24,"column":67}},"25":{"start":{"line":26,"column":0},"end":{"line":26,"column":33}},"26":{"start":{"line":27,"column":0},"end":{"line":27,"column":33}},"28":{"start":{"line":29,"column":0},"end":{"line":29,"column":59}},"29":{"start":{"line":30,"column":0},"end":{"line":30,"column":4}},"31":{"start":{"line":32,"column":0},"end":{"line":32,"column":38}},"32":{"start":{"line":33,"column":0},"end":{"line":33,"column":53}},"34":{"start":{"line":35,"column":0},"end":{"line":35,"column":24}},"35":{"start":{"line":36,"column":0},"end":{"line":36,"column":48}},"36":{"start":{"line":37,"column":0},"end":{"line":37,"column":3}},"38":{"start":{"line":39,"column":0},"end":{"line":39,"column":29}},"39":{"start":{"line":40,"column":0},"end":{"line":40,"column":22}},"40":{"start":{"line":41,"column":0},"end":{"line":41,"column":4}},"42":{"start":{"line":43,"column":0},"end":{"line":43,"column":17}},"43":{"start":{"line":44,"column":0},"end":{"line":44,"column":36}},"44":{"start":{"line":45,"column":0},"end":{"line":45,"column":3}},"46":{"start":{"line":47,"column":0},"end":{"line":47,"column":10}},"47":{"start":{"line":48,"column":0},"end":{"line":48,"column":31}},"48":{"start":{"line":49,"column":0},"end":{"line":49,"column":40}},"49":{"start":{"line":50,"column":0},"end":{"line":50,"column":69}},"50":{"start":{"line":51,"column":0},"end":{"line":51,"column":93}},"51":{"start":{"line":52,"column":0},"end":{"line":52,"column":53}},"52":{"start":{"line":53,"column":0},"end":{"line":53,"column":117}},"53":{"start":{"line":54,"column":0},"end":{"line":54,"column":17}},"54":{"start":{"line":55,"column":0},"end":{"line":55,"column":12}},"55":{"start":{"line":56,"column":0},"end":{"line":56,"column":41}},"56":{"start":{"line":57,"column":0},"end":{"line":57,"column":18}},"57":{"start":{"line":58,"column":0},"end":{"line":58,"column":62}},"58":{"start":{"line":59,"column":0},"end":{"line":59,"column":43}},"59":{"start":{"line":60,"column":0},"end":{"line":60,"column":69}},"61":{"start":{"line":62,"column":0},"end":{"line":62,"column":78}},"63":{"start":{"line":64,"column":0},"end":{"line":64,"column":12}},"64":{"start":{"line":65,"column":0},"end":{"line":65,"column":13}},"66":{"start":{"line":67,"column":0},"end":{"line":67,"column":2}}},"s":{"0":1,"1":1,"2":1,"3":1,"4":1,"5":1,"6":1,"7":1,"8":1,"14":1,"15":15,"16":15,"17":15,"18":15,"20":15,"22":15,"23":1,"25":1,"26":1,"28":1,"29":1,"31":15,"32":1,"34":1,"35":1,"36":1,"38":15,"39":1,"40":1,"42":15,"43":4,"44":4,"46":10,"47":10,"48":10,"49":10,"50":15,"51":15,"52":15,"53":15,"54":15,"55":15,"56":15,"57":15,"58":15,"59":1,"61":9,"63":15,"64":15,"66":15},"branchMap":{"0":{"type":"branch","line":15,"loc":{"start":{"line":15,"column":45},"end":{"line":67,"column":2}},"locations":[{"start":{"line":15,"column":45},"end":{"line":67,"column":2}}]},"1":{"type":"branch","line":43,"loc":{"start":{"line":43,"column":16},"end":{"line":45,"column":3}},"locations":[{"start":{"line":43,"column":16},"end":{"line":45,"column":3}}]},"2":{"type":"branch","line":45,"loc":{"start":{"line":45,"column":2},"end":{"line":51,"column":80}},"locations":[{"start":{"line":45,"column":2},"end":{"line":51,"column":80}}]},"3":{"type":"branch","line":51,"loc":{"start":{"line":51,"column":74},"end":{"line":51,"column":84}},"locations":[{"start":{"line":51,"column":74},"end":{"line":51,"column":84}}]},"4":{"type":"branch","line":53,"loc":{"start":{"line":53,"column":38},"end":{"line":53,"column":64}},"locations":[{"start":{"line":53,"column":38},"end":{"line":53,"column":64}}]},"5":{"type":"branch","line":53,"loc":{"start":{"line":53,"column":51},"end":{"line":53,"column":68}},"locations":[{"start":{"line":53,"column":51},"end":{"line":53,"column":68}}]},"6":{"type":"branch","line":59,"loc":{"start":{"line":59,"column":31},"end":{"line":60,"column":69}},"locations":[{"start":{"line":59,"column":31},"end":{"line":60,"column":69}}]},"7":{"type":"branch","line":60,"loc":{"start":{"line":60,"column":59},"end":{"line":62,"column":78}},"locations":[{"start":{"line":60,"column":59},"end":{"line":62,"column":78}}]},"8":{"type":"branch","line":23,"loc":{"start":{"line":23,"column":27},"end":{"line":30,"column":4}},"locations":[{"start":{"line":23,"column":27},"end":{"line":30,"column":4}}]},"9":{"type":"branch","line":24,"loc":{"start":{"line":24,"column":50},"end":{"line":24,"column":67}},"locations":[{"start":{"line":24,"column":50},"end":{"line":24,"column":67}}]},"10":{"type":"branch","line":32,"loc":{"start":{"line":32,"column":31},"end":{"line":37,"column":3}},"locations":[{"start":{"line":32,"column":31},"end":{"line":37,"column":3}}]},"11":{"type":"branch","line":36,"loc":{"start":{"line":36,"column":15},"end":{"line":36,"column":43}},"locations":[{"start":{"line":36,"column":15},"end":{"line":36,"column":43}}]},"12":{"type":"branch","line":39,"loc":{"start":{"line":39,"column":22},"end":{"line":41,"column":4}},"locations":[{"start":{"line":39,"column":22},"end":{"line":41,"column":4}}]}},"b":{"0":[15],"1":[4],"2":[10],"3":[0],"4":[1],"5":[9],"6":[1],"7":[9],"8":[1],"9":[0],"10":[1],"11":[1],"12":[1]},"fnMap":{"0":{"name":"Header","decl":{"start":{"line":15,"column":45},"end":{"line":67,"column":2}},"loc":{"start":{"line":15,"column":45},"end":{"line":67,"column":2}},"line":15},"1":{"name":"changeColorTheme","decl":{"start":{"line":23,"column":27},"end":{"line":30,"column":4}},"loc":{"start":{"line":23,"column":27},"end":{"line":30,"column":4}},"line":23},"2":{"name":"revalidateQueryCache","decl":{"start":{"line":32,"column":31},"end":{"line":37,"column":3}},"loc":{"start":{"line":32,"column":31},"end":{"line":37,"column":3}},"line":32},"3":{"name":"handleError","decl":{"start":{"line":39,"column":22},"end":{"line":41,"column":4}},"loc":{"start":{"line":39,"column":22},"end":{"line":41,"column":4}},"line":39}},"f":{"0":15,"1":1,"2":1,"3":1}}
,"D:\\Документы\\Programming\\RollingScopesSchool\\REACT\\REACT2025Q3\\src\\components\\Input\\Input.tsx": {"path":"D:\\Документы\\Programming\\RollingScopesSchool\\REACT\\REACT2025Q3\\src\\components\\Input\\Input.tsx","all":false,"statementMap":{"1":{"start":{"line":2,"column":0},"end":{"line":2,"column":22}},"9":{"start":{"line":10,"column":0},"end":{"line":10,"column":45}},"10":{"start":{"line":11,"column":0},"end":{"line":11,"column":13}},"11":{"start":{"line":12,"column":0},"end":{"line":12,"column":16}},"12":{"start":{"line":13,"column":0},"end":{"line":13,"column":11}},"13":{"start":{"line":14,"column":0},"end":{"line":14,"column":7}},"14":{"start":{"line":15,"column":0},"end":{"line":15,"column":80}},"15":{"start":{"line":16,"column":0},"end":{"line":16,"column":32}},"16":{"start":{"line":17,"column":0},"end":{"line":17,"column":17}},"17":{"start":{"line":18,"column":0},"end":{"line":18,"column":5}},"18":{"start":{"line":19,"column":0},"end":{"line":19,"column":4}},"20":{"start":{"line":21,"column":0},"end":{"line":21,"column":10}},"21":{"start":{"line":22,"column":0},"end":{"line":22,"column":10}},"22":{"start":{"line":23,"column":0},"end":{"line":23,"column":23}},"23":{"start":{"line":24,"column":0},"end":{"line":24,"column":29}},"24":{"start":{"line":25,"column":0},"end":{"line":25,"column":24}},"25":{"start":{"line":26,"column":0},"end":{"line":26,"column":30}},"26":{"start":{"line":27,"column":0},"end":{"line":27,"column":36}},"27":{"start":{"line":28,"column":0},"end":{"line":28,"column":6}},"29":{"start":{"line":30,"column":0},"end":{"line":30,"column":2}}},"s":{"1":1,"9":1,"10":8,"11":8,"12":8,"13":8,"14":8,"15":8,"16":2,"17":2,"18":8,"20":8,"21":8,"22":8,"23":8,"24":8,"25":8,"26":8,"27":8,"29":8},"branchMap":{"0":{"type":"branch","line":10,"loc":{"start":{"line":10,"column":43},"end":{"line":30,"column":2}},"locations":[{"start":{"line":10,"column":43},"end":{"line":30,"column":2}}]},"1":{"type":"branch","line":15,"loc":{"start":{"line":15,"column":29},"end":{"line":19,"column":4}},"locations":[{"start":{"line":15,"column":29},"end":{"line":19,"column":4}}]},"2":{"type":"branch","line":16,"loc":{"start":{"line":16,"column":31},"end":{"line":18,"column":5}},"locations":[{"start":{"line":16,"column":31},"end":{"line":18,"column":5}}]}},"b":{"0":[8],"1":[8],"2":[2]},"fnMap":{"0":{"name":"Input","decl":{"start":{"line":10,"column":43},"end":{"line":30,"column":2}},"loc":{"start":{"line":10,"column":43},"end":{"line":30,"column":2}},"line":10},"1":{"name":"handleEnterKeyDown","decl":{"start":{"line":15,"column":29},"end":{"line":19,"column":4}},"loc":{"start":{"line":15,"column":29},"end":{"line":19,"column":4}},"line":15}},"f":{"0":8,"1":8}}
,"D:\\Документы\\Programming\\RollingScopesSchool\\REACT\\REACT2025Q3\\src\\components\\Pagination\\Pagination.tsx": {"path":"D:\\Документы\\Programming\\RollingScopesSchool\\REACT\\REACT2025Q3\\src\\components\\Pagination\\Pagination.tsx","all":false,"statementMap":{"0":{"start":{"line":1,"column":0},"end":{"line":1,"column":51}},"1":{"start":{"line":2,"column":0},"end":{"line":2,"column":42}},"2":{"start":{"line":3,"column":0},"end":{"line":3,"column":27}},"3":{"start":{"line":4,"column":0},"end":{"line":4,"column":64}},"9":{"start":{"line":10,"column":0},"end":{"line":10,"column":73}},"10":{"start":{"line":11,"column":0},"end":{"line":11,"column":78}},"11":{"start":{"line":12,"column":0},"end":{"line":12,"column":65}},"12":{"start":{"line":13,"column":0},"end":{"line":13,"column":47}},"13":{"start":{"line":14,"column":0},"end":{"line":14,"column":33}},"14":{"start":{"line":15,"column":0},"end":{"line":15,"column":39}},"16":{"start":{"line":17,"column":0},"end":{"line":17,"column":19}},"17":{"start":{"line":18,"column":0},"end":{"line":18,"column":74}},"18":{"start":{"line":19,"column":0},"end":{"line":19,"column":36}},"19":{"start":{"line":20,"column":0},"end":{"line":20,"column":13}},"20":{"start":{"line":21,"column":0},"end":{"line":21,"column":5}},"22":{"start":{"line":23,"column":0},"end":{"line":23,"column":40}},"24":{"start":{"line":25,"column":0},"end":{"line":25,"column":25}},"25":{"start":{"line":26,"column":0},"end":{"line":26,"column":74}},"26":{"start":{"line":27,"column":0},"end":{"line":27,"column":13}},"27":{"start":{"line":28,"column":0},"end":{"line":28,"column":5}},"29":{"start":{"line":30,"column":0},"end":{"line":30,"column":42}},"30":{"start":{"line":31,"column":0},"end":{"line":31,"column":76}},"31":{"start":{"line":32,"column":0},"end":{"line":32,"column":13}},"32":{"start":{"line":33,"column":0},"end":{"line":33,"column":5}},"34":{"start":{"line":35,"column":0},"end":{"line":35,"column":34}},"35":{"start":{"line":36,"column":0},"end":{"line":36,"column":119}},"37":{"start":{"line":38,"column":0},"end":{"line":38,"column":39}},"38":{"start":{"line":39,"column":0},"end":{"line":39,"column":55}},"39":{"start":{"line":40,"column":0},"end":{"line":40,"column":7}},"41":{"start":{"line":42,"column":0},"end":{"line":42,"column":39}},"42":{"start":{"line":43,"column":0},"end":{"line":43,"column":55}},"43":{"start":{"line":44,"column":0},"end":{"line":44,"column":7}},"45":{"start":{"line":46,"column":0},"end":{"line":46,"column":29}},"46":{"start":{"line":47,"column":0},"end":{"line":47,"column":7}},"47":{"start":{"line":48,"column":0},"end":{"line":48,"column":41}},"49":{"start":{"line":50,"column":0},"end":{"line":50,"column":29}},"50":{"start":{"line":51,"column":0},"end":{"line":51,"column":52}},"51":{"start":{"line":52,"column":0},"end":{"line":52,"column":3}},"53":{"start":{"line":54,"column":0},"end":{"line":54,"column":10}},"54":{"start":{"line":55,"column":0},"end":{"line":55,"column":35}},"55":{"start":{"line":56,"column":0},"end":{"line":56,"column":72}},"56":{"start":{"line":57,"column":0},"end":{"line":57,"column":47}},"58":{"start":{"line":59,"column":0},"end":{"line":59,"column":17}},"59":{"start":{"line":60,"column":0},"end":{"line":60,"column":13}},"60":{"start":{"line":61,"column":0},"end":{"line":61,"column":41}},"61":{"start":{"line":62,"column":0},"end":{"line":62,"column":41}},"62":{"start":{"line":63,"column":0},"end":{"line":63,"column":88}},"63":{"start":{"line":64,"column":0},"end":{"line":64,"column":65}},"64":{"start":{"line":65,"column":0},"end":{"line":65,"column":26}},"65":{"start":{"line":66,"column":0},"end":{"line":66,"column":21}},"66":{"start":{"line":67,"column":0},"end":{"line":67,"column":17}},"67":{"start":{"line":68,"column":0},"end":{"line":68,"column":11}},"68":{"start":{"line":69,"column":0},"end":{"line":69,"column":12}},"69":{"start":{"line":70,"column":0},"end":{"line":70,"column":72}},"70":{"start":{"line":71,"column":0},"end":{"line":71,"column":55}},"72":{"start":{"line":73,"column":0},"end":{"line":73,"column":17}},"73":{"start":{"line":74,"column":0},"end":{"line":74,"column":13}},"74":{"start":{"line":75,"column":0},"end":{"line":75,"column":13}},"76":{"start":{"line":77,"column":0},"end":{"line":77,"column":1}}},"s":{"0":1,"1":1,"2":1,"3":1,"9":1,"10":6,"11":6,"12":6,"13":6,"14":6,"16":6,"17":3,"18":0,"19":0,"20":0,"22":3,"24":3,"25":1,"26":1,"27":1,"29":3,"30":2,"31":2,"32":2,"34":0,"35":0,"37":0,"38":0,"39":0,"41":0,"42":0,"43":0,"45":0,"46":0,"47":6,"49":6,"50":2,"51":2,"53":4,"54":4,"55":4,"56":4,"58":4,"59":4,"60":4,"61":4,"62":8,"63":8,"64":8,"65":8,"66":8,"67":4,"68":4,"69":4,"70":4,"72":4,"73":4,"74":4,"76":4},"branchMap":{"0":{"type":"branch","line":10,"loc":{"start":{"line":10,"column":53},"end":{"line":77,"column":1}},"locations":[{"start":{"line":10,"column":53},"end":{"line":77,"column":1}}]},"1":{"type":"branch","line":15,"loc":{"start":{"line":15,"column":22},"end":{"line":15,"column":37}},"locations":[{"start":{"line":15,"column":22},"end":{"line":15,"column":37}}]},"2":{"type":"branch","line":15,"loc":{"start":{"line":15,"column":30},"end":{"line":15,"column":39}},"locations":[{"start":{"line":15,"column":30},"end":{"line":15,"column":39}}]},"3":{"type":"branch","line":50,"loc":{"start":{"line":50,"column":28},"end":{"line":52,"column":3}},"locations":[{"start":{"line":50,"column":28},"end":{"line":52,"column":3}}]},"4":{"type":"branch","line":52,"loc":{"start":{"line":52,"column":2},"end":{"line":77,"column":1}},"locations":[{"start":{"line":52,"column":2},"end":{"line":77,"column":1}}]},"5":{"type":"branch","line":17,"loc":{"start":{"line":17,"column":12},"end":{"line":48,"column":5}},"locations":[{"start":{"line":17,"column":12},"end":{"line":48,"column":5}}]},"6":{"type":"branch","line":18,"loc":{"start":{"line":18,"column":42},"end":{"line":18,"column":73}},"locations":[{"start":{"line":18,"column":42},"end":{"line":18,"column":73}}]},"7":{"type":"branch","line":18,"loc":{"start":{"line":18,"column":73},"end":{"line":21,"column":5}},"locations":[{"start":{"line":18,"column":73},"end":{"line":21,"column":5}}]},"8":{"type":"branch","line":25,"loc":{"start":{"line":25,"column":24},"end":{"line":28,"column":5}},"locations":[{"start":{"line":25,"column":24},"end":{"line":28,"column":5}}]},"9":{"type":"branch","line":28,"loc":{"start":{"line":28,"column":4},"end":{"line":30,"column":41}},"locations":[{"start":{"line":28,"column":4},"end":{"line":30,"column":41}}]},"10":{"type":"branch","line":30,"loc":{"start":{"line":30,"column":18},"end":{"line":30,"column":41}},"locations":[{"start":{"line":30,"column":18},"end":{"line":30,"column":41}}]},"11":{"type":"branch","line":30,"loc":{"start":{"line":30,"column":41},"end":{"line":47,"column":7}},"locations":[{"start":{"line":30,"column":41},"end":{"line":47,"column":7}}]},"12":{"type":"branch","line":33,"loc":{"start":{"line":33,"column":4},"end":{"line":47,"column":7}},"locations":[{"start":{"line":33,"column":4},"end":{"line":47,"column":7}}]},"13":{"type":"branch","line":31,"loc":{"start":{"line":31,"column":48},"end":{"line":31,"column":73}},"locations":[{"start":{"line":31,"column":48},"end":{"line":31,"column":73}}]},"14":{"type":"branch","line":62,"loc":{"start":{"line":62,"column":26},"end":{"line":67,"column":17}},"locations":[{"start":{"line":62,"column":26},"end":{"line":67,"column":17}}]}},"b":{"0":[6],"1":[2],"2":[4],"3":[2],"4":[4],"5":[3],"6":[1],"7":[0],"8":[1],"9":[2],"10":[0],"11":[2],"12":[0],"13":[8],"14":[8]},"fnMap":{"0":{"name":"Pagination","decl":{"start":{"line":10,"column":53},"end":{"line":77,"column":1}},"loc":{"start":{"line":10,"column":53},"end":{"line":77,"column":1}},"line":10}},"f":{"0":6}}
,"D:\\Документы\\Programming\\RollingScopesSchool\\REACT\\REACT2025Q3\\src\\context\\colorThemeContext\\ColorThemeContext.tsx": {"path":"D:\\Документы\\Programming\\RollingScopesSchool\\REACT\\REACT2025Q3\\src\\context\\colorThemeContext\\ColorThemeContext.tsx","all":false,"statementMap":{"0":{"start":{"line":1,"column":0},"end":{"line":1,"column":45}},"2":{"start":{"line":3,"column":0},"end":{"line":3,"column":104}},"3":{"start":{"line":4,"column":0},"end":{"line":4,"column":9}},"4":{"start":{"line":5,"column":0},"end":{"line":5,"column":10}},"5":{"start":{"line":6,"column":0},"end":{"line":6,"column":3}}},"s":{"0":1,"2":1,"3":1,"4":1,"5":1},"branchMap":{"0":{"type":"branch","line":5,"loc":{"start":{"line":5,"column":2},"end":{"line":5,"column":10}},"locations":[{"start":{"line":5,"column":2},"end":{"line":5,"column":10}}]}},"b":{"0":[1]},"fnMap":{},"f":{}}
,"D:\\Документы\\Programming\\RollingScopesSchool\\REACT\\REACT2025Q3\\src\\controllers\\deleteTags\\deleteTags.ts": {"path":"D:\\Документы\\Programming\\RollingScopesSchool\\REACT\\REACT2025Q3\\src\\controllers\\deleteTags\\deleteTags.ts","all":false,"statementMap":{"0":{"start":{"line":1,"column":0},"end":{"line":1,"column":62}},"1":{"start":{"line":2,"column":0},"end":{"line":2,"column":26}},"3":{"start":{"line":4,"column":0},"end":{"line":4,"column":15}},"4":{"start":{"line":5,"column":0},"end":{"line":5,"column":14}},"5":{"start":{"line":6,"column":0},"end":{"line":6,"column":3}},"7":{"start":{"line":8,"column":0},"end":{"line":8,"column":46}},"8":{"start":{"line":9,"column":0},"end":{"line":9,"column":1}}},"s":{"0":1,"1":36,"3":36,"4":9,"5":9,"7":27,"8":27},"branchMap":{"0":{"type":"branch","line":1,"loc":{"start":{"line":1,"column":7},"end":{"line":9,"column":1}},"locations":[{"start":{"line":1,"column":7},"end":{"line":9,"column":1}}]},"1":{"type":"branch","line":4,"loc":{"start":{"line":4,"column":14},"end":{"line":6,"column":3}},"locations":[{"start":{"line":4,"column":14},"end":{"line":6,"column":3}}]},"2":{"type":"branch","line":6,"loc":{"start":{"line":6,"column":2},"end":{"line":9,"column":1}},"locations":[{"start":{"line":6,"column":2},"end":{"line":9,"column":1}}]}},"b":{"0":[36],"1":[9],"2":[27]},"fnMap":{"0":{"name":"deleteTags","decl":{"start":{"line":1,"column":7},"end":{"line":9,"column":1}},"loc":{"start":{"line":1,"column":7},"end":{"line":9,"column":1}},"line":1}},"f":{"0":36}}
,"D:\\Документы\\Programming\\RollingScopesSchool\\REACT\\REACT2025Q3\\src\\controllers\\setRootColors\\setRootColors.ts": {"path":"D:\\Документы\\Programming\\RollingScopesSchool\\REACT\\REACT2025Q3\\src\\controllers\\setRootColors\\setRootColors.ts","all":false,"statementMap":{"0":{"start":{"line":1,"column":0},"end":{"line":1,"column":54}},"1":{"start":{"line":2,"column":0},"end":{"line":2,"column":24}},"2":{"start":{"line":3,"column":0},"end":{"line":3,"column":12}},"3":{"start":{"line":4,"column":0},"end":{"line":4,"column":32}},"4":{"start":{"line":5,"column":0},"end":{"line":5,"column":26}},"5":{"start":{"line":6,"column":0},"end":{"line":6,"column":32}},"6":{"start":{"line":7,"column":0},"end":{"line":7,"column":6}},"7":{"start":{"line":8,"column":0},"end":{"line":8,"column":11}},"8":{"start":{"line":9,"column":0},"end":{"line":9,"column":32}},"9":{"start":{"line":10,"column":0},"end":{"line":10,"column":26}},"10":{"start":{"line":11,"column":0},"end":{"line":11,"column":32}},"11":{"start":{"line":12,"column":0},"end":{"line":12,"column":6}},"12":{"start":{"line":13,"column":0},"end":{"line":13,"column":4}},"14":{"start":{"line":15,"column":0},"end":{"line":15,"column":40}},"15":{"start":{"line":16,"column":0},"end":{"line":16,"column":76}},"17":{"start":{"line":18,"column":0},"end":{"line":18,"column":20}},"18":{"start":{"line":19,"column":0},"end":{"line":19,"column":59}},"19":{"start":{"line":20,"column":0},"end":{"line":20,"column":41}},"20":{"start":{"line":21,"column":0},"end":{"line":21,"column":7}},"21":{"start":{"line":22,"column":0},"end":{"line":22,"column":3}},"22":{"start":{"line":23,"column":0},"end":{"line":23,"column":2}}},"s":{"0":1,"1":8,"2":8,"3":8,"4":8,"5":8,"6":8,"7":8,"8":8,"9":8,"10":8,"11":8,"12":8,"14":8,"15":8,"17":8,"18":7,"19":21,"20":7,"21":7,"22":8},"branchMap":{"0":{"type":"branch","line":1,"loc":{"start":{"line":1,"column":29},"end":{"line":23,"column":2}},"locations":[{"start":{"line":1,"column":29},"end":{"line":23,"column":2}}]},"1":{"type":"branch","line":18,"loc":{"start":{"line":18,"column":19},"end":{"line":22,"column":3}},"locations":[{"start":{"line":18,"column":19},"end":{"line":22,"column":3}}]},"2":{"type":"branch","line":19,"loc":{"start":{"line":19,"column":40},"end":{"line":21,"column":5}},"locations":[{"start":{"line":19,"column":40},"end":{"line":21,"column":5}}]}},"b":{"0":[8],"1":[7],"2":[21]},"fnMap":{"0":{"name":"setRootColors","decl":{"start":{"line":1,"column":29},"end":{"line":23,"column":2}},"loc":{"start":{"line":1,"column":29},"end":{"line":23,"column":2}},"line":1}},"f":{"0":8}}
,"D:\\Документы\\Programming\\RollingScopesSchool\\REACT\\REACT2025Q3\\src\\hooks\\useShipClassLoader\\useShipClassLoader.ts": {"path":"D:\\Документы\\Programming\\RollingScopesSchool\\REACT\\REACT2025Q3\\src\\hooks\\useShipClassLoader\\useShipClassLoader.ts","all":false,"statementMap":{"0":{"start":{"line":1,"column":0},"end":{"line":1,"column":44}},"1":{"start":{"line":2,"column":0},"end":{"line":2,"column":51}},"2":{"start":{"line":3,"column":0},"end":{"line":3,"column":62}},"4":{"start":{"line":5,"column":0},"end":{"line":5,"column":38}},"5":{"start":{"line":6,"column":0},"end":{"line":6,"column":66}},"6":{"start":{"line":7,"column":0},"end":{"line":7,"column":61}},"7":{"start":{"line":8,"column":0},"end":{"line":8,"column":60}},"8":{"start":{"line":9,"column":0},"end":{"line":9,"column":41}},"10":{"start":{"line":11,"column":0},"end":{"line":11,"column":80}},"11":{"start":{"line":12,"column":0},"end":{"line":12,"column":19}},"12":{"start":{"line":13,"column":0},"end":{"line":13,"column":20}},"13":{"start":{"line":14,"column":0},"end":{"line":14,"column":4}},"15":{"start":{"line":16,"column":0},"end":{"line":16,"column":19}},"16":{"start":{"line":17,"column":0},"end":{"line":17,"column":36}},"17":{"start":{"line":18,"column":0},"end":{"line":18,"column":59}},"19":{"start":{"line":20,"column":0},"end":{"line":20,"column":46}},"21":{"start":{"line":22,"column":0},"end":{"line":22,"column":36}},"23":{"start":{"line":24,"column":0},"end":{"line":24,"column":41}},"24":{"start":{"line":25,"column":0},"end":{"line":25,"column":32}},"25":{"start":{"line":26,"column":0},"end":{"line":26,"column":15}},"26":{"start":{"line":27,"column":0},"end":{"line":27,"column":7}},"28":{"start":{"line":29,"column":0},"end":{"line":29,"column":31}},"30":{"start":{"line":31,"column":0},"end":{"line":31,"column":33}},"31":{"start":{"line":32,"column":0},"end":{"line":32,"column":5}},"33":{"start":{"line":34,"column":0},"end":{"line":34,"column":20}},"34":{"start":{"line":35,"column":0},"end":{"line":35,"column":21}},"36":{"start":{"line":37,"column":0},"end":{"line":37,"column":30}},"37":{"start":{"line":38,"column":0},"end":{"line":38,"column":22}},"38":{"start":{"line":39,"column":0},"end":{"line":39,"column":20}},"39":{"start":{"line":40,"column":0},"end":{"line":40,"column":25}},"40":{"start":{"line":41,"column":0},"end":{"line":41,"column":19}},"41":{"start":{"line":42,"column":0},"end":{"line":42,"column":17}},"42":{"start":{"line":43,"column":0},"end":{"line":43,"column":16}},"43":{"start":{"line":44,"column":0},"end":{"line":44,"column":20}},"44":{"start":{"line":45,"column":0},"end":{"line":45,"column":4}},"46":{"start":{"line":47,"column":0},"end":{"line":47,"column":35}},"47":{"start":{"line":48,"column":0},"end":{"line":48,"column":62}},"49":{"start":{"line":50,"column":0},"end":{"line":50,"column":38}},"50":{"start":{"line":51,"column":0},"end":{"line":51,"column":37}},"52":{"start":{"line":53,"column":0},"end":{"line":53,"column":31}},"53":{"start":{"line":54,"column":0},"end":{"line":54,"column":3}},"55":{"start":{"line":56,"column":0},"end":{"line":56,"column":10}},"56":{"start":{"line":57,"column":0},"end":{"line":57,"column":21}},"57":{"start":{"line":58,"column":0},"end":{"line":58,"column":19}},"58":{"start":{"line":59,"column":0},"end":{"line":59,"column":22}},"59":{"start":{"line":60,"column":0},"end":{"line":60,"column":10}},"60":{"start":{"line":61,"column":0},"end":{"line":61,"column":12}},"61":{"start":{"line":62,"column":0},"end":{"line":62,"column":14}},"62":{"start":{"line":63,"column":0},"end":{"line":63,"column":15}},"63":{"start":{"line":64,"column":0},"end":{"line":64,"column":44}},"64":{"start":{"line":65,"column":0},"end":{"line":65,"column":3}},"65":{"start":{"line":66,"column":0},"end":{"line":66,"column":1}}},"s":{"0":1,"1":1,"2":1,"4":1,"5":11,"6":11,"7":11,"8":11,"10":11,"11":11,"12":11,"13":11,"15":11,"16":6,"17":6,"19":6,"21":6,"23":5,"24":1,"25":1,"26":1,"28":3,"30":3,"31":6,"33":6,"34":11,"36":11,"37":11,"38":11,"39":11,"40":11,"41":11,"42":11,"43":11,"44":11,"46":11,"47":1,"49":1,"50":1,"52":1,"53":1,"55":11,"56":11,"57":11,"58":11,"59":11,"60":11,"61":11,"62":11,"63":11,"64":11,"65":11},"branchMap":{"0":{"type":"branch","line":5,"loc":{"start":{"line":5,"column":7},"end":{"line":66,"column":1}},"locations":[{"start":{"line":5,"column":7},"end":{"line":66,"column":1}}]},"1":{"type":"branch","line":64,"loc":{"start":{"line":64,"column":17},"end":{"line":64,"column":44}},"locations":[{"start":{"line":64,"column":17},"end":{"line":64,"column":44}}]},"2":{"type":"branch","line":16,"loc":{"start":{"line":16,"column":12},"end":{"line":35,"column":5}},"locations":[{"start":{"line":16,"column":12},"end":{"line":35,"column":5}}]},"3":{"type":"branch","line":17,"loc":{"start":{"line":17,"column":4},"end":{"line":32,"column":5}},"locations":[{"start":{"line":17,"column":4},"end":{"line":32,"column":5}}]},"4":{"type":"branch","line":22,"loc":{"start":{"line":22,"column":29},"end":{"line":22,"column":36}},"locations":[{"start":{"line":22,"column":29},"end":{"line":22,"column":36}}]},"5":{"type":"branch","line":22,"loc":{"start":{"line":22,"column":29},"end":{"line":31,"column":33}},"locations":[{"start":{"line":22,"column":29},"end":{"line":31,"column":33}}]},"6":{"type":"branch","line":22,"loc":{"start":{"line":22,"column":29},"end":{"line":24,"column":40}},"locations":[{"start":{"line":22,"column":29},"end":{"line":24,"column":40}}]},"7":{"type":"branch","line":24,"loc":{"start":{"line":24,"column":40},"end":{"line":27,"column":7}},"locations":[{"start":{"line":24,"column":40},"end":{"line":27,"column":7}}]},"8":{"type":"branch","line":27,"loc":{"start":{"line":27,"column":6},"end":{"line":31,"column":33}},"locations":[{"start":{"line":27,"column":6},"end":{"line":31,"column":33}}]},"9":{"type":"branch","line":47,"loc":{"start":{"line":47,"column":28},"end":{"line":54,"column":3}},"locations":[{"start":{"line":47,"column":28},"end":{"line":54,"column":3}}]}},"b":{"0":[11],"1":[9],"2":[6],"3":[6],"4":[2],"5":[5],"6":[4],"7":[1],"8":[3],"9":[1]},"fnMap":{"0":{"name":"useShipClassLoader","decl":{"start":{"line":5,"column":7},"end":{"line":66,"column":1}},"loc":{"start":{"line":5,"column":7},"end":{"line":66,"column":1}},"line":5},"1":{"name":"toggleDetails","decl":{"start":{"line":17,"column":4},"end":{"line":32,"column":5}},"loc":{"start":{"line":17,"column":4},"end":{"line":32,"column":5}},"line":17},"2":{"name":"handleHideDetails","decl":{"start":{"line":47,"column":28},"end":{"line":54,"column":3}},"loc":{"start":{"line":47,"column":28},"end":{"line":54,"column":3}},"line":47}},"f":{"0":11,"1":6,"2":1}}
,"D:\\Документы\\Programming\\RollingScopesSchool\\REACT\\REACT2025Q3\\src\\hooks\\useShipLoader\\useShipLoader.ts": {"path":"D:\\Документы\\Programming\\RollingScopesSchool\\REACT\\REACT2025Q3\\src\\hooks\\useShipLoader\\useShipLoader.ts","all":false,"statementMap":{"0":{"start":{"line":1,"column":0},"end":{"line":1,"column":44}},"1":{"start":{"line":2,"column":0},"end":{"line":2,"column":47}},"2":{"start":{"line":3,"column":0},"end":{"line":3,"column":54}},"4":{"start":{"line":5,"column":0},"end":{"line":5,"column":52}},"5":{"start":{"line":6,"column":0},"end":{"line":6,"column":51}},"6":{"start":{"line":7,"column":0},"end":{"line":7,"column":41}},"7":{"start":{"line":8,"column":0},"end":{"line":8,"column":33}},"9":{"start":{"line":10,"column":0},"end":{"line":10,"column":19}},"10":{"start":{"line":11,"column":0},"end":{"line":11,"column":71}},"12":{"start":{"line":13,"column":0},"end":{"line":13,"column":31}},"13":{"start":{"line":14,"column":0},"end":{"line":14,"column":26}},"14":{"start":{"line":15,"column":0},"end":{"line":15,"column":9}},"16":{"start":{"line":17,"column":0},"end":{"line":17,"column":76}},"17":{"start":{"line":18,"column":0},"end":{"line":18,"column":15}},"18":{"start":{"line":19,"column":0},"end":{"line":19,"column":26}},"19":{"start":{"line":20,"column":0},"end":{"line":20,"column":5}},"21":{"start":{"line":22,"column":0},"end":{"line":22,"column":62}},"22":{"start":{"line":23,"column":0},"end":{"line":23,"column":58}},"24":{"start":{"line":25,"column":0},"end":{"line":25,"column":19}},"25":{"start":{"line":26,"column":0},"end":{"line":26,"column":33}},"26":{"start":{"line":27,"column":0},"end":{"line":27,"column":4}},"28":{"start":{"line":29,"column":0},"end":{"line":29,"column":77}},"29":{"start":{"line":30,"column":0},"end":{"line":30,"column":38}},"30":{"start":{"line":31,"column":0},"end":{"line":31,"column":4}},"32":{"start":{"line":33,"column":0},"end":{"line":33,"column":10}},"33":{"start":{"line":34,"column":0},"end":{"line":34,"column":15}},"34":{"start":{"line":35,"column":0},"end":{"line":35,"column":22}},"35":{"start":{"line":36,"column":0},"end":{"line":36,"column":17}},"36":{"start":{"line":37,"column":0},"end":{"line":37,"column":10}},"37":{"start":{"line":38,"column":0},"end":{"line":38,"column":12}},"38":{"start":{"line":39,"column":0},"end":{"line":39,"column":14}},"39":{"start":{"line":40,"column":0},"end":{"line":40,"column":15}},"40":{"start":{"line":41,"column":0},"end":{"line":41,"column":35}},"41":{"start":{"line":42,"column":0},"end":{"line":42,"column":37}},"42":{"start":{"line":43,"column":0},"end":{"line":43,"column":4}},"43":{"start":{"line":44,"column":0},"end":{"line":44,"column":1}}},"s":{"0":1,"1":1,"2":1,"4":1,"5":7,"6":7,"7":7,"9":7,"10":4,"12":4,"13":4,"14":7,"16":7,"17":7,"18":7,"19":7,"21":7,"22":1,"24":1,"25":1,"26":1,"28":7,"29":1,"30":1,"32":7,"33":7,"34":7,"35":7,"36":7,"37":7,"38":7,"39":7,"40":7,"41":7,"42":7,"43":7},"branchMap":{"0":{"type":"branch","line":5,"loc":{"start":{"line":5,"column":7},"end":{"line":44,"column":1}},"locations":[{"start":{"line":5,"column":7},"end":{"line":44,"column":1}}]},"1":{"type":"branch","line":41,"loc":{"start":{"line":41,"column":11},"end":{"line":41,"column":32}},"locations":[{"start":{"line":41,"column":11},"end":{"line":41,"column":32}}]},"2":{"type":"branch","line":41,"loc":{"start":{"line":41,"column":17},"end":{"line":41,"column":35}},"locations":[{"start":{"line":41,"column":17},"end":{"line":41,"column":35}}]},"3":{"type":"branch","line":42,"loc":{"start":{"line":42,"column":15},"end":{"line":42,"column":35}},"locations":[{"start":{"line":42,"column":15},"end":{"line":42,"column":35}}]},"4":{"type":"branch","line":42,"loc":{"start":{"line":42,"column":21},"end":{"line":42,"column":37}},"locations":[{"start":{"line":42,"column":21},"end":{"line":42,"column":37}}]},"5":{"type":"branch","line":10,"loc":{"start":{"line":10,"column":12},"end":{"line":15,"column":5}},"locations":[{"start":{"line":10,"column":12},"end":{"line":15,"column":5}}]},"6":{"type":"branch","line":11,"loc":{"start":{"line":11,"column":63},"end":{"line":11,"column":71}},"locations":[{"start":{"line":11,"column":63},"end":{"line":11,"column":71}}]},"7":{"type":"branch","line":22,"loc":{"start":{"line":22,"column":23},"end":{"line":27,"column":4}},"locations":[{"start":{"line":22,"column":23},"end":{"line":27,"column":4}}]},"8":{"type":"branch","line":29,"loc":{"start":{"line":29,"column":28},"end":{"line":31,"column":4}},"locations":[{"start":{"line":29,"column":28},"end":{"line":31,"column":4}}]}},"b":{"0":[7],"1":[2],"2":[5],"3":[2],"4":[5],"5":[4],"6":[3],"7":[1],"8":[1]},"fnMap":{"0":{"name":"useShipLoader","decl":{"start":{"line":5,"column":7},"end":{"line":44,"column":1}},"loc":{"start":{"line":5,"column":7},"end":{"line":44,"column":1}},"line":5},"1":{"name":"handleSearch","decl":{"start":{"line":22,"column":23},"end":{"line":27,"column":4}},"loc":{"start":{"line":22,"column":23},"end":{"line":27,"column":4}},"line":22},"2":{"name":"handleInputChange","decl":{"start":{"line":29,"column":28},"end":{"line":31,"column":4}},"loc":{"start":{"line":29,"column":28},"end":{"line":31,"column":4}},"line":29}},"f":{"0":7,"1":1,"2":1}}
,"D:\\Документы\\Programming\\RollingScopesSchool\\REACT\\REACT2025Q3\\src\\layouts\\DetailsLayout\\DetailsLayout.tsx": {"path":"D:\\Документы\\Programming\\RollingScopesSchool\\REACT\\REACT2025Q3\\src\\layouts\\DetailsLayout\\DetailsLayout.tsx","all":false,"statementMap":{"0":{"start":{"line":1,"column":0},"end":{"line":1,"column":40}},"1":{"start":{"line":2,"column":0},"end":{"line":2,"column":38}},"2":{"start":{"line":3,"column":0},"end":{"line":3,"column":42}},"3":{"start":{"line":4,"column":0},"end":{"line":4,"column":44}},"4":{"start":{"line":5,"column":0},"end":{"line":5,"column":87}},"5":{"start":{"line":6,"column":0},"end":{"line":6,"column":69}},"6":{"start":{"line":7,"column":0},"end":{"line":7,"column":56}},"7":{"start":{"line":8,"column":0},"end":{"line":8,"column":30}},"8":{"start":{"line":9,"column":0},"end":{"line":9,"column":55}},"9":{"start":{"line":10,"column":0},"end":{"line":10,"column":51}},"11":{"start":{"line":12,"column":0},"end":{"line":12,"column":46}},"12":{"start":{"line":13,"column":0},"end":{"line":13,"column":9}},"13":{"start":{"line":14,"column":0},"end":{"line":14,"column":21}},"14":{"start":{"line":15,"column":0},"end":{"line":15,"column":19}},"15":{"start":{"line":16,"column":0},"end":{"line":16,"column":22}},"16":{"start":{"line":17,"column":0},"end":{"line":17,"column":10}},"17":{"start":{"line":18,"column":0},"end":{"line":18,"column":12}},"18":{"start":{"line":19,"column":0},"end":{"line":19,"column":14}},"19":{"start":{"line":20,"column":0},"end":{"line":20,"column":15}},"20":{"start":{"line":21,"column":0},"end":{"line":21,"column":16}},"21":{"start":{"line":22,"column":0},"end":{"line":22,"column":27}},"22":{"start":{"line":23,"column":0},"end":{"line":23,"column":54}},"24":{"start":{"line":25,"column":0},"end":{"line":25,"column":33}},"26":{"start":{"line":27,"column":0},"end":{"line":27,"column":38}},"27":{"start":{"line":28,"column":0},"end":{"line":28,"column":57}},"29":{"start":{"line":30,"column":0},"end":{"line":30,"column":24}},"30":{"start":{"line":31,"column":0},"end":{"line":31,"column":48}},"31":{"start":{"line":32,"column":0},"end":{"line":32,"column":3}},"33":{"start":{"line":34,"column":0},"end":{"line":34,"column":14}},"35":{"start":{"line":36,"column":0},"end":{"line":36,"column":23}},"36":{"start":{"line":37,"column":0},"end":{"line":37,"column":15}},"37":{"start":{"line":38,"column":0},"end":{"line":38,"column":53}},"39":{"start":{"line":40,"column":0},"end":{"line":40,"column":39}},"40":{"start":{"line":41,"column":0},"end":{"line":41,"column":15}},"41":{"start":{"line":42,"column":0},"end":{"line":42,"column":40}},"42":{"start":{"line":43,"column":0},"end":{"line":43,"column":51}},"43":{"start":{"line":44,"column":0},"end":{"line":44,"column":12}},"45":{"start":{"line":46,"column":0},"end":{"line":46,"column":23}},"46":{"start":{"line":47,"column":0},"end":{"line":47,"column":15}},"47":{"start":{"line":48,"column":0},"end":{"line":48,"column":38}},"49":{"start":{"line":50,"column":0},"end":{"line":50,"column":38}},"50":{"start":{"line":51,"column":0},"end":{"line":51,"column":89}},"51":{"start":{"line":52,"column":0},"end":{"line":52,"column":41}},"53":{"start":{"line":54,"column":0},"end":{"line":54,"column":12}},"55":{"start":{"line":56,"column":0},"end":{"line":56,"column":10}},"56":{"start":{"line":57,"column":0},"end":{"line":57,"column":15}},"57":{"start":{"line":58,"column":0},"end":{"line":58,"column":36}},"58":{"start":{"line":59,"column":0},"end":{"line":59,"column":42}},"59":{"start":{"line":60,"column":0},"end":{"line":60,"column":39}},"60":{"start":{"line":61,"column":0},"end":{"line":61,"column":75}},"61":{"start":{"line":62,"column":0},"end":{"line":62,"column":13}},"62":{"start":{"line":63,"column":0},"end":{"line":63,"column":42}},"63":{"start":{"line":64,"column":0},"end":{"line":64,"column":36}},"64":{"start":{"line":65,"column":0},"end":{"line":65,"column":73}},"65":{"start":{"line":66,"column":0},"end":{"line":66,"column":13}},"66":{"start":{"line":67,"column":0},"end":{"line":67,"column":42}},"67":{"start":{"line":68,"column":0},"end":{"line":68,"column":41}},"68":{"start":{"line":69,"column":0},"end":{"line":69,"column":78}},"69":{"start":{"line":70,"column":0},"end":{"line":70,"column":13}},"70":{"start":{"line":71,"column":0},"end":{"line":71,"column":42}},"71":{"start":{"line":72,"column":0},"end":{"line":72,"column":35}},"72":{"start":{"line":73,"column":0},"end":{"line":73,"column":72}},"73":{"start":{"line":74,"column":0},"end":{"line":74,"column":13}},"74":{"start":{"line":75,"column":0},"end":{"line":75,"column":42}},"75":{"start":{"line":76,"column":0},"end":{"line":76,"column":33}},"76":{"start":{"line":77,"column":0},"end":{"line":77,"column":70}},"77":{"start":{"line":78,"column":0},"end":{"line":78,"column":13}},"78":{"start":{"line":79,"column":0},"end":{"line":79,"column":42}},"79":{"start":{"line":80,"column":0},"end":{"line":80,"column":31}},"80":{"start":{"line":81,"column":0},"end":{"line":81,"column":69}},"81":{"start":{"line":82,"column":0},"end":{"line":82,"column":13}},"82":{"start":{"line":83,"column":0},"end":{"line":83,"column":42}},"83":{"start":{"line":84,"column":0},"end":{"line":84,"column":35}},"84":{"start":{"line":85,"column":0},"end":{"line":85,"column":73}},"85":{"start":{"line":86,"column":0},"end":{"line":86,"column":13}},"86":{"start":{"line":87,"column":0},"end":{"line":87,"column":11}},"88":{"start":{"line":89,"column":0},"end":{"line":89,"column":3}},"90":{"start":{"line":91,"column":0},"end":{"line":91,"column":10}},"91":{"start":{"line":92,"column":0},"end":{"line":92,"column":27}},"92":{"start":{"line":93,"column":0},"end":{"line":93,"column":16}},"93":{"start":{"line":94,"column":0},"end":{"line":94,"column":82}},"94":{"start":{"line":95,"column":0},"end":{"line":95,"column":80}},"95":{"start":{"line":96,"column":0},"end":{"line":96,"column":44}},"96":{"start":{"line":97,"column":0},"end":{"line":97,"column":43}},"97":{"start":{"line":98,"column":0},"end":{"line":98,"column":60}},"98":{"start":{"line":99,"column":0},"end":{"line":99,"column":57}},"99":{"start":{"line":100,"column":0},"end":{"line":100,"column":121}},"100":{"start":{"line":101,"column":0},"end":{"line":101,"column":21}},"101":{"start":{"line":102,"column":0},"end":{"line":102,"column":16}},"102":{"start":{"line":103,"column":0},"end":{"line":103,"column":19}},"103":{"start":{"line":104,"column":0},"end":{"line":104,"column":14}},"104":{"start":{"line":105,"column":0},"end":{"line":105,"column":14}},"105":{"start":{"line":106,"column":0},"end":{"line":106,"column":11}},"107":{"start":{"line":108,"column":0},"end":{"line":108,"column":2}}},"s":{"0":1,"1":1,"2":1,"3":1,"4":1,"5":1,"6":1,"7":1,"8":1,"9":1,"11":1,"12":5,"13":5,"14":5,"15":5,"16":5,"17":5,"18":5,"19":5,"20":5,"21":5,"22":5,"24":5,"26":5,"27":0,"29":0,"30":0,"31":0,"33":5,"35":5,"36":1,"37":1,"39":5,"40":1,"41":1,"42":1,"43":1,"45":4,"46":1,"47":1,"49":1,"50":1,"51":0,"53":1,"55":3,"56":2,"57":2,"58":2,"59":2,"60":2,"61":2,"62":2,"63":2,"64":2,"65":2,"66":2,"67":2,"68":2,"69":2,"70":2,"71":2,"72":2,"73":2,"74":2,"75":2,"76":2,"77":2,"78":2,"79":2,"80":2,"81":2,"82":2,"83":2,"84":2,"85":2,"86":2,"88":2,"90":5,"91":5,"92":5,"93":5,"94":5,"95":5,"96":5,"97":5,"98":5,"99":5,"100":5,"101":5,"102":5,"103":5,"104":5,"105":5,"107":5},"branchMap":{"0":{"type":"branch","line":12,"loc":{"start":{"line":12,"column":39},"end":{"line":108,"column":2}},"locations":[{"start":{"line":12,"column":39},"end":{"line":108,"column":2}}]},"1":{"type":"branch","line":36,"loc":{"start":{"line":36,"column":22},"end":{"line":40,"column":13}},"locations":[{"start":{"line":36,"column":22},"end":{"line":40,"column":13}}]},"2":{"type":"branch","line":40,"loc":{"start":{"line":40,"column":2},"end":{"line":89,"column":3}},"locations":[{"start":{"line":40,"column":2},"end":{"line":89,"column":3}}]},"3":{"type":"branch","line":40,"loc":{"start":{"line":40,"column":13},"end":{"line":40,"column":38}},"locations":[{"start":{"line":40,"column":13},"end":{"line":40,"column":38}}]},"4":{"type":"branch","line":40,"loc":{"start":{"line":40,"column":38},"end":{"line":46,"column":13}},"locations":[{"start":{"line":40,"column":38},"end":{"line":46,"column":13}}]},"5":{"type":"branch","line":46,"loc":{"start":{"line":46,"column":2},"end":{"line":89,"column":3}},"locations":[{"start":{"line":46,"column":2},"end":{"line":89,"column":3}}]},"6":{"type":"branch","line":46,"loc":{"start":{"line":46,"column":22},"end":{"line":56,"column":9}},"locations":[{"start":{"line":46,"column":22},"end":{"line":56,"column":9}}]},"7":{"type":"branch","line":51,"loc":{"start":{"line":51,"column":87},"end":{"line":52,"column":41}},"locations":[{"start":{"line":51,"column":87},"end":{"line":52,"column":41}}]},"8":{"type":"branch","line":56,"loc":{"start":{"line":56,"column":2},"end":{"line":89,"column":3}},"locations":[{"start":{"line":56,"column":2},"end":{"line":89,"column":3}}]},"9":{"type":"branch","line":61,"loc":{"start":{"line":61,"column":53},"end":{"line":61,"column":68}},"locations":[{"start":{"line":61,"column":53},"end":{"line":61,"column":68}}]},"10":{"type":"branch","line":65,"loc":{"start":{"line":65,"column":51},"end":{"line":65,"column":66}},"locations":[{"start":{"line":65,"column":51},"end":{"line":65,"column":66}}]},"11":{"type":"branch","line":69,"loc":{"start":{"line":69,"column":56},"end":{"line":69,"column":71}},"locations":[{"start":{"line":69,"column":56},"end":{"line":69,"column":71}}]},"12":{"type":"branch","line":73,"loc":{"start":{"line":73,"column":50},"end":{"line":73,"column":65}},"locations":[{"start":{"line":73,"column":50},"end":{"line":73,"column":65}}]},"13":{"type":"branch","line":77,"loc":{"start":{"line":77,"column":48},"end":{"line":77,"column":63}},"locations":[{"start":{"line":77,"column":48},"end":{"line":77,"column":63}}]},"14":{"type":"branch","line":81,"loc":{"start":{"line":81,"column":47},"end":{"line":81,"column":62}},"locations":[{"start":{"line":81,"column":47},"end":{"line":81,"column":62}}]},"15":{"type":"branch","line":85,"loc":{"start":{"line":85,"column":51},"end":{"line":85,"column":66}},"locations":[{"start":{"line":85,"column":51},"end":{"line":85,"column":66}}]},"16":{"type":"branch","line":94,"loc":{"start":{"line":94,"column":24},"end":{"line":94,"column":71}},"locations":[{"start":{"line":94,"column":24},"end":{"line":94,"column":71}}]},"17":{"type":"branch","line":94,"loc":{"start":{"line":94,"column":43},"end":{"line":94,"column":82}},"locations":[{"start":{"line":94,"column":43},"end":{"line":94,"column":82}}]},"18":{"type":"branch","line":100,"loc":{"start":{"line":100,"column":42},"end":{"line":100,"column":68}},"locations":[{"start":{"line":100,"column":42},"end":{"line":100,"column":68}}]}},"b":{"0":[5],"1":[1],"2":[4],"3":[3],"4":[1],"5":[3],"6":[1],"7":[0],"8":[2],"9":[0],"10":[0],"11":[0],"12":[0],"13":[0],"14":[0],"15":[0],"16":[4],"17":[1],"18":[0]},"fnMap":{"0":{"name":"DetailsLayout","decl":{"start":{"line":12,"column":39},"end":{"line":108,"column":2}},"loc":{"start":{"line":12,"column":39},"end":{"line":108,"column":2}},"line":12},"1":{"name":"revalidateQueryCache","decl":{"start":{"line":27,"column":31},"end":{"line":32,"column":3}},"loc":{"start":{"line":27,"column":31},"end":{"line":32,"column":3}},"line":27}},"f":{"0":5,"1":0}}
[...]
":25,"column":15}},"25":{"start":{"line":26,"column":0},"end":{"line":26,"column":10}},"26":{"start":{"line":27,"column":0},"end":{"line":27,"column":14}},"27":{"start":{"line":28,"column":0},"end":{"line":28,"column":33}},"29":{"start":{"line":30,"column":0},"end":{"line":30,"column":33}},"30":{"start":{"line":31,"column":0},"end":{"line":31,"column":65}},"32":{"start":{"line":33,"column":0},"end":{"line":33,"column":53}},"33":{"start":{"line":34,"column":0},"end":{"line":34,"column":28}},"34":{"start":{"line":35,"column":0},"end":{"line":35,"column":3}},"36":{"start":{"line":37,"column":0},"end":{"line":37,"column":14}},"37":{"start":{"line":38,"column":0},"end":{"line":38,"column":40}},"38":{"start":{"line":39,"column":0},"end":{"line":39,"column":3}},"40":{"start":{"line":41,"column":0},"end":{"line":41,"column":14}},"42":{"start":{"line":43,"column":0},"end":{"line":43,"column":32}},"43":{"start":{"line":44,"column":0},"end":{"line":44,"column":15}},"44":{"start":{"line":45,"column":0},"end":{"line":45,"column":37}},"45":{"start":{"line":46,"column":0},"end":{"line":46,"column":51}},"46":{"start":{"line":47,"column":0},"end":{"line":47,"column":12}},"48":{"start":{"line":49,"column":0},"end":{"line":49,"column":23}},"49":{"start":{"line":50,"column":0},"end":{"line":50,"column":15}},"50":{"start":{"line":51,"column":0},"end":{"line":51,"column":43}},"52":{"start":{"line":53,"column":0},"end":{"line":53,"column":38}},"53":{"start":{"line":54,"column":0},"end":{"line":54,"column":89}},"54":{"start":{"line":55,"column":0},"end":{"line":55,"column":41}},"56":{"start":{"line":57,"column":0},"end":{"line":57,"column":12}},"58":{"start":{"line":59,"column":0},"end":{"line":59,"column":34}},"59":{"start":{"line":60,"column":0},"end":{"line":60,"column":74}},"60":{"start":{"line":61,"column":0},"end":{"line":61,"column":10}},"61":{"start":{"line":62,"column":0},"end":{"line":62,"column":47}},"62":{"start":{"line":63,"column":0},"end":{"line":63,"column":3}},"64":{"start":{"line":65,"column":0},"end":{"line":65,"column":10}},"65":{"start":{"line":66,"column":0},"end":{"line":66,"column":26}},"66":{"start":{"line":67,"column":0},"end":{"line":67,"column":14}},"67":{"start":{"line":68,"column":0},"end":{"line":68,"column":13}},"68":{"start":{"line":69,"column":0},"end":{"line":69,"column":33}},"69":{"start":{"line":70,"column":0},"end":{"line":70,"column":43}},"70":{"start":{"line":71,"column":0},"end":{"line":71,"column":41}},"71":{"start":{"line":72,"column":0},"end":{"line":72,"column":10}},"72":{"start":{"line":73,"column":0},"end":{"line":73,"column":15}},"73":{"start":{"line":74,"column":0},"end":{"line":74,"column":14}},"74":{"start":{"line":75,"column":0},"end":{"line":75,"column":52}},"75":{"start":{"line":76,"column":0},"end":{"line":76,"column":51}},"76":{"start":{"line":77,"column":0},"end":{"line":77,"column":45}},"77":{"start":{"line":78,"column":0},"end":{"line":78,"column":18}},"78":{"start":{"line":79,"column":0},"end":{"line":79,"column":16}},"79":{"start":{"line":80,"column":0},"end":{"line":80,"column":15}},"80":{"start":{"line":81,"column":0},"end":{"line":81,"column":42}},"81":{"start":{"line":82,"column":0},"end":{"line":82,"column":10}},"83":{"start":{"line":84,"column":0},"end":{"line":84,"column":2}}},"s":{"1":1,"2":1,"3":1,"4":1,"5":1,"6":1,"7":1,"8":1,"9":1,"10":1,"11":1,"13":1,"14":3,"15":3,"17":3,"18":3,"19":3,"20":3,"21":3,"22":3,"23":3,"24":3,"25":3,"26":3,"27":3,"29":3,"30":3,"32":3,"33":1,"34":1,"36":3,"37":1,"38":1,"40":1,"42":3,"43":0,"44":0,"45":0,"46":0,"48":3,"49":0,"50":0,"52":0,"53":0,"54":0,"56":0,"58":1,"59":1,"60":1,"61":0,"62":0,"64":1,"65":1,"66":1,"67":1,"68":1,"69":1,"70":1,"71":1,"72":1,"73":1,"74":1,"75":1,"76":1,"77":1,"78":1,"79":1,"80":1,"81":1,"83":1},"branchMap":{"0":{"type":"branch","line":14,"loc":{"start":{"line":14,"column":34},"end":{"line":84,"column":2}},"locations":[{"start":{"line":14,"column":34},"end":{"line":84,"column":2}}]},"1":{"type":"branch","line":16,"loc":{"start":{"line":16,"column":22},"end":{"line":16,"column":37}},"locations":[{"start":{"line":16,"column":22},"end":{"line":16,"column":37}}]},"2":{"type":"branch","line":16,"loc":{"start":{"line":16,"column":30},"end":{"line":16,"column":39}},"locations":[{"start":{"line":16,"column":30},"end":{"line":16,"column":39}}]},"3":{"type":"branch","line":33,"loc":{"start":{"line":33,"column":23},"end":{"line":33,"column":52}},"locations":[{"start":{"line":33,"column":23},"end":{"line":33,"column":52}}]},"4":{"type":"branch","line":33,"loc":{"start":{"line":33,"column":52},"end":{"line":35,"column":3}},"locations":[{"start":{"line":33,"column":52},"end":{"line":35,"column":3}}]},"5":{"type":"branch","line":35,"loc":{"start":{"line":35,"column":2},"end":{"line":37,"column":13}},"locations":[{"start":{"line":35,"column":2},"end":{"line":37,"column":13}}]},"6":{"type":"branch","line":37,"loc":{"start":{"line":37,"column":13},"end":{"line":43,"column":31}},"locations":[{"start":{"line":37,"column":13},"end":{"line":43,"column":31}}]},"7":{"type":"branch","line":43,"loc":{"start":{"line":43,"column":31},"end":{"line":49,"column":13}},"locations":[{"start":{"line":43,"column":31},"end":{"line":49,"column":13}}]},"8":{"type":"branch","line":49,"loc":{"start":{"line":49,"column":2},"end":{"line":84,"column":2}},"locations":[{"start":{"line":49,"column":2},"end":{"line":84,"column":2}}]},"9":{"type":"branch","line":49,"loc":{"start":{"line":49,"column":22},"end":{"line":59,"column":13}},"locations":[{"start":{"line":49,"column":22},"end":{"line":59,"column":13}}]},"10":{"type":"branch","line":61,"loc":{"start":{"line":61,"column":2},"end":{"line":63,"column":3}},"locations":[{"start":{"line":61,"column":2},"end":{"line":63,"column":3}}]}},"b":{"0":[3],"1":[2],"2":[1],"3":[2],"4":[1],"5":[2],"6":[1],"7":[0],"8":[1],"9":[0],"10":[0]},"fnMap":{"0":{"name":"MainPage","decl":{"start":{"line":14,"column":34},"end":{"line":84,"column":2}},"loc":{"start":{"line":14,"column":34},"end":{"line":84,"column":2}},"line":14},"1":{"name":"onSearch","decl":{"start":{"line":71,"column":20},"end":{"line":71,"column":41}},"loc":{"start":{"line":71,"column":20},"end":{"line":71,"column":41}},"line":71}},"f":{"0":3,"1":0}}
,"D:\\Документы\\Programming\\RollingScopesSchool\\REACT\\REACT2025Q3\\src\\pages\\NotFoundPage\\NotFoundPage.tsx": {"path":"D:\\Документы\\Programming\\RollingScopesSchool\\REACT\\REACT2025Q3\\src\\pages\\NotFoundPage\\NotFoundPage.tsx","all":false,"statementMap":{"1":{"start":{"line":2,"column":0},"end":{"line":2,"column":40}},"2":{"start":{"line":3,"column":0},"end":{"line":3,"column":29}},"3":{"start":{"line":4,"column":0},"end":{"line":4,"column":60}},"5":{"start":{"line":6,"column":0},"end":{"line":6,"column":45}},"6":{"start":{"line":7,"column":0},"end":{"line":7,"column":10}},"7":{"start":{"line":8,"column":0},"end":{"line":8,"column":31}},"8":{"start":{"line":9,"column":0},"end":{"line":9,"column":77}},"9":{"start":{"line":10,"column":0},"end":{"line":10,"column":40}},"11":{"start":{"line":12,"column":0},"end":{"line":12,"column":14}},"12":{"start":{"line":13,"column":0},"end":{"line":13,"column":13}},"14":{"start":{"line":15,"column":0},"end":{"line":15,"column":51}},"16":{"start":{"line":17,"column":0},"end":{"line":17,"column":17}},"17":{"start":{"line":18,"column":0},"end":{"line":18,"column":14}},"18":{"start":{"line":19,"column":0},"end":{"line":19,"column":12}},"19":{"start":{"line":20,"column":0},"end":{"line":20,"column":10}},"21":{"start":{"line":22,"column":0},"end":{"line":22,"column":2}}},"s":{"1":1,"2":1,"3":1,"5":1,"6":2,"7":2,"8":2,"9":2,"11":2,"12":2,"14":2,"16":2,"17":2,"18":2,"19":2,"21":2},"branchMap":{"0":{"type":"branch","line":6,"loc":{"start":{"line":6,"column":38},"end":{"line":22,"column":2}},"locations":[{"start":{"line":6,"column":38},"end":{"line":22,"column":2}}]}},"b":{"0":[2]},"fnMap":{"0":{"name":"NotFoundPage","decl":{"start":{"line":6,"column":38},"end":{"line":22,"column":2}},"loc":{"start":{"line":6,"column":38},"end":{"line":22,"column":2}},"line":6}},"f":{"0":2}}
,"D:\\Документы\\Programming\\RollingScopesSchool\\REACT\\REACT2025Q3\\src\\providers\\ColorTheme.tsx": {"path":"D:\\Документы\\Programming\\RollingScopesSchool\\REACT\\REACT2025Q3\\src\\providers\\ColorTheme.tsx","all":false,"statementMap":{"0":{"start":{"line":1,"column":0},"end":{"line":1,"column":51}},"1":{"start":{"line":2,"column":0},"end":{"line":2,"column":83}},"2":{"start":{"line":3,"column":0},"end":{"line":3,"column":75}},"8":{"start":{"line":9,"column":0},"end":{"line":9,"column":72}},"9":{"start":{"line":10,"column":0},"end":{"line":10,"column":98}},"11":{"start":{"line":12,"column":0},"end":{"line":12,"column":19}},"12":{"start":{"line":13,"column":0},"end":{"line":13,"column":30}},"13":{"start":{"line":14,"column":0},"end":{"line":14,"column":19}},"15":{"start":{"line":16,"column":0},"end":{"line":16,"column":10}},"16":{"start":{"line":17,"column":0},"end":{"line":17,"column":70}},"17":{"start":{"line":18,"column":0},"end":{"line":18,"column":16}},"18":{"start":{"line":19,"column":0},"end":{"line":19,"column":33}},"20":{"start":{"line":21,"column":0},"end":{"line":21,"column":2}}},"s":{"0":1,"1":1,"2":1,"8":1,"9":4,"11":4,"12":4,"13":4,"15":4,"16":4,"17":4,"18":4,"20":4},"branchMap":{"0":{"type":"branch","line":9,"loc":{"start":{"line":9,"column":53},"end":{"line":21,"column":2}},"locations":[{"start":{"line":9,"column":53},"end":{"line":21,"column":2}}]},"1":{"type":"branch","line":10,"loc":{"start":{"line":10,"column":85},"end":{"line":10,"column":96}},"locations":[{"start":{"line":10,"column":85},"end":{"line":10,"column":96}}]},"2":{"type":"branch","line":12,"loc":{"start":{"line":12,"column":12},"end":{"line":14,"column":5}},"locations":[{"start":{"line":12,"column":12},"end":{"line":14,"column":5}}]}},"b":{"0":[4],"1":[3],"2":[4]},"fnMap":{"0":{"name":"ColorTheme","decl":{"start":{"line":9,"column":53},"end":{"line":21,"column":2}},"loc":{"start":{"line":9,"column":53},"end":{"line":21,"column":2}},"line":9}},"f":{"0":4}}
,"D:\\Документы\\Programming\\RollingScopesSchool\\REACT\\REACT2025Q3\\src\\slices\\selectedCardsSlice.ts": {"path":"D:\\Документы\\Programming\\RollingScopesSchool\\REACT\\REACT2025Q3\\src\\slices\\selectedCardsSlice.ts","all":false,"statementMap":{"0":{"start":{"line":1,"column":0},"end":{"line":1,"column":62}},"7":{"start":{"line":8,"column":0},"end":{"line":8,"column":42}},"8":{"start":{"line":9,"column":0},"end":{"line":9,"column":20}},"9":{"start":{"line":10,"column":0},"end":{"line":10,"column":2}},"12":{"start":{"line":13,"column":0},"end":{"line":13,"column":47}},"13":{"start":{"line":14,"column":0},"end":{"line":14,"column":24}},"14":{"start":{"line":15,"column":0},"end":{"line":15,"column":15}},"15":{"start":{"line":16,"column":0},"end":{"line":16,"column":14}},"16":{"start":{"line":17,"column":0},"end":{"line":17,"column":59}},"17":{"start":{"line":18,"column":0},"end":{"line":18,"column":4}},"18":{"start":{"line":19,"column":0},"end":{"line":19,"column":13}},"19":{"start":{"line":20,"column":0},"end":{"line":20,"column":59}},"20":{"start":{"line":21,"column":0},"end":{"line":21,"column":34}},"22":{"start":{"line":23,"column":0},"end":{"line":23,"column":79}},"23":{"start":{"line":24,"column":0},"end":{"line":24,"column":39}},"24":{"start":{"line":25,"column":0},"end":{"line":25,"column":7}},"25":{"start":{"line":26,"column":0},"end":{"line":26,"column":6}},"26":{"start":{"line":27,"column":0},"end":{"line":27,"column":59}},"27":{"start":{"line":28,"column":0},"end":{"line":28,"column":36}},"28":{"start":{"line":29,"column":0},"end":{"line":29,"column":84}},"29":{"start":{"line":30,"column":0},"end":{"line":30,"column":6}},"30":{"start":{"line":31,"column":0},"end":{"line":31,"column":28}},"31":{"start":{"line":32,"column":0},"end":{"line":32,"column":31}},"32":{"start":{"line":33,"column":0},"end":{"line":33,"column":6}},"33":{"start":{"line":34,"column":0},"end":{"line":34,"column":4}},"34":{"start":{"line":35,"column":0},"end":{"line":35,"column":3}},"36":{"start":{"line":37,"column":0},"end":{"line":37,"column":71}},"37":{"start":{"line":38,"column":0},"end":{"line":38,"column":78}},"39":{"start":{"line":40,"column":0},"end":{"line":40,"column":42}}},"s":{"0":1,"7":1,"8":1,"9":1,"12":1,"13":1,"14":1,"15":1,"16":1,"17":1,"18":1,"19":1,"20":2,"22":2,"23":1,"24":1,"25":2,"26":1,"27":1,"28":1,"29":1,"30":1,"31":1,"32":1,"33":1,"34":1,"36":1,"37":1,"39":1},"branchMap":{"0":{"type":"branch","line":17,"loc":{"start":{"line":17,"column":28},"end":{"line":17,"column":59}},"locations":[{"start":{"line":17,"column":28},"end":{"line":17,"column":59}}]},"1":{"type":"branch","line":20,"loc":{"start":{"line":20,"column":13},"end":{"line":26,"column":6}},"locations":[{"start":{"line":20,"column":13},"end":{"line":26,"column":6}}]},"2":{"type":"branch","line":23,"loc":{"start":{"line":23,"column":78},"end":{"line":25,"column":7}},"locations":[{"start":{"line":23,"column":78},"end":{"line":25,"column":7}}]},"3":{"type":"branch","line":23,"loc":{"start":{"line":23,"column":36},"end":{"line":23,"column":75}},"locations":[{"start":{"line":23,"column":36},"end":{"line":23,"column":75}}]},"4":{"type":"branch","line":27,"loc":{"start":{"line":27,"column":16},"end":{"line":30,"column":6}},"locations":[{"start":{"line":27,"column":16},"end":{"line":30,"column":6}}]},"5":{"type":"branch","line":29,"loc":{"start":{"line":29,"column":55},"end":{"line":29,"column":82}},"locations":[{"start":{"line":29,"column":55},"end":{"line":29,"column":82}}]},"6":{"type":"branch","line":31,"loc":{"start":{"line":31,"column":16},"end":{"line":33,"column":6}},"locations":[{"start":{"line":31,"column":16},"end":{"line":33,"column":6}}]}},"b":{"0":[9],"1":[2],"2":[1],"3":[1],"4":[1],"5":[2],"6":[1]},"fnMap":{"0":{"name":"selectAllSelectedCards","decl":{"start":{"line":17,"column":28},"end":{"line":17,"column":59}},"loc":{"start":{"line":17,"column":28},"end":{"line":17,"column":59}},"line":17},"1":{"name":"addCard","decl":{"start":{"line":20,"column":13},"end":{"line":26,"column":6}},"loc":{"start":{"line":20,"column":13},"end":{"line":26,"column":6}},"line":20},"2":{"name":"removeCard","decl":{"start":{"line":27,"column":16},"end":{"line":30,"column":6}},"loc":{"start":{"line":27,"column":16},"end":{"line":30,"column":6}},"line":27},"3":{"name":"clearCards","decl":{"start":{"line":31,"column":16},"end":{"line":33,"column":6}},"loc":{"start":{"line":31,"column":16},"end":{"line":33,"column":6}},"line":31}},"f":{"0":9,"1":2,"2":1,"3":1}}
,"D:\\Документы\\Programming\\RollingScopesSchool\\REACT\\REACT2025Q3\\src\\test-utils\\fetch-mocks.ts": {"path":"D:\\Документы\\Programming\\RollingScopesSchool\\REACT\\REACT2025Q3\\src\\test-utils\\fetch-mocks.ts","all":true,"statementMap":{"0":{"start":{"line":1,"column":0},"end":{"line":1,"column":38}},"1":{"start":{"line":2,"column":0},"end":{"line":2,"column":0}},"2":{"start":{"line":3,"column":0},"end":{"line":3,"column":34}},"3":{"start":{"line":4,"column":0},"end":{"line":4,"column":3}},"4":{"start":{"line":5,"column":0},"end":{"line":5,"column":13}},"5":{"start":{"line":6,"column":0},"end":{"line":6,"column":23}},"6":{"start":{"line":7,"column":0},"end":{"line":7,"column":25}},"7":{"start":{"line":8,"column":0},"end":{"line":8,"column":21}},"8":{"start":{"line":9,"column":0},"end":{"line":9,"column":29}},"9":{"start":{"line":10,"column":0},"end":{"line":10,"column":61}},"10":{"start":{"line":11,"column":0},"end":{"line":11,"column":48}},"11":{"start":{"line":12,"column":0},"end":{"line":12,"column":54}},"12":{"start":{"line":13,"column":0},"end":{"line":13,"column":4}},"13":{"start":{"line":14,"column":0},"end":{"line":14,"column":2}},"14":{"start":{"line":15,"column":0},"end":{"line":15,"column":0}},"15":{"start":{"line":16,"column":0},"end":{"line":16,"column":32}},"16":{"start":{"line":17,"column":0},"end":{"line":17,"column":25}},"17":{"start":{"line":18,"column":0},"end":{"line":18,"column":16}},"18":{"start":{"line":19,"column":0},"end":{"line":19,"column":2}},"19":{"start":{"line":20,"column":0},"end":{"line":20,"column":0}},"20":{"start":{"line":21,"column":0},"end":{"line":21,"column":30}},"21":{"start":{"line":22,"column":0},"end":{"line":22,"column":20}},"22":{"start":{"line":23,"column":0},"end":{"line":23,"column":31}},"23":{"start":{"line":24,"column":0},"end":{"line":24,"column":30}},"24":{"start":{"line":25,"column":0},"end":{"line":25,"column":34}},"25":{"start":{"line":26,"column":0},"end":{"line":26,"column":30}},"26":{"start":{"line":27,"column":0},"end":{"line":27,"column":28}},"27":{"start":{"line":28,"column":0},"end":{"line":28,"column":38}},"28":{"start":{"line":29,"column":0},"end":{"line":29,"column":46}},"29":{"start":{"line":30,"column":0},"end":{"line":30,"column":3}},"30":{"start":{"line":31,"column":0},"end":{"line":31,"column":2}},"31":{"start":{"line":32,"column":0},"end":{"line":32,"column":0}},"32":{"start":{"line":33,"column":0},"end":{"line":33,"column":33}},"33":{"start":{"line":34,"column":0},"end":{"line":34,"column":15}},"34":{"start":{"line":35,"column":0},"end":{"line":35,"column":18}},"35":{"start":{"line":36,"column":0},"end":{"line":36,"column":18}},"36":{"start":{"line":37,"column":0},"end":{"line":37,"column":18}},"37":{"start":{"line":38,"column":0},"end":{"line":38,"column":15}},"38":{"start":{"line":39,"column":0},"end":{"line":39,"column":15}},"39":{"start":{"line":40,"column":0},"end":{"line":40,"column":16}},"40":{"start":{"line":41,"column":0},"end":{"line":41,"column":20}},"41":{"start":{"line":42,"column":0},"end":{"line":42,"column":19}},"42":{"start":{"line":43,"column":0},"end":{"line":43,"column":16}},"43":{"start":{"line":44,"column":0},"end":{"line":44,"column":18}},"44":{"start":{"line":45,"column":0},"end":{"line":45,"column":19}},"45":{"start":{"line":46,"column":0},"end":{"line":46,"column":10}},"46":{"start":{"line":47,"column":0},"end":{"line":47,"column":33}},"47":{"start":{"line":48,"column":0},"end":{"line":48,"column":47}},"48":{"start":{"line":49,"column":0},"end":{"line":49,"column":37}},"49":{"start":{"line":50,"column":0},"end":{"line":50,"column":4}},"50":{"start":{"line":51,"column":0},"end":{"line":51,"column":2}},"51":{"start":{"line":52,"column":0},"end":{"line":52,"column":0}},"52":{"start":{"line":53,"column":0},"end":{"line":53,"column":43}},"53":{"start":{"line":54,"column":0},"end":{"line":54,"column":0}},"54":{"start":{"line":55,"column":0},"end":{"line":55,"column":41}},"55":{"start":{"line":56,"column":0},"end":{"line":56,"column":20}},"56":{"start":{"line":57,"column":0},"end":{"line":57,"column":24}},"57":{"start":{"line":58,"column":0},"end":{"line":58,"column":27}},"58":{"start":{"line":59,"column":0},"end":{"line":59,"column":25}},"59":{"start":{"line":60,"column":0},"end":{"line":60,"column":26}},"60":{"start":{"line":61,"column":0},"end":{"line":61,"column":19}},"61":{"start":{"line":62,"column":0},"end":{"line":62,"column":18}},"62":{"start":{"line":63,"column":0},"end":{"line":63,"column":32}},"63":{"start":{"line":64,"column":0},"end":{"line":64,"column":3}},"64":{"start":{"line":65,"column":0},"end":{"line":65,"column":2}}},"s":{"0":0,"1":0,"2":0,"3":0,"4":0,"5":0,"6":0,"7":0,"8":0,"9":0,"10":0,"11":0,"12":0,"13":0,"14":0,"15":0,"16":0,"17":0,"18":0,"19":0,"20":0,"21":0,"22":0,"23":0,"24":0,"25":0,"26":0,"27":0,"28":0,"29":0,"30":0,"31":0,"32":0,"33":0,"34":0,"35":0,"36":0,"37":0,"38":0,"39":0,"40":0,"41":0,"42":0,"43":0,"44":0,"45":0,"46":0,"47":0,"48":0,"49":0,"50":0,"51":0,"52":0,"53":0,"54":0,"55":0,"56":0,"57":0,"58":0,"59":0,"60":0,"61":0,"62":0,"63":0,"64":0},"branchMap":{"0":{"type":"branch","line":1,"loc":{"start":{"line":1,"column":0},"end":{"line":65,"column":2}},"locations":[{"start":{"line":1,"column":0},"end":{"line":65,"column":2}}]}},"b":{"0":[0]},"fnMap":{"0":{"name":"(empty-report)","decl":{"start":{"line":1,"column":0},"end":{"line":65,"column":2}},"loc":{"start":{"line":1,"column":0},"end":{"line":65,"column":2}},"line":1}},"f":{"0":0}}
}
